ERROR - 2022-08-23 17:34:22 --> mysqli_sql_exception: Cannot add or update a child row: a foreign key constraint fails (`bd_ciudadanos`.`ciudadanos`, CONSTRAINT `ciudadanos_ibfk_1` FOREIGN KEY (`lugar_nacimiento`) REFERENCES `municipios` (`cod_muni`) ON DELETE CASCADE ON UPDATE CASCADE) in C:\xampp\htdocs\ejemplo_codeigniter4\system\Database\MySQLi\Connection.php:292
Stack trace:
#0 C:\xampp\htdocs\ejemplo_codeigniter4\system\Database\MySQLi\Connection.php(292): mysqli->query('INSERT INTO `ci...', 0)
#1 C:\xampp\htdocs\ejemplo_codeigniter4\system\Database\BaseConnection.php(693): CodeIgniter\Database\MySQLi\Connection->execute('INSERT INTO `ci...')
#2 C:\xampp\htdocs\ejemplo_codeigniter4\system\Database\BaseConnection.php(620): CodeIgniter\Database\BaseConnection->simpleQuery('INSERT INTO `ci...')
#3 C:\xampp\htdocs\ejemplo_codeigniter4\system\Database\BaseBuilder.php(1916): CodeIgniter\Database\BaseConnection->query('INSERT INTO `ci...', Array, false)
#4 C:\xampp\htdocs\ejemplo_codeigniter4\system\Model.php(278): CodeIgniter\Database\BaseBuilder->insert()
#5 C:\xampp\htdocs\ejemplo_codeigniter4\system\BaseModel.php(738): CodeIgniter\Model->doInsert(Array)
#6 C:\xampp\htdocs\ejemplo_codeigniter4\system\Model.php(666): CodeIgniter\BaseModel->insert(Array, true)
#7 C:\xampp\htdocs\ejemplo_codeigniter4\app\Controllers\Ciudadanos.php(34): CodeIgniter\Model->insert(Array)
#8 C:\xampp\htdocs\ejemplo_codeigniter4\system\CodeIgniter.php(898): App\Controllers\Ciudadanos->agregarCiudadano()
#9 C:\xampp\htdocs\ejemplo_codeigniter4\system\CodeIgniter.php(457): CodeIgniter\CodeIgniter->runController(Object(App\Controllers\Ciudadanos))
#10 C:\xampp\htdocs\ejemplo_codeigniter4\system\CodeIgniter.php(340): CodeIgniter\CodeIgniter->handleRequest(NULL, Object(Config\Cache), false)
#11 C:\xampp\htdocs\ejemplo_codeigniter4\public\index.php(67): CodeIgniter\CodeIgniter->run()
#12 {main}
ERROR - 2022-08-23 17:37:09 --> mysqli_sql_exception: Cannot add or update a child row: a foreign key constraint fails (`bd_ciudadanos`.`ciudadanos`, CONSTRAINT `ciudadanos_ibfk_1` FOREIGN KEY (`lugar_nacimiento`) REFERENCES `municipios` (`cod_muni`) ON DELETE CASCADE ON UPDATE CASCADE) in C:\xampp\htdocs\ejemplo_codeigniter4\system\Database\MySQLi\Connection.php:292
Stack trace:
#0 C:\xampp\htdocs\ejemplo_codeigniter4\system\Database\MySQLi\Connection.php(292): mysqli->query('INSERT INTO `ci...', 0)
#1 C:\xampp\htdocs\ejemplo_codeigniter4\system\Database\BaseConnection.php(693): CodeIgniter\Database\MySQLi\Connection->execute('INSERT INTO `ci...')
#2 C:\xampp\htdocs\ejemplo_codeigniter4\system\Database\BaseConnection.php(620): CodeIgniter\Database\BaseConnection->simpleQuery('INSERT INTO `ci...')
#3 C:\xampp\htdocs\ejemplo_codeigniter4\system\Database\BaseBuilder.php(1916): CodeIgniter\Database\BaseConnection->query('INSERT INTO `ci...', Array, false)
#4 C:\xampp\htdocs\ejemplo_codeigniter4\system\Model.php(278): CodeIgniter\Database\BaseBuilder->insert()
#5 C:\xampp\htdocs\ejemplo_codeigniter4\system\BaseModel.php(738): CodeIgniter\Model->doInsert(Array)
#6 C:\xampp\htdocs\ejemplo_codeigniter4\system\Model.php(666): CodeIgniter\BaseModel->insert(Array, true)
#7 C:\xampp\htdocs\ejemplo_codeigniter4\app\Controllers\Ciudadanos.php(34): CodeIgniter\Model->insert(Array)
#8 C:\xampp\htdocs\ejemplo_codeigniter4\system\CodeIgniter.php(898): App\Controllers\Ciudadanos->agregarCiudadano()
#9 C:\xampp\htdocs\ejemplo_codeigniter4\system\CodeIgniter.php(457): CodeIgniter\CodeIgniter->runController(Object(App\Controllers\Ciudadanos))
#10 C:\xampp\htdocs\ejemplo_codeigniter4\system\CodeIgniter.php(340): CodeIgniter\CodeIgniter->handleRequest(NULL, Object(Config\Cache), false)
#11 C:\xampp\htdocs\ejemplo_codeigniter4\public\index.php(67): CodeIgniter\CodeIgniter->run()
#12 {main}
ERROR - 2022-08-23 17:39:36 --> mysqli_sql_exception: Cannot add or update a child row: a foreign key constraint fails (`bd_ciudadanos`.`ciudadanos`, CONSTRAINT `ciudadanos_ibfk_1` FOREIGN KEY (`lugar_nacimiento`) REFERENCES `municipios` (`cod_muni`) ON DELETE CASCADE ON UPDATE CASCADE) in C:\xampp\htdocs\ejemplo_codeigniter4\system\Database\MySQLi\Connection.php:292
Stack trace:
#0 C:\xampp\htdocs\ejemplo_codeigniter4\system\Database\MySQLi\Connection.php(292): mysqli->query('INSERT INTO `ci...', 0)
#1 C:\xampp\htdocs\ejemplo_codeigniter4\system\Database\BaseConnection.php(693): CodeIgniter\Database\MySQLi\Connection->execute('INSERT INTO `ci...')
#2 C:\xampp\htdocs\ejemplo_codeigniter4\system\Database\BaseConnection.php(620): CodeIgniter\Database\BaseConnection->simpleQuery('INSERT INTO `ci...')
#3 C:\xampp\htdocs\ejemplo_codeigniter4\system\Database\BaseBuilder.php(1916): CodeIgniter\Database\BaseConnection->query('INSERT INTO `ci...', Array, false)
#4 C:\xampp\htdocs\ejemplo_codeigniter4\system\Model.php(278): CodeIgniter\Database\BaseBuilder->insert()
#5 C:\xampp\htdocs\ejemplo_codeigniter4\system\BaseModel.php(738): CodeIgniter\Model->doInsert(Array)
#6 C:\xampp\htdocs\ejemplo_codeigniter4\system\Model.php(666): CodeIgniter\BaseModel->insert(Array, true)
#7 C:\xampp\htdocs\ejemplo_codeigniter4\app\Controllers\Ciudadanos.php(34): CodeIgniter\Model->insert(Array)
#8 C:\xampp\htdocs\ejemplo_codeigniter4\system\CodeIgniter.php(898): App\Controllers\Ciudadanos->agregarCiudadano()
#9 C:\xampp\htdocs\ejemplo_codeigniter4\system\CodeIgniter.php(457): CodeIgniter\CodeIgniter->runController(Object(App\Controllers\Ciudadanos))
#10 C:\xampp\htdocs\ejemplo_codeigniter4\system\CodeIgniter.php(340): CodeIgniter\CodeIgniter->handleRequest(NULL, Object(Config\Cache), false)
#11 C:\xampp\htdocs\ejemplo_codeigniter4\public\index.php(67): CodeIgniter\CodeIgniter->run()
#12 {main}
ERROR - 2022-08-23 20:32:22 --> mysqli_sql_exception: Cannot add or update a child row: a foreign key constraint fails (`bd_ciudadanos`.`ciudadanos`, CONSTRAINT `ciudadanos_ibfk_1` FOREIGN KEY (`lugar_nacimiento`) REFERENCES `municipios` (`cod_muni`) ON DELETE CASCADE ON UPDATE CASCADE) in C:\xampp\htdocs\ejemplo_codeigniter4\system\Database\MySQLi\Connection.php:292
Stack trace:
#0 C:\xampp\htdocs\ejemplo_codeigniter4\system\Database\MySQLi\Connection.php(292): mysqli->query('INSERT INTO `ci...', 0)
#1 C:\xampp\htdocs\ejemplo_codeigniter4\system\Database\BaseConnection.php(693): CodeIgniter\Database\MySQLi\Connection->execute('INSERT INTO `ci...')
#2 C:\xampp\htdocs\ejemplo_codeigniter4\system\Database\BaseConnection.php(620): CodeIgniter\Database\BaseConnection->simpleQuery('INSERT INTO `ci...')
#3 C:\xampp\htdocs\ejemplo_codeigniter4\system\Database\BaseBuilder.php(1916): CodeIgniter\Database\BaseConnection->query('INSERT INTO `ci...', Array, false)
#4 C:\xampp\htdocs\ejemplo_codeigniter4\system\Model.php(278): CodeIgniter\Database\BaseBuilder->insert()
#5 C:\xampp\htdocs\ejemplo_codeigniter4\system\BaseModel.php(738): CodeIgniter\Model->doInsert(Array)
#6 C:\xampp\htdocs\ejemplo_codeigniter4\system\Model.php(666): CodeIgniter\BaseModel->insert(Array, true)
#7 C:\xampp\htdocs\ejemplo_codeigniter4\app\Controllers\Ciudadanos.php(34): CodeIgniter\Model->insert(Array)
#8 C:\xampp\htdocs\ejemplo_codeigniter4\system\CodeIgniter.php(898): App\Controllers\Ciudadanos->agregarCiudadano()
#9 C:\xampp\htdocs\ejemplo_codeigniter4\system\CodeIgniter.php(457): CodeIgniter\CodeIgniter->runController(Object(App\Controllers\Ciudadanos))
#10 C:\xampp\htdocs\ejemplo_codeigniter4\system\CodeIgniter.php(340): CodeIgniter\CodeIgniter->handleRequest(NULL, Object(Config\Cache), false)
#11 C:\xampp\htdocs\ejemplo_codeigniter4\public\index.php(67): CodeIgniter\CodeIgniter->run()
#12 {main}
ERROR - 2022-08-23 20:32:22 --> mysqli_sql_exception: Cannot add or update a child row: a foreign key constraint fails (`bd_ciudadanos`.`ciudadanos`, CONSTRAINT `ciudadanos_ibfk_1` FOREIGN KEY (`lugar_nacimiento`) REFERENCES `municipios` (`cod_muni`) ON DELETE CASCADE ON UPDATE CASCADE) in C:\xampp\htdocs\ejemplo_codeigniter4\system\Database\MySQLi\Connection.php:292
Stack trace:
#0 C:\xampp\htdocs\ejemplo_codeigniter4\system\Database\MySQLi\Connection.php(292): mysqli->query('INSERT INTO `ci...', 0)
#1 C:\xampp\htdocs\ejemplo_codeigniter4\system\Database\BaseConnection.php(693): CodeIgniter\Database\MySQLi\Connection->execute('INSERT INTO `ci...')
#2 C:\xampp\htdocs\ejemplo_codeigniter4\system\Database\BaseConnection.php(620): CodeIgniter\Database\BaseConnection->simpleQuery('INSERT INTO `ci...')
#3 C:\xampp\htdocs\ejemplo_codeigniter4\system\Database\BaseBuilder.php(1916): CodeIgniter\Database\BaseConnection->query('INSERT INTO `ci...', Array, false)
#4 C:\xampp\htdocs\ejemplo_codeigniter4\system\Model.php(278): CodeIgniter\Database\BaseBuilder->insert()
#5 C:\xampp\htdocs\ejemplo_codeigniter4\system\BaseModel.php(738): CodeIgniter\Model->doInsert(Array)
#6 C:\xampp\htdocs\ejemplo_codeigniter4\system\Model.php(666): CodeIgniter\BaseModel->insert(Array, true)
#7 C:\xampp\htdocs\ejemplo_codeigniter4\app\Controllers\Ciudadanos.php(34): CodeIgniter\Model->insert(Array)
#8 C:\xampp\htdocs\ejemplo_codeigniter4\system\CodeIgniter.php(898): App\Controllers\Ciudadanos->agregarCiudadano()
#9 C:\xampp\htdocs\ejemplo_codeigniter4\system\CodeIgniter.php(457): CodeIgniter\CodeIgniter->runController(Object(App\Controllers\Ciudadanos))
#10 C:\xampp\htdocs\ejemplo_codeigniter4\system\CodeIgniter.php(340): CodeIgniter\CodeIgniter->handleRequest(NULL, Object(Config\Cache), false)
#11 C:\xampp\htdocs\ejemplo_codeigniter4\public\index.php(67): CodeIgniter\CodeIgniter->run()
#12 {main}
ERROR - 2022-08-23 20:39:04 --> mysqli_sql_exception: Cannot add or update a child row: a foreign key constraint fails (`bd_ciudadanos`.`ciudadanos`, CONSTRAINT `ciudadanos_ibfk_1` FOREIGN KEY (`lugar_nacimiento`) REFERENCES `municipios` (`cod_muni`) ON DELETE CASCADE ON UPDATE CASCADE) in C:\xampp\htdocs\ejemplo_codeigniter4\system\Database\MySQLi\Connection.php:292
Stack trace:
#0 C:\xampp\htdocs\ejemplo_codeigniter4\system\Database\MySQLi\Connection.php(292): mysqli->query('INSERT INTO `ci...', 0)
#1 C:\xampp\htdocs\ejemplo_codeigniter4\system\Database\BaseConnection.php(693): CodeIgniter\Database\MySQLi\Connection->execute('INSERT INTO `ci...')
#2 C:\xampp\htdocs\ejemplo_codeigniter4\system\Database\BaseConnection.php(620): CodeIgniter\Database\BaseConnection->simpleQuery('INSERT INTO `ci...')
#3 C:\xampp\htdocs\ejemplo_codeigniter4\system\Database\BaseBuilder.php(1916): CodeIgniter\Database\BaseConnection->query('INSERT INTO `ci...', Array, false)
#4 C:\xampp\htdocs\ejemplo_codeigniter4\system\Model.php(278): CodeIgniter\Database\BaseBuilder->insert()
#5 C:\xampp\htdocs\ejemplo_codeigniter4\system\BaseModel.php(738): CodeIgniter\Model->doInsert(Array)
#6 C:\xampp\htdocs\ejemplo_codeigniter4\system\Model.php(666): CodeIgniter\BaseModel->insert(Array, true)
#7 C:\xampp\htdocs\ejemplo_codeigniter4\app\Controllers\Ciudadanos.php(34): CodeIgniter\Model->insert(Array)
#8 C:\xampp\htdocs\ejemplo_codeigniter4\system\CodeIgniter.php(898): App\Controllers\Ciudadanos->agregarCiudadano()
#9 C:\xampp\htdocs\ejemplo_codeigniter4\system\CodeIgniter.php(457): CodeIgniter\CodeIgniter->runController(Object(App\Controllers\Ciudadanos))
#10 C:\xampp\htdocs\ejemplo_codeigniter4\system\CodeIgniter.php(340): CodeIgniter\CodeIgniter->handleRequest(NULL, Object(Config\Cache), false)
#11 C:\xampp\htdocs\ejemplo_codeigniter4\public\index.php(67): CodeIgniter\CodeIgniter->run()
#12 {main}
ERROR - 2022-08-23 20:46:35 --> mysqli_sql_exception: Duplicate entry '3' for key 'PRIMARY' in C:\xampp\htdocs\ejemplo_codeigniter4\system\Database\MySQLi\Connection.php:292
Stack trace:
#0 C:\xampp\htdocs\ejemplo_codeigniter4\system\Database\MySQLi\Connection.php(292): mysqli->query('INSERT INTO `ci...', 0)
#1 C:\xampp\htdocs\ejemplo_codeigniter4\system\Database\BaseConnection.php(693): CodeIgniter\Database\MySQLi\Connection->execute('INSERT INTO `ci...')
#2 C:\xampp\htdocs\ejemplo_codeigniter4\system\Database\BaseConnection.php(620): CodeIgniter\Database\BaseConnection->simpleQuery('INSERT INTO `ci...')
#3 C:\xampp\htdocs\ejemplo_codeigniter4\system\Database\BaseBuilder.php(1916): CodeIgniter\Database\BaseConnection->query('INSERT INTO `ci...', Array, false)
#4 C:\xampp\htdocs\ejemplo_codeigniter4\system\Model.php(278): CodeIgniter\Database\BaseBuilder->insert()
#5 C:\xampp\htdocs\ejemplo_codeigniter4\system\BaseModel.php(738): CodeIgniter\Model->doInsert(Array)
#6 C:\xampp\htdocs\ejemplo_codeigniter4\system\Model.php(666): CodeIgniter\BaseModel->insert(Array, true)
#7 C:\xampp\htdocs\ejemplo_codeigniter4\app\Controllers\Ciudadanos.php(34): CodeIgniter\Model->insert(Array)
#8 C:\xampp\htdocs\ejemplo_codeigniter4\system\CodeIgniter.php(898): App\Controllers\Ciudadanos->agregarCiudadano()
#9 C:\xampp\htdocs\ejemplo_codeigniter4\system\CodeIgniter.php(457): CodeIgniter\CodeIgniter->runController(Object(App\Controllers\Ciudadanos))
#10 C:\xampp\htdocs\ejemplo_codeigniter4\system\CodeIgniter.php(340): CodeIgniter\CodeIgniter->handleRequest(NULL, Object(Config\Cache), false)
#11 C:\xampp\htdocs\ejemplo_codeigniter4\public\index.php(67): CodeIgniter\CodeIgniter->run()
#12 {main}
ERROR - 2022-08-23 21:44:18 --> mysqli_sql_exception: Duplicate entry '3' for key 'PRIMARY' in C:\xampp\htdocs\ejemplo_codeigniter4\system\Database\MySQLi\Connection.php:292
Stack trace:
#0 C:\xampp\htdocs\ejemplo_codeigniter4\system\Database\MySQLi\Connection.php(292): mysqli->query('INSERT INTO `ci...', 0)
#1 C:\xampp\htdocs\ejemplo_codeigniter4\system\Database\BaseConnection.php(693): CodeIgniter\Database\MySQLi\Connection->execute('INSERT INTO `ci...')
#2 C:\xampp\htdocs\ejemplo_codeigniter4\system\Database\BaseConnection.php(620): CodeIgniter\Database\BaseConnection->simpleQuery('INSERT INTO `ci...')
#3 C:\xampp\htdocs\ejemplo_codeigniter4\system\Database\BaseBuilder.php(1916): CodeIgniter\Database\BaseConnection->query('INSERT INTO `ci...', Array, false)
#4 C:\xampp\htdocs\ejemplo_codeigniter4\system\Model.php(278): CodeIgniter\Database\BaseBuilder->insert()
#5 C:\xampp\htdocs\ejemplo_codeigniter4\system\BaseModel.php(738): CodeIgniter\Model->doInsert(Array)
#6 C:\xampp\htdocs\ejemplo_codeigniter4\system\Model.php(666): CodeIgniter\BaseModel->insert(Array, true)
#7 C:\xampp\htdocs\ejemplo_codeigniter4\app\Controllers\Ciudadanos.php(45): CodeIgniter\Model->insert(Array)
#8 C:\xampp\htdocs\ejemplo_codeigniter4\system\CodeIgniter.php(898): App\Controllers\Ciudadanos->agregarCiudadano()
#9 C:\xampp\htdocs\ejemplo_codeigniter4\system\CodeIgniter.php(457): CodeIgniter\CodeIgniter->runController(Object(App\Controllers\Ciudadanos))
#10 C:\xampp\htdocs\ejemplo_codeigniter4\system\CodeIgniter.php(340): CodeIgniter\CodeIgniter->handleRequest(NULL, Object(Config\Cache), false)
#11 C:\xampp\htdocs\ejemplo_codeigniter4\public\index.php(67): CodeIgniter\CodeIgniter->run()
#12 {main}
ERROR - 2022-08-23 21:44:57 --> mysqli_sql_exception: Cannot add or update a child row: a foreign key constraint fails (`bd_ciudadanos`.`ciudadanos`, CONSTRAINT `ciudadanos_ibfk_1` FOREIGN KEY (`lugar_nacimiento`) REFERENCES `municipios` (`cod_muni`) ON DELETE CASCADE ON UPDATE CASCADE) in C:\xampp\htdocs\ejemplo_codeigniter4\system\Database\MySQLi\Connection.php:292
Stack trace:
#0 C:\xampp\htdocs\ejemplo_codeigniter4\system\Database\MySQLi\Connection.php(292): mysqli->query('INSERT INTO `ci...', 0)
#1 C:\xampp\htdocs\ejemplo_codeigniter4\system\Database\BaseConnection.php(693): CodeIgniter\Database\MySQLi\Connection->execute('INSERT INTO `ci...')
#2 C:\xampp\htdocs\ejemplo_codeigniter4\system\Database\BaseConnection.php(620): CodeIgniter\Database\BaseConnection->simpleQuery('INSERT INTO `ci...')
#3 C:\xampp\htdocs\ejemplo_codeigniter4\system\Database\BaseBuilder.php(1916): CodeIgniter\Database\BaseConnection->query('INSERT INTO `ci...', Array, false)
#4 C:\xampp\htdocs\ejemplo_codeigniter4\system\Model.php(278): CodeIgniter\Database\BaseBuilder->insert()
#5 C:\xampp\htdocs\ejemplo_codeigniter4\system\BaseModel.php(738): CodeIgniter\Model->doInsert(Array)
#6 C:\xampp\htdocs\ejemplo_codeigniter4\system\Model.php(666): CodeIgniter\BaseModel->insert(Array, true)
#7 C:\xampp\htdocs\ejemplo_codeigniter4\app\Controllers\Ciudadanos.php(45): CodeIgniter\Model->insert(Array)
#8 C:\xampp\htdocs\ejemplo_codeigniter4\system\CodeIgniter.php(898): App\Controllers\Ciudadanos->agregarCiudadano()
#9 C:\xampp\htdocs\ejemplo_codeigniter4\system\CodeIgniter.php(457): CodeIgniter\CodeIgniter->runController(Object(App\Controllers\Ciudadanos))
#10 C:\xampp\htdocs\ejemplo_codeigniter4\system\CodeIgniter.php(340): CodeIgniter\CodeIgniter->handleRequest(NULL, Object(Config\Cache), false)
#11 C:\xampp\htdocs\ejemplo_codeigniter4\public\index.php(67): CodeIgniter\CodeIgniter->run()
#12 {main}
ERROR - 2022-08-23 21:48:19 --> mysqli_sql_exception: Cannot add or update a child row: a foreign key constraint fails (`bd_ciudadanos`.`ciudadanos`, CONSTRAINT `ciudadanos_ibfk_1` FOREIGN KEY (`lugar_nacimiento`) REFERENCES `municipios` (`cod_muni`) ON DELETE CASCADE ON UPDATE CASCADE) in C:\xampp\htdocs\ejemplo_codeigniter4\system\Database\MySQLi\Connection.php:292
Stack trace:
#0 C:\xampp\htdocs\ejemplo_codeigniter4\system\Database\MySQLi\Connection.php(292): mysqli->query('INSERT INTO `ci...', 0)
#1 C:\xampp\htdocs\ejemplo_codeigniter4\system\Database\BaseConnection.php(693): CodeIgniter\Database\MySQLi\Connection->execute('INSERT INTO `ci...')
#2 C:\xampp\htdocs\ejemplo_codeigniter4\system\Database\BaseConnection.php(620): CodeIgniter\Database\BaseConnection->simpleQuery('INSERT INTO `ci...')
#3 C:\xampp\htdocs\ejemplo_codeigniter4\system\Database\BaseBuilder.php(1916): CodeIgniter\Database\BaseConnection->query('INSERT INTO `ci...', Array, false)
#4 C:\xampp\htdocs\ejemplo_codeigniter4\system\Model.php(278): CodeIgniter\Database\BaseBuilder->insert()
#5 C:\xampp\htdocs\ejemplo_codeigniter4\system\BaseModel.php(738): CodeIgniter\Model->doInsert(Array)
#6 C:\xampp\htdocs\ejemplo_codeigniter4\system\Model.php(666): CodeIgniter\BaseModel->insert(Array, true)
#7 C:\xampp\htdocs\ejemplo_codeigniter4\app\Controllers\Ciudadanos.php(45): CodeIgniter\Model->insert(Array)
#8 C:\xampp\htdocs\ejemplo_codeigniter4\system\CodeIgniter.php(898): App\Controllers\Ciudadanos->agregarCiudadano()
#9 C:\xampp\htdocs\ejemplo_codeigniter4\system\CodeIgniter.php(457): CodeIgniter\CodeIgniter->runController(Object(App\Controllers\Ciudadanos))
#10 C:\xampp\htdocs\ejemplo_codeigniter4\system\CodeIgniter.php(340): CodeIgniter\CodeIgniter->handleRequest(NULL, Object(Config\Cache), false)
#11 C:\xampp\htdocs\ejemplo_codeigniter4\public\index.php(67): CodeIgniter\CodeIgniter->run()
#12 {main}
ERROR - 2022-08-23 21:48:58 --> mysqli_sql_exception: Cannot add or update a child row: a foreign key constraint fails (`bd_ciudadanos`.`ciudadanos`, CONSTRAINT `ciudadanos_ibfk_1` FOREIGN KEY (`lugar_nacimiento`) REFERENCES `municipios` (`cod_muni`) ON DELETE CASCADE ON UPDATE CASCADE) in C:\xampp\htdocs\ejemplo_codeigniter4\system\Database\MySQLi\Connection.php:292
Stack trace:
#0 C:\xampp\htdocs\ejemplo_codeigniter4\system\Database\MySQLi\Connection.php(292): mysqli->query('INSERT INTO `ci...', 0)
#1 C:\xampp\htdocs\ejemplo_codeigniter4\system\Database\BaseConnection.php(693): CodeIgniter\Database\MySQLi\Connection->execute('INSERT INTO `ci...')
#2 C:\xampp\htdocs\ejemplo_codeigniter4\system\Database\BaseConnection.php(620): CodeIgniter\Database\BaseConnection->simpleQuery('INSERT INTO `ci...')
#3 C:\xampp\htdocs\ejemplo_codeigniter4\system\Database\BaseBuilder.php(1916): CodeIgniter\Database\BaseConnection->query('INSERT INTO `ci...', Array, false)
#4 C:\xampp\htdocs\ejemplo_codeigniter4\system\Model.php(278): CodeIgniter\Database\BaseBuilder->insert()
#5 C:\xampp\htdocs\ejemplo_codeigniter4\system\BaseModel.php(738): CodeIgniter\Model->doInsert(Array)
#6 C:\xampp\htdocs\ejemplo_codeigniter4\system\Model.php(666): CodeIgniter\BaseModel->insert(Array, true)
#7 C:\xampp\htdocs\ejemplo_codeigniter4\app\Controllers\Ciudadanos.php(45): CodeIgniter\Model->insert(Array)
#8 C:\xampp\htdocs\ejemplo_codeigniter4\system\CodeIgniter.php(898): App\Controllers\Ciudadanos->agregarCiudadano()
#9 C:\xampp\htdocs\ejemplo_codeigniter4\system\CodeIgniter.php(457): CodeIgniter\CodeIgniter->runController(Object(App\Controllers\Ciudadanos))
#10 C:\xampp\htdocs\ejemplo_codeigniter4\system\CodeIgniter.php(340): CodeIgniter\CodeIgniter->handleRequest(NULL, Object(Config\Cache), false)
#11 C:\xampp\htdocs\ejemplo_codeigniter4\public\index.php(67): CodeIgniter\CodeIgniter->run()
#12 {main}
ERROR - 2022-08-23 21:52:05 --> mysqli_sql_exception: Duplicate entry '4' for key 'PRIMARY' in C:\xampp\htdocs\ejemplo_codeigniter4\system\Database\MySQLi\Connection.php:292
Stack trace:
#0 C:\xampp\htdocs\ejemplo_codeigniter4\system\Database\MySQLi\Connection.php(292): mysqli->query('INSERT INTO `ci...', 0)
#1 C:\xampp\htdocs\ejemplo_codeigniter4\system\Database\BaseConnection.php(693): CodeIgniter\Database\MySQLi\Connection->execute('INSERT INTO `ci...')
#2 C:\xampp\htdocs\ejemplo_codeigniter4\system\Database\BaseConnection.php(620): CodeIgniter\Database\BaseConnection->simpleQuery('INSERT INTO `ci...')
#3 C:\xampp\htdocs\ejemplo_codeigniter4\system\Database\BaseBuilder.php(1916): CodeIgniter\Database\BaseConnection->query('INSERT INTO `ci...', Array, false)
#4 C:\xampp\htdocs\ejemplo_codeigniter4\system\Model.php(278): CodeIgniter\Database\BaseBuilder->insert()
#5 C:\xampp\htdocs\ejemplo_codeigniter4\system\BaseModel.php(738): CodeIgniter\Model->doInsert(Array)
#6 C:\xampp\htdocs\ejemplo_codeigniter4\system\Model.php(666): CodeIgniter\BaseModel->insert(Array, true)
#7 C:\xampp\htdocs\ejemplo_codeigniter4\app\Controllers\Ciudadanos.php(45): CodeIgniter\Model->insert(Array)
#8 C:\xampp\htdocs\ejemplo_codeigniter4\system\CodeIgniter.php(898): App\Controllers\Ciudadanos->agregarCiudadano()
#9 C:\xampp\htdocs\ejemplo_codeigniter4\system\CodeIgniter.php(457): CodeIgniter\CodeIgniter->runController(Object(App\Controllers\Ciudadanos))
#10 C:\xampp\htdocs\ejemplo_codeigniter4\system\CodeIgniter.php(340): CodeIgniter\CodeIgniter->handleRequest(NULL, Object(Config\Cache), false)
#11 C:\xampp\htdocs\ejemplo_codeigniter4\public\index.php(67): CodeIgniter\CodeIgniter->run()
#12 {main}
