CRITICAL - 2022-10-28 22:23:37 --> Undefined property: stdClass::$tipo_usuario
in APPPATH\Controllers\Gerentes.php on line 32.
 1 APPPATH\Controllers\Gerentes.php(32): CodeIgniter\Debug\Exceptions->errorHandler(2, 'Undefined property: stdClass::$tipo_usuario', 'APPPATH\\Controllers\\Gerentes.php', 32)
 2 SYSTEMPATH\CodeIgniter.php(898): App\Controllers\Gerentes->iniciarSesion()
 3 SYSTEMPATH\CodeIgniter.php(457): CodeIgniter\CodeIgniter->runController(Object(App\Controllers\Gerentes))
 4 SYSTEMPATH\CodeIgniter.php(340): CodeIgniter\CodeIgniter->handleRequest(null, Object(Config\Cache), false)
 5 FCPATH\index.php(67): CodeIgniter\CodeIgniter->run()
CRITICAL - 2022-10-28 22:25:19 --> Undefined property: stdClass::$tipo_usuario
in APPPATH\Controllers\Gerentes.php on line 32.
 1 APPPATH\Controllers\Gerentes.php(32): CodeIgniter\Debug\Exceptions->errorHandler(2, 'Undefined property: stdClass::$tipo_usuario', 'APPPATH\\Controllers\\Gerentes.php', 32)
 2 SYSTEMPATH\CodeIgniter.php(898): App\Controllers\Gerentes->iniciarSesion()
 3 SYSTEMPATH\CodeIgniter.php(457): CodeIgniter\CodeIgniter->runController(Object(App\Controllers\Gerentes))
 4 SYSTEMPATH\CodeIgniter.php(340): CodeIgniter\CodeIgniter->handleRequest(null, Object(Config\Cache), false)
 5 FCPATH\index.php(67): CodeIgniter\CodeIgniter->run()
ERROR - 2022-10-28 22:38:03 --> mysqli_sql_exception: Unknown column 'contra' in 'where clause' in C:\xampp\htdocs\ProyectoFinal\system\Database\MySQLi\Connection.php:292
Stack trace:
#0 C:\xampp\htdocs\ProyectoFinal\system\Database\MySQLi\Connection.php(292): mysqli->query('select * from g...', 0)
#1 C:\xampp\htdocs\ProyectoFinal\system\Database\BaseConnection.php(693): CodeIgniter\Database\MySQLi\Connection->execute('select * from g...')
#2 C:\xampp\htdocs\ProyectoFinal\system\Database\BaseConnection.php(620): CodeIgniter\Database\BaseConnection->simpleQuery('select * from g...')
#3 C:\xampp\htdocs\ProyectoFinal\app\Controllers\Gerentes.php(22): CodeIgniter\Database\BaseConnection->query('select * from g...')
#4 C:\xampp\htdocs\ProyectoFinal\system\CodeIgniter.php(898): App\Controllers\Gerentes->iniciarSesion()
#5 C:\xampp\htdocs\ProyectoFinal\system\CodeIgniter.php(457): CodeIgniter\CodeIgniter->runController(Object(App\Controllers\Gerentes))
#6 C:\xampp\htdocs\ProyectoFinal\system\CodeIgniter.php(340): CodeIgniter\CodeIgniter->handleRequest(NULL, Object(Config\Cache), false)
#7 C:\xampp\htdocs\ProyectoFinal\public\index.php(67): CodeIgniter\CodeIgniter->run()
#8 {main}
CRITICAL - 2022-10-28 22:38:03 --> Call to a member function getNumRows() on bool
in APPPATH\Controllers\Gerentes.php on line 25.
 1 SYSTEMPATH\CodeIgniter.php(898): App\Controllers\Gerentes->iniciarSesion()
 2 SYSTEMPATH\CodeIgniter.php(457): CodeIgniter\CodeIgniter->runController(Object(App\Controllers\Gerentes))
 3 SYSTEMPATH\CodeIgniter.php(340): CodeIgniter\CodeIgniter->handleRequest(null, Object(Config\Cache), false)
 4 FCPATH\index.php(67): CodeIgniter\CodeIgniter->run()
CRITICAL - 2022-10-28 22:42:20 --> Undefined property: stdClass::$tipo_usuario
in APPPATH\Controllers\Gerentes.php on line 32.
 1 APPPATH\Controllers\Gerentes.php(32): CodeIgniter\Debug\Exceptions->errorHandler(2, 'Undefined property: stdClass::$tipo_usuario', 'APPPATH\\Controllers\\Gerentes.php', 32)
 2 SYSTEMPATH\CodeIgniter.php(898): App\Controllers\Gerentes->iniciarSesion()
 3 SYSTEMPATH\CodeIgniter.php(457): CodeIgniter\CodeIgniter->runController(Object(App\Controllers\Gerentes))
 4 SYSTEMPATH\CodeIgniter.php(340): CodeIgniter\CodeIgniter->handleRequest(null, Object(Config\Cache), false)
 5 FCPATH\index.php(67): CodeIgniter\CodeIgniter->run()
