CRITICAL - 2022-10-18 18:08:13 --> Invalid file: frm_sesi贸n_empeleado.php
in SYSTEMPATH\Exceptions\FrameworkException.php on line 33.
 1 SYSTEMPATH\View\View.php(201): CodeIgniter\Exceptions\FrameworkException::forInvalidFile('frm_sesi贸n_empeleado.php')
 2 SYSTEMPATH\Common.php(1137): CodeIgniter\View\View->render('frm_sesi贸n_empeleado', [], true)
 3 APPPATH\Controllers\Home.php(9): view('frm_sesi贸n_empeleado')
 4 SYSTEMPATH\CodeIgniter.php(898): App\Controllers\Home->index()
 5 SYSTEMPATH\CodeIgniter.php(457): CodeIgniter\CodeIgniter->runController(Object(App\Controllers\Home))
 6 SYSTEMPATH\CodeIgniter.php(340): CodeIgniter\CodeIgniter->handleRequest(null, Object(Config\Cache), false)
 7 FCPATH\index.php(67): CodeIgniter\CodeIgniter->run()
CRITICAL - 2022-10-18 18:08:35 --> Invalid file: frm_sesion_empeleado.php
in SYSTEMPATH\Exceptions\FrameworkException.php on line 33.
 1 SYSTEMPATH\View\View.php(201): CodeIgniter\Exceptions\FrameworkException::forInvalidFile('frm_sesion_empeleado.php')
 2 SYSTEMPATH\Common.php(1137): CodeIgniter\View\View->render('frm_sesion_empeleado', [], true)
 3 APPPATH\Controllers\Home.php(9): view('frm_sesion_empeleado')
 4 SYSTEMPATH\CodeIgniter.php(898): App\Controllers\Home->index()
 5 SYSTEMPATH\CodeIgniter.php(457): CodeIgniter\CodeIgniter->runController(Object(App\Controllers\Home))
 6 SYSTEMPATH\CodeIgniter.php(340): CodeIgniter\CodeIgniter->handleRequest(null, Object(Config\Cache), false)
 7 FCPATH\index.php(67): CodeIgniter\CodeIgniter->run()
CRITICAL - 2022-10-18 18:09:28 --> Invalid file: frm_sesion_empeleado.php
in SYSTEMPATH\Exceptions\FrameworkException.php on line 33.
 1 SYSTEMPATH\View\View.php(201): CodeIgniter\Exceptions\FrameworkException::forInvalidFile('frm_sesion_empeleado.php')
 2 SYSTEMPATH\Common.php(1137): CodeIgniter\View\View->render('frm_sesion_empeleado', [], true)
 3 APPPATH\Controllers\Home.php(9): view('frm_sesion_empeleado')
 4 SYSTEMPATH\CodeIgniter.php(898): App\Controllers\Home->index()
 5 SYSTEMPATH\CodeIgniter.php(457): CodeIgniter\CodeIgniter->runController(Object(App\Controllers\Home))
 6 SYSTEMPATH\CodeIgniter.php(340): CodeIgniter\CodeIgniter->handleRequest(null, Object(Config\Cache), false)
 7 FCPATH\index.php(67): CodeIgniter\CodeIgniter->run()
ERROR - 2022-10-18 18:21:59 --> mysqli_sql_exception: Unknown column 'usuario' in 'where clause' in C:\xampp\htdocs\ProyectoFinal\system\Database\MySQLi\Connection.php:292
Stack trace:
#0 C:\xampp\htdocs\ProyectoFinal\system\Database\MySQLi\Connection.php(292): mysqli->query('select * from g...', 0)
#1 C:\xampp\htdocs\ProyectoFinal\system\Database\BaseConnection.php(693): CodeIgniter\Database\MySQLi\Connection->execute('select * from g...')
#2 C:\xampp\htdocs\ProyectoFinal\system\Database\BaseConnection.php(620): CodeIgniter\Database\BaseConnection->simpleQuery('select * from g...')
#3 C:\xampp\htdocs\ProyectoFinal\app\Controllers\Empleados.php(22): CodeIgniter\Database\BaseConnection->query('select * from g...')
#4 C:\xampp\htdocs\ProyectoFinal\system\CodeIgniter.php(898): App\Controllers\Empleados->iniciarSesionEmp()
#5 C:\xampp\htdocs\ProyectoFinal\system\CodeIgniter.php(457): CodeIgniter\CodeIgniter->runController(Object(App\Controllers\Empleados))
#6 C:\xampp\htdocs\ProyectoFinal\system\CodeIgniter.php(340): CodeIgniter\CodeIgniter->handleRequest(NULL, Object(Config\Cache), false)
#7 C:\xampp\htdocs\ProyectoFinal\public\index.php(67): CodeIgniter\CodeIgniter->run()
#8 {main}
CRITICAL - 2022-10-18 18:21:59 --> Call to a member function getNumRows() on bool
in APPPATH\Controllers\Empleados.php on line 25.
 1 SYSTEMPATH\CodeIgniter.php(898): App\Controllers\Empleados->iniciarSesionEmp()
 2 SYSTEMPATH\CodeIgniter.php(457): CodeIgniter\CodeIgniter->runController(Object(App\Controllers\Empleados))
 3 SYSTEMPATH\CodeIgniter.php(340): CodeIgniter\CodeIgniter->handleRequest(null, Object(Config\Cache), false)
 4 FCPATH\index.php(67): CodeIgniter\CodeIgniter->run()
ERROR - 2022-10-18 18:28:02 --> mysqli_sql_exception: Unknown column 'usuario' in 'where clause' in C:\xampp\htdocs\ProyectoFinal\system\Database\MySQLi\Connection.php:292
Stack trace:
#0 C:\xampp\htdocs\ProyectoFinal\system\Database\MySQLi\Connection.php(292): mysqli->query('select * from g...', 0)
#1 C:\xampp\htdocs\ProyectoFinal\system\Database\BaseConnection.php(693): CodeIgniter\Database\MySQLi\Connection->execute('select * from g...')
#2 C:\xampp\htdocs\ProyectoFinal\system\Database\BaseConnection.php(620): CodeIgniter\Database\BaseConnection->simpleQuery('select * from g...')
#3 C:\xampp\htdocs\ProyectoFinal\app\Controllers\Empleados.php(22): CodeIgniter\Database\BaseConnection->query('select * from g...')
#4 C:\xampp\htdocs\ProyectoFinal\system\CodeIgniter.php(898): App\Controllers\Empleados->iniciarSesionEmp()
#5 C:\xampp\htdocs\ProyectoFinal\system\CodeIgniter.php(457): CodeIgniter\CodeIgniter->runController(Object(App\Controllers\Empleados))
#6 C:\xampp\htdocs\ProyectoFinal\system\CodeIgniter.php(340): CodeIgniter\CodeIgniter->handleRequest(NULL, Object(Config\Cache), false)
#7 C:\xampp\htdocs\ProyectoFinal\public\index.php(67): CodeIgniter\CodeIgniter->run()
#8 {main}
CRITICAL - 2022-10-18 18:28:02 --> Call to a member function getNumRows() on bool
in APPPATH\Controllers\Empleados.php on line 25.
 1 SYSTEMPATH\CodeIgniter.php(898): App\Controllers\Empleados->iniciarSesionEmp()
 2 SYSTEMPATH\CodeIgniter.php(457): CodeIgniter\CodeIgniter->runController(Object(App\Controllers\Empleados))
 3 SYSTEMPATH\CodeIgniter.php(340): CodeIgniter\CodeIgniter->handleRequest(null, Object(Config\Cache), false)
 4 FCPATH\index.php(67): CodeIgniter\CodeIgniter->run()
ERROR - 2022-10-18 18:28:10 --> mysqli_sql_exception: Unknown column 'usuario' in 'where clause' in C:\xampp\htdocs\ProyectoFinal\system\Database\MySQLi\Connection.php:292
Stack trace:
#0 C:\xampp\htdocs\ProyectoFinal\system\Database\MySQLi\Connection.php(292): mysqli->query('select * from g...', 0)
#1 C:\xampp\htdocs\ProyectoFinal\system\Database\BaseConnection.php(693): CodeIgniter\Database\MySQLi\Connection->execute('select * from g...')
#2 C:\xampp\htdocs\ProyectoFinal\system\Database\BaseConnection.php(620): CodeIgniter\Database\BaseConnection->simpleQuery('select * from g...')
#3 C:\xampp\htdocs\ProyectoFinal\app\Controllers\Empleados.php(22): CodeIgniter\Database\BaseConnection->query('select * from g...')
#4 C:\xampp\htdocs\ProyectoFinal\system\CodeIgniter.php(898): App\Controllers\Empleados->iniciarSesionEmp()
#5 C:\xampp\htdocs\ProyectoFinal\system\CodeIgniter.php(457): CodeIgniter\CodeIgniter->runController(Object(App\Controllers\Empleados))
#6 C:\xampp\htdocs\ProyectoFinal\system\CodeIgniter.php(340): CodeIgniter\CodeIgniter->handleRequest(NULL, Object(Config\Cache), false)
#7 C:\xampp\htdocs\ProyectoFinal\public\index.php(67): CodeIgniter\CodeIgniter->run()
#8 {main}
CRITICAL - 2022-10-18 18:28:10 --> Call to a member function getNumRows() on bool
in APPPATH\Controllers\Empleados.php on line 25.
 1 SYSTEMPATH\CodeIgniter.php(898): App\Controllers\Empleados->iniciarSesionEmp()
 2 SYSTEMPATH\CodeIgniter.php(457): CodeIgniter\CodeIgniter->runController(Object(App\Controllers\Empleados))
 3 SYSTEMPATH\CodeIgniter.php(340): CodeIgniter\CodeIgniter->handleRequest(null, Object(Config\Cache), false)
 4 FCPATH\index.php(67): CodeIgniter\CodeIgniter->run()
ERROR - 2022-10-18 18:47:26 --> mysqli_sql_exception: Unknown column 'usuario' in 'where clause' in C:\xampp\htdocs\ProyectoFinal\system\Database\MySQLi\Connection.php:292
Stack trace:
#0 C:\xampp\htdocs\ProyectoFinal\system\Database\MySQLi\Connection.php(292): mysqli->query('select * from g...', 0)
#1 C:\xampp\htdocs\ProyectoFinal\system\Database\BaseConnection.php(693): CodeIgniter\Database\MySQLi\Connection->execute('select * from g...')
#2 C:\xampp\htdocs\ProyectoFinal\system\Database\BaseConnection.php(620): CodeIgniter\Database\BaseConnection->simpleQuery('select * from g...')
#3 C:\xampp\htdocs\ProyectoFinal\app\Controllers\Gerentes.php(22): CodeIgniter\Database\BaseConnection->query('select * from g...')
#4 C:\xampp\htdocs\ProyectoFinal\system\CodeIgniter.php(898): App\Controllers\Gerentes->iniciarSesion()
#5 C:\xampp\htdocs\ProyectoFinal\system\CodeIgniter.php(457): CodeIgniter\CodeIgniter->runController(Object(App\Controllers\Gerentes))
#6 C:\xampp\htdocs\ProyectoFinal\system\CodeIgniter.php(340): CodeIgniter\CodeIgniter->handleRequest(NULL, Object(Config\Cache), false)
#7 C:\xampp\htdocs\ProyectoFinal\public\index.php(67): CodeIgniter\CodeIgniter->run()
#8 {main}
CRITICAL - 2022-10-18 18:47:26 --> Call to a member function getNumRows() on bool
in APPPATH\Controllers\Gerentes.php on line 25.
 1 SYSTEMPATH\CodeIgniter.php(898): App\Controllers\Gerentes->iniciarSesion()
 2 SYSTEMPATH\CodeIgniter.php(457): CodeIgniter\CodeIgniter->runController(Object(App\Controllers\Gerentes))
 3 SYSTEMPATH\CodeIgniter.php(340): CodeIgniter\CodeIgniter->handleRequest(null, Object(Config\Cache), false)
 4 FCPATH\index.php(67): CodeIgniter\CodeIgniter->run()
ERROR - 2022-10-18 18:48:14 --> mysqli_sql_exception: Unknown column 'usuario' in 'where clause' in C:\xampp\htdocs\ProyectoFinal\system\Database\MySQLi\Connection.php:292
Stack trace:
#0 C:\xampp\htdocs\ProyectoFinal\system\Database\MySQLi\Connection.php(292): mysqli->query('select * from g...', 0)
#1 C:\xampp\htdocs\ProyectoFinal\system\Database\BaseConnection.php(693): CodeIgniter\Database\MySQLi\Connection->execute('select * from g...')
#2 C:\xampp\htdocs\ProyectoFinal\system\Database\BaseConnection.php(620): CodeIgniter\Database\BaseConnection->simpleQuery('select * from g...')
#3 C:\xampp\htdocs\ProyectoFinal\app\Controllers\Gerentes.php(22): CodeIgniter\Database\BaseConnection->query('select * from g...')
#4 C:\xampp\htdocs\ProyectoFinal\system\CodeIgniter.php(898): App\Controllers\Gerentes->iniciarSesion()
#5 C:\xampp\htdocs\ProyectoFinal\system\CodeIgniter.php(457): CodeIgniter\CodeIgniter->runController(Object(App\Controllers\Gerentes))
#6 C:\xampp\htdocs\ProyectoFinal\system\CodeIgniter.php(340): CodeIgniter\CodeIgniter->handleRequest(NULL, Object(Config\Cache), false)
#7 C:\xampp\htdocs\ProyectoFinal\public\index.php(67): CodeIgniter\CodeIgniter->run()
#8 {main}
CRITICAL - 2022-10-18 18:48:14 --> Call to a member function getNumRows() on bool
in APPPATH\Controllers\Gerentes.php on line 25.
 1 SYSTEMPATH\CodeIgniter.php(898): App\Controllers\Gerentes->iniciarSesion()
 2 SYSTEMPATH\CodeIgniter.php(457): CodeIgniter\CodeIgniter->runController(Object(App\Controllers\Gerentes))
 3 SYSTEMPATH\CodeIgniter.php(340): CodeIgniter\CodeIgniter->handleRequest(null, Object(Config\Cache), false)
 4 FCPATH\index.php(67): CodeIgniter\CodeIgniter->run()
ERROR - 2022-10-18 19:01:24 --> mysqli_sql_exception: Unknown column 'usuario' in 'where clause' in C:\xampp\htdocs\ProyectoFinal\system\Database\MySQLi\Connection.php:292
Stack trace:
#0 C:\xampp\htdocs\ProyectoFinal\system\Database\MySQLi\Connection.php(292): mysqli->query('select * from g...', 0)
#1 C:\xampp\htdocs\ProyectoFinal\system\Database\BaseConnection.php(693): CodeIgniter\Database\MySQLi\Connection->execute('select * from g...')
#2 C:\xampp\htdocs\ProyectoFinal\system\Database\BaseConnection.php(620): CodeIgniter\Database\BaseConnection->simpleQuery('select * from g...')
#3 C:\xampp\htdocs\ProyectoFinal\app\Controllers\Gerentes.php(22): CodeIgniter\Database\BaseConnection->query('select * from g...')
#4 C:\xampp\htdocs\ProyectoFinal\system\CodeIgniter.php(898): App\Controllers\Gerentes->iniciarSesion()
#5 C:\xampp\htdocs\ProyectoFinal\system\CodeIgniter.php(457): CodeIgniter\CodeIgniter->runController(Object(App\Controllers\Gerentes))
#6 C:\xampp\htdocs\ProyectoFinal\system\CodeIgniter.php(340): CodeIgniter\CodeIgniter->handleRequest(NULL, Object(Config\Cache), false)
#7 C:\xampp\htdocs\ProyectoFinal\public\index.php(67): CodeIgniter\CodeIgniter->run()
#8 {main}
CRITICAL - 2022-10-18 19:01:24 --> Call to a member function getNumRows() on bool
in APPPATH\Controllers\Gerentes.php on line 25.
 1 SYSTEMPATH\CodeIgniter.php(898): App\Controllers\Gerentes->iniciarSesion()
 2 SYSTEMPATH\CodeIgniter.php(457): CodeIgniter\CodeIgniter->runController(Object(App\Controllers\Gerentes))
 3 SYSTEMPATH\CodeIgniter.php(340): CodeIgniter\CodeIgniter->handleRequest(null, Object(Config\Cache), false)
 4 FCPATH\index.php(67): CodeIgniter\CodeIgniter->run()
ERROR - 2022-10-18 19:01:39 --> mysqli_sql_exception: Unknown column 'usuario' in 'where clause' in C:\xampp\htdocs\ProyectoFinal\system\Database\MySQLi\Connection.php:292
Stack trace:
#0 C:\xampp\htdocs\ProyectoFinal\system\Database\MySQLi\Connection.php(292): mysqli->query('select * from g...', 0)
#1 C:\xampp\htdocs\ProyectoFinal\system\Database\BaseConnection.php(693): CodeIgniter\Database\MySQLi\Connection->execute('select * from g...')
#2 C:\xampp\htdocs\ProyectoFinal\system\Database\BaseConnection.php(620): CodeIgniter\Database\BaseConnection->simpleQuery('select * from g...')
#3 C:\xampp\htdocs\ProyectoFinal\app\Controllers\Gerentes.php(22): CodeIgniter\Database\BaseConnection->query('select * from g...')
#4 C:\xampp\htdocs\ProyectoFinal\system\CodeIgniter.php(898): App\Controllers\Gerentes->iniciarSesion()
#5 C:\xampp\htdocs\ProyectoFinal\system\CodeIgniter.php(457): CodeIgniter\CodeIgniter->runController(Object(App\Controllers\Gerentes))
#6 C:\xampp\htdocs\ProyectoFinal\system\CodeIgniter.php(340): CodeIgniter\CodeIgniter->handleRequest(NULL, Object(Config\Cache), false)
#7 C:\xampp\htdocs\ProyectoFinal\public\index.php(67): CodeIgniter\CodeIgniter->run()
#8 {main}
CRITICAL - 2022-10-18 19:01:39 --> Call to a member function getNumRows() on bool
in APPPATH\Controllers\Gerentes.php on line 25.
 1 SYSTEMPATH\CodeIgniter.php(898): App\Controllers\Gerentes->iniciarSesion()
 2 SYSTEMPATH\CodeIgniter.php(457): CodeIgniter\CodeIgniter->runController(Object(App\Controllers\Gerentes))
 3 SYSTEMPATH\CodeIgniter.php(340): CodeIgniter\CodeIgniter->handleRequest(null, Object(Config\Cache), false)
 4 FCPATH\index.php(67): CodeIgniter\CodeIgniter->run()
ERROR - 2022-10-18 19:22:20 --> mysqli_sql_exception: Unknown column 'usuario' in 'where clause' in C:\xampp\htdocs\ProyectoFinal\system\Database\MySQLi\Connection.php:292
Stack trace:
#0 C:\xampp\htdocs\ProyectoFinal\system\Database\MySQLi\Connection.php(292): mysqli->query('select * from g...', 0)
#1 C:\xampp\htdocs\ProyectoFinal\system\Database\BaseConnection.php(693): CodeIgniter\Database\MySQLi\Connection->execute('select * from g...')
#2 C:\xampp\htdocs\ProyectoFinal\system\Database\BaseConnection.php(620): CodeIgniter\Database\BaseConnection->simpleQuery('select * from g...')
#3 C:\xampp\htdocs\ProyectoFinal\app\Controllers\Gerentes.php(22): CodeIgniter\Database\BaseConnection->query('select * from g...')
#4 C:\xampp\htdocs\ProyectoFinal\system\CodeIgniter.php(898): App\Controllers\Gerentes->iniciarSesion()
#5 C:\xampp\htdocs\ProyectoFinal\system\CodeIgniter.php(457): CodeIgniter\CodeIgniter->runController(Object(App\Controllers\Gerentes))
#6 C:\xampp\htdocs\ProyectoFinal\system\CodeIgniter.php(340): CodeIgniter\CodeIgniter->handleRequest(NULL, Object(Config\Cache), false)
#7 C:\xampp\htdocs\ProyectoFinal\public\index.php(67): CodeIgniter\CodeIgniter->run()
#8 {main}
CRITICAL - 2022-10-18 19:22:20 --> Call to a member function getNumRows() on bool
in APPPATH\Controllers\Gerentes.php on line 25.
 1 SYSTEMPATH\CodeIgniter.php(898): App\Controllers\Gerentes->iniciarSesion()
 2 SYSTEMPATH\CodeIgniter.php(457): CodeIgniter\CodeIgniter->runController(Object(App\Controllers\Gerentes))
 3 SYSTEMPATH\CodeIgniter.php(340): CodeIgniter\CodeIgniter->handleRequest(null, Object(Config\Cache), false)
 4 FCPATH\index.php(67): CodeIgniter\CodeIgniter->run()
CRITICAL - 2022-10-18 20:08:11 --> Undefined property: stdClass::$tipousuario_id
in APPPATH\Controllers\Gerentes.php on line 32.
 1 APPPATH\Controllers\Gerentes.php(32): CodeIgniter\Debug\Exceptions->errorHandler(2, 'Undefined property: stdClass::$tipousuario_id', 'APPPATH\\Controllers\\Gerentes.php', 32)
 2 SYSTEMPATH\CodeIgniter.php(898): App\Controllers\Gerentes->iniciarSesion()
 3 SYSTEMPATH\CodeIgniter.php(457): CodeIgniter\CodeIgniter->runController(Object(App\Controllers\Gerentes))
 4 SYSTEMPATH\CodeIgniter.php(340): CodeIgniter\CodeIgniter->handleRequest(null, Object(Config\Cache), false)
 5 FCPATH\index.php(67): CodeIgniter\CodeIgniter->run()
CRITICAL - 2022-10-18 20:09:05 --> Undefined property: stdClass::$tipousuario_id
in APPPATH\Controllers\Gerentes.php on line 32.
 1 APPPATH\Controllers\Gerentes.php(32): CodeIgniter\Debug\Exceptions->errorHandler(2, 'Undefined property: stdClass::$tipousuario_id', 'APPPATH\\Controllers\\Gerentes.php', 32)
 2 SYSTEMPATH\CodeIgniter.php(898): App\Controllers\Gerentes->iniciarSesion()
 3 SYSTEMPATH\CodeIgniter.php(457): CodeIgniter\CodeIgniter->runController(Object(App\Controllers\Gerentes))
 4 SYSTEMPATH\CodeIgniter.php(340): CodeIgniter\CodeIgniter->handleRequest(null, Object(Config\Cache), false)
 5 FCPATH\index.php(67): CodeIgniter\CodeIgniter->run()
CRITICAL - 2022-10-18 20:09:47 --> Undefined property: stdClass::$tipousuario_id
in APPPATH\Controllers\Gerentes.php on line 32.
 1 APPPATH\Controllers\Gerentes.php(32): CodeIgniter\Debug\Exceptions->errorHandler(2, 'Undefined property: stdClass::$tipousuario_id', 'APPPATH\\Controllers\\Gerentes.php', 32)
 2 SYSTEMPATH\CodeIgniter.php(898): App\Controllers\Gerentes->iniciarSesion()
 3 SYSTEMPATH\CodeIgniter.php(457): CodeIgniter\CodeIgniter->runController(Object(App\Controllers\Gerentes))
 4 SYSTEMPATH\CodeIgniter.php(340): CodeIgniter\CodeIgniter->handleRequest(null, Object(Config\Cache), false)
 5 FCPATH\index.php(67): CodeIgniter\CodeIgniter->run()
CRITICAL - 2022-10-18 20:14:47 --> Invalid file: admin/menu_admin.php
in SYSTEMPATH\Exceptions\FrameworkException.php on line 33.
 1 SYSTEMPATH\View\View.php(201): CodeIgniter\Exceptions\FrameworkException::forInvalidFile('admin/menu_admin.php')
 2 SYSTEMPATH\Common.php(1137): CodeIgniter\View\View->render('admin/menu_admin', [], true)
 3 APPPATH\Controllers\Gerentes.php(34): view('admin/menu_admin')
 4 SYSTEMPATH\CodeIgniter.php(898): App\Controllers\Gerentes->iniciarSesion()
 5 SYSTEMPATH\CodeIgniter.php(457): CodeIgniter\CodeIgniter->runController(Object(App\Controllers\Gerentes))
 6 SYSTEMPATH\CodeIgniter.php(340): CodeIgniter\CodeIgniter->handleRequest(null, Object(Config\Cache), false)
 7 FCPATH\index.php(67): CodeIgniter\CodeIgniter->run()
CRITICAL - 2022-10-18 20:15:34 --> Invalid file: admin/menu_admin.php
in SYSTEMPATH\Exceptions\FrameworkException.php on line 33.
 1 SYSTEMPATH\View\View.php(201): CodeIgniter\Exceptions\FrameworkException::forInvalidFile('admin/menu_admin.php')
 2 SYSTEMPATH\Common.php(1137): CodeIgniter\View\View->render('admin/menu_admin', [], true)
 3 APPPATH\Controllers\Gerentes.php(34): view('admin/menu_admin')
 4 SYSTEMPATH\CodeIgniter.php(898): App\Controllers\Gerentes->iniciarSesion()
 5 SYSTEMPATH\CodeIgniter.php(457): CodeIgniter\CodeIgniter->runController(Object(App\Controllers\Gerentes))
 6 SYSTEMPATH\CodeIgniter.php(340): CodeIgniter\CodeIgniter->handleRequest(null, Object(Config\Cache), false)
 7 FCPATH\index.php(67): CodeIgniter\CodeIgniter->run()
CRITICAL - 2022-10-18 20:21:10 --> Invalid file: admin/menu_admin.php
in SYSTEMPATH\Exceptions\FrameworkException.php on line 33.
 1 SYSTEMPATH\View\View.php(201): CodeIgniter\Exceptions\FrameworkException::forInvalidFile('admin/menu_admin.php')
 2 SYSTEMPATH\Common.php(1137): CodeIgniter\View\View->render('admin/menu_admin', [], true)
 3 APPPATH\Controllers\Gerentes.php(34): view('admin/menu_admin')
 4 SYSTEMPATH\CodeIgniter.php(898): App\Controllers\Gerentes->iniciarSesion()
 5 SYSTEMPATH\CodeIgniter.php(457): CodeIgniter\CodeIgniter->runController(Object(App\Controllers\Gerentes))
 6 SYSTEMPATH\CodeIgniter.php(340): CodeIgniter\CodeIgniter->handleRequest(null, Object(Config\Cache), false)
 7 FCPATH\index.php(67): CodeIgniter\CodeIgniter->run()
CRITICAL - 2022-10-18 20:29:52 --> Invalid file: admin/menu_admin.php
in SYSTEMPATH\Exceptions\FrameworkException.php on line 33.
 1 SYSTEMPATH\View\View.php(201): CodeIgniter\Exceptions\FrameworkException::forInvalidFile('admin/menu_admin.php')
 2 SYSTEMPATH\Common.php(1137): CodeIgniter\View\View->render('admin/menu_admin', [], true)
 3 APPPATH\Controllers\Gerentes.php(34): view('admin/menu_admin')
 4 SYSTEMPATH\CodeIgniter.php(898): App\Controllers\Gerentes->iniciarSesion()
 5 SYSTEMPATH\CodeIgniter.php(457): CodeIgniter\CodeIgniter->runController(Object(App\Controllers\Gerentes))
 6 SYSTEMPATH\CodeIgniter.php(340): CodeIgniter\CodeIgniter->handleRequest(null, Object(Config\Cache), false)
 7 FCPATH\index.php(67): CodeIgniter\CodeIgniter->run()
CRITICAL - 2022-10-18 20:32:37 --> Invalid file: admin/menu_admin.php
in SYSTEMPATH\Exceptions\FrameworkException.php on line 33.
 1 SYSTEMPATH\View\View.php(201): CodeIgniter\Exceptions\FrameworkException::forInvalidFile('admin/menu_admin.php')
 2 SYSTEMPATH\Common.php(1137): CodeIgniter\View\View->render('admin/menu_admin', [], true)
 3 APPPATH\Controllers\Gerentes.php(34): view('admin/menu_admin')
 4 SYSTEMPATH\CodeIgniter.php(898): App\Controllers\Gerentes->iniciarSesion()
 5 SYSTEMPATH\CodeIgniter.php(457): CodeIgniter\CodeIgniter->runController(Object(App\Controllers\Gerentes))
 6 SYSTEMPATH\CodeIgniter.php(340): CodeIgniter\CodeIgniter->handleRequest(null, Object(Config\Cache), false)
 7 FCPATH\index.php(67): CodeIgniter\CodeIgniter->run()
