ERROR - 2022-08-17 20:52:07 --> mysqli_sql_exception: Duplicate entry '25' for key 'PRIMARY' in C:\xampp\htdocs\ejemplo_codeigniter4\system\Database\MySQLi\Connection.php:292
Stack trace:
#0 C:\xampp\htdocs\ejemplo_codeigniter4\system\Database\MySQLi\Connection.php(292): mysqli->query('INSERT INTO `de...', 0)
#1 C:\xampp\htdocs\ejemplo_codeigniter4\system\Database\BaseConnection.php(693): CodeIgniter\Database\MySQLi\Connection->execute('INSERT INTO `de...')
#2 C:\xampp\htdocs\ejemplo_codeigniter4\system\Database\BaseConnection.php(620): CodeIgniter\Database\BaseConnection->simpleQuery('INSERT INTO `de...')
#3 C:\xampp\htdocs\ejemplo_codeigniter4\system\Database\BaseBuilder.php(1916): CodeIgniter\Database\BaseConnection->query('INSERT INTO `de...', Array, false)
#4 C:\xampp\htdocs\ejemplo_codeigniter4\system\Model.php(278): CodeIgniter\Database\BaseBuilder->insert()
#5 C:\xampp\htdocs\ejemplo_codeigniter4\system\BaseModel.php(738): CodeIgniter\Model->doInsert(Array)
#6 C:\xampp\htdocs\ejemplo_codeigniter4\system\Model.php(666): CodeIgniter\BaseModel->insert(Array, true)
#7 C:\xampp\htdocs\ejemplo_codeigniter4\app\Controllers\Departamentos.php(26): CodeIgniter\Model->insert(Array)
#8 C:\xampp\htdocs\ejemplo_codeigniter4\system\CodeIgniter.php(898): App\Controllers\Departamentos->agregarDepto()
#9 C:\xampp\htdocs\ejemplo_codeigniter4\system\CodeIgniter.php(457): CodeIgniter\CodeIgniter->runController(Object(App\Controllers\Departamentos))
#10 C:\xampp\htdocs\ejemplo_codeigniter4\system\CodeIgniter.php(340): CodeIgniter\CodeIgniter->handleRequest(NULL, Object(Config\Cache), false)
#11 C:\xampp\htdocs\ejemplo_codeigniter4\public\index.php(67): CodeIgniter\CodeIgniter->run()
#12 {main}
ERROR - 2022-08-17 20:52:40 --> mysqli_sql_exception: Duplicate entry '25' for key 'PRIMARY' in C:\xampp\htdocs\ejemplo_codeigniter4\system\Database\MySQLi\Connection.php:292
Stack trace:
#0 C:\xampp\htdocs\ejemplo_codeigniter4\system\Database\MySQLi\Connection.php(292): mysqli->query('INSERT INTO `de...', 0)
#1 C:\xampp\htdocs\ejemplo_codeigniter4\system\Database\BaseConnection.php(693): CodeIgniter\Database\MySQLi\Connection->execute('INSERT INTO `de...')
#2 C:\xampp\htdocs\ejemplo_codeigniter4\system\Database\BaseConnection.php(620): CodeIgniter\Database\BaseConnection->simpleQuery('INSERT INTO `de...')
#3 C:\xampp\htdocs\ejemplo_codeigniter4\system\Database\BaseBuilder.php(1916): CodeIgniter\Database\BaseConnection->query('INSERT INTO `de...', Array, false)
#4 C:\xampp\htdocs\ejemplo_codeigniter4\system\Model.php(278): CodeIgniter\Database\BaseBuilder->insert()
#5 C:\xampp\htdocs\ejemplo_codeigniter4\system\BaseModel.php(738): CodeIgniter\Model->doInsert(Array)
#6 C:\xampp\htdocs\ejemplo_codeigniter4\system\Model.php(666): CodeIgniter\BaseModel->insert(Array, true)
#7 C:\xampp\htdocs\ejemplo_codeigniter4\app\Controllers\Departamentos.php(26): CodeIgniter\Model->insert(Array)
#8 C:\xampp\htdocs\ejemplo_codeigniter4\system\CodeIgniter.php(898): App\Controllers\Departamentos->agregarDepto()
#9 C:\xampp\htdocs\ejemplo_codeigniter4\system\CodeIgniter.php(457): CodeIgniter\CodeIgniter->runController(Object(App\Controllers\Departamentos))
#10 C:\xampp\htdocs\ejemplo_codeigniter4\system\CodeIgniter.php(340): CodeIgniter\CodeIgniter->handleRequest(NULL, Object(Config\Cache), false)
#11 C:\xampp\htdocs\ejemplo_codeigniter4\public\index.php(67): CodeIgniter\CodeIgniter->run()
#12 {main}
CRITICAL - 2022-08-17 20:52:40 --> Undefined variable $lista_departamentos
in APPPATH\Views\departamentos.php on line 66.
 1 APPPATH\Views\departamentos.php(66): CodeIgniter\Debug\Exceptions->errorHandler(2, 'Undefined variable $lista_departamentos', 'APPPATH\\Views\\departamentos.php', 66)
 2 SYSTEMPATH\View\View.php(213): include('APPPATH\\Views\\departamentos.php')
 3 SYSTEMPATH\View\View.php(216): CodeIgniter\View\View->CodeIgniter\View\{closure}()
 4 SYSTEMPATH\Common.php(1137): CodeIgniter\View\View->render('departamentos', [], true)
 5 APPPATH\Controllers\Departamentos.php(27): view('departamentos', [...])
 6 SYSTEMPATH\CodeIgniter.php(898): App\Controllers\Departamentos->agregarDepto()
 7 SYSTEMPATH\CodeIgniter.php(457): CodeIgniter\CodeIgniter->runController(Object(App\Controllers\Departamentos))
 8 SYSTEMPATH\CodeIgniter.php(340): CodeIgniter\CodeIgniter->handleRequest(null, Object(Config\Cache), false)
 9 FCPATH\index.php(67): CodeIgniter\CodeIgniter->run()
