<<<<<<< HEAD
ERROR - 2022-11-03 19:54:52 --> mysqli_sql_exception: Cannot add or update a child row: a foreign key constraint fails (`proyecto_final_pp_2022`.`detalles_pedidos`, CONSTRAINT `detalles_pedidos_ibfk_1` FOREIGN KEY (`id_pedido`) REFERENCES `pedidos` (`id_pedido`) ON UPDATE CASCADE) in C:\xampp\htdocs\ProyectoFinal\system\Database\MySQLi\Connection.php:292
Stack trace:
#0 C:\xampp\htdocs\ProyectoFinal\system\Database\MySQLi\Connection.php(292): mysqli->query('INSERT INTO `de...', 0)
#1 C:\xampp\htdocs\ProyectoFinal\system\Database\BaseConnection.php(693): CodeIgniter\Database\MySQLi\Connection->execute('INSERT INTO `de...')
#2 C:\xampp\htdocs\ProyectoFinal\system\Database\BaseConnection.php(620): CodeIgniter\Database\BaseConnection->simpleQuery('INSERT INTO `de...')
#3 C:\xampp\htdocs\ProyectoFinal\system\Database\BaseBuilder.php(1916): CodeIgniter\Database\BaseConnection->query('INSERT INTO `de...', Array, false)
#4 C:\xampp\htdocs\ProyectoFinal\system\Model.php(278): CodeIgniter\Database\BaseBuilder->insert()
#5 C:\xampp\htdocs\ProyectoFinal\system\BaseModel.php(738): CodeIgniter\Model->doInsert(Array)
#6 C:\xampp\htdocs\ProyectoFinal\system\Model.php(666): CodeIgniter\BaseModel->insert(Array, true)
#7 C:\xampp\htdocs\ProyectoFinal\app\Controllers\DetallesPedidos.php(25): CodeIgniter\Model->insert(Array)
#8 C:\xampp\htdocs\ProyectoFinal\system\CodeIgniter.php(898): App\Controllers\DetallesPedidos->guardarDetallesPedidos()
#9 C:\xampp\htdocs\ProyectoFinal\system\CodeIgniter.php(457): CodeIgniter\CodeIgniter->runController(Object(App\Controllers\DetallesPedidos))
=======
CRITICAL - 2022-11-03 00:02:52 --> Undefined variable $lista_cocinero
in APPPATH\Views\actualizar_tamaño.php on line 18.
 1 APPPATH\Views\actualizar_tamaño.php(18): CodeIgniter\Debug\Exceptions->errorHandler(2, 'Undefined variable $lista_cocinero', 'APPPATH\\Views\\actualizar_tamaño.php', 18)
 2 SYSTEMPATH\View\View.php(213): include('APPPATH\\Views\\actualizar_tamaño.php')
 3 SYSTEMPATH\View\View.php(216): CodeIgniter\View\View->CodeIgniter\View\{closure}()
 4 SYSTEMPATH\Common.php(1137): CodeIgniter\View\View->render('actualizar_tamaño', [], true)
 5 APPPATH\Controllers\Tamaños.php(37): view('actualizar_tamaño', [...])
 6 SYSTEMPATH\CodeIgniter.php(898): App\Controllers\Tamaños->verTamaños('6,0')
 7 SYSTEMPATH\CodeIgniter.php(457): CodeIgniter\CodeIgniter->runController(Object(App\Controllers\Tamaños))
 8 SYSTEMPATH\CodeIgniter.php(340): CodeIgniter\CodeIgniter->handleRequest(null, Object(Config\Cache), false)
 9 FCPATH\index.php(67): CodeIgniter\CodeIgniter->run()
CRITICAL - 2022-11-03 00:06:58 --> Undefined variable $lista_tamaño
in APPPATH\Views\actualizar_tamaño.php on line 18.
 1 APPPATH\Views\actualizar_tamaño.php(18): CodeIgniter\Debug\Exceptions->errorHandler(2, 'Undefined variable $lista_tamaño', 'APPPATH\\Views\\actualizar_tamaño.php', 18)
 2 SYSTEMPATH\View\View.php(213): include('APPPATH\\Views\\actualizar_tamaño.php')
 3 SYSTEMPATH\View\View.php(216): CodeIgniter\View\View->CodeIgniter\View\{closure}()
 4 SYSTEMPATH\Common.php(1137): CodeIgniter\View\View->render('actualizar_tamaño', [], true)
 5 APPPATH\Controllers\Tamaños.php(37): view('actualizar_tamaño', [...])
 6 SYSTEMPATH\CodeIgniter.php(898): App\Controllers\Tamaños->verTamaños('6,0')
 7 SYSTEMPATH\CodeIgniter.php(457): CodeIgniter\CodeIgniter->runController(Object(App\Controllers\Tamaños))
 8 SYSTEMPATH\CodeIgniter.php(340): CodeIgniter\CodeIgniter->handleRequest(null, Object(Config\Cache), false)
 9 FCPATH\index.php(67): CodeIgniter\CodeIgniter->run()
CRITICAL - 2022-11-03 00:11:21 --> Undefined variable $lista_tamaño
in APPPATH\Views\actualizar_tamaño.php on line 18.
 1 APPPATH\Views\actualizar_tamaño.php(18): CodeIgniter\Debug\Exceptions->errorHandler(2, 'Undefined variable $lista_tamaño', 'APPPATH\\Views\\actualizar_tamaño.php', 18)
 2 SYSTEMPATH\View\View.php(213): include('APPPATH\\Views\\actualizar_tamaño.php')
 3 SYSTEMPATH\View\View.php(216): CodeIgniter\View\View->CodeIgniter\View\{closure}()
 4 SYSTEMPATH\Common.php(1137): CodeIgniter\View\View->render('actualizar_tamaño', [], true)
 5 APPPATH\Controllers\Tamaños.php(37): view('actualizar_tamaño', [...])
 6 SYSTEMPATH\CodeIgniter.php(898): App\Controllers\Tamaños->verTamaños('6,0')
 7 SYSTEMPATH\CodeIgniter.php(457): CodeIgniter\CodeIgniter->runController(Object(App\Controllers\Tamaños))
 8 SYSTEMPATH\CodeIgniter.php(340): CodeIgniter\CodeIgniter->handleRequest(null, Object(Config\Cache), false)
 9 FCPATH\index.php(67): CodeIgniter\CodeIgniter->run()
CRITICAL - 2022-11-03 00:13:17 --> Undefined variable $lista_tamaño
in APPPATH\Views\actualizar_tamaño.php on line 18.
 1 APPPATH\Views\actualizar_tamaño.php(18): CodeIgniter\Debug\Exceptions->errorHandler(2, 'Undefined variable $lista_tamaño', 'APPPATH\\Views\\actualizar_tamaño.php', 18)
 2 SYSTEMPATH\View\View.php(213): include('APPPATH\\Views\\actualizar_tamaño.php')
 3 SYSTEMPATH\View\View.php(216): CodeIgniter\View\View->CodeIgniter\View\{closure}()
 4 SYSTEMPATH\Common.php(1137): CodeIgniter\View\View->render('actualizar_tamaño', [], true)
 5 APPPATH\Controllers\Tamaños.php(37): view('actualizar_tamaño', [...])
 6 SYSTEMPATH\CodeIgniter.php(898): App\Controllers\Tamaños->verTamaños('6,0')
 7 SYSTEMPATH\CodeIgniter.php(457): CodeIgniter\CodeIgniter->runController(Object(App\Controllers\Tamaños))
 8 SYSTEMPATH\CodeIgniter.php(340): CodeIgniter\CodeIgniter->handleRequest(null, Object(Config\Cache), false)
 9 FCPATH\index.php(67): CodeIgniter\CodeIgniter->run()
CRITICAL - 2022-11-03 00:14:02 --> Undefined variable $lista_tamaño
in APPPATH\Views\actualizar_tamaño.php on line 18.
 1 APPPATH\Views\actualizar_tamaño.php(18): CodeIgniter\Debug\Exceptions->errorHandler(2, 'Undefined variable $lista_tamaño', 'APPPATH\\Views\\actualizar_tamaño.php', 18)
 2 SYSTEMPATH\View\View.php(213): include('APPPATH\\Views\\actualizar_tamaño.php')
 3 SYSTEMPATH\View\View.php(216): CodeIgniter\View\View->CodeIgniter\View\{closure}()
 4 SYSTEMPATH\Common.php(1137): CodeIgniter\View\View->render('actualizar_tamaño', [], true)
 5 APPPATH\Controllers\Tamaños.php(37): view('actualizar_tamaño', [...])
 6 SYSTEMPATH\CodeIgniter.php(898): App\Controllers\Tamaños->verTamaños('6,0')
 7 SYSTEMPATH\CodeIgniter.php(457): CodeIgniter\CodeIgniter->runController(Object(App\Controllers\Tamaños))
 8 SYSTEMPATH\CodeIgniter.php(340): CodeIgniter\CodeIgniter->handleRequest(null, Object(Config\Cache), false)
 9 FCPATH\index.php(67): CodeIgniter\CodeIgniter->run()
CRITICAL - 2022-11-03 00:14:02 --> Undefined variable $lista_tamaño
in APPPATH\Views\actualizar_tamaño.php on line 18.
 1 APPPATH\Views\actualizar_tamaño.php(18): CodeIgniter\Debug\Exceptions->errorHandler(2, 'Undefined variable $lista_tamaño', 'APPPATH\\Views\\actualizar_tamaño.php', 18)
 2 SYSTEMPATH\View\View.php(213): include('APPPATH\\Views\\actualizar_tamaño.php')
 3 SYSTEMPATH\View\View.php(216): CodeIgniter\View\View->CodeIgniter\View\{closure}()
 4 SYSTEMPATH\Common.php(1137): CodeIgniter\View\View->render('actualizar_tamaño', [], true)
 5 APPPATH\Controllers\Tamaños.php(37): view('actualizar_tamaño', [...])
 6 SYSTEMPATH\CodeIgniter.php(898): App\Controllers\Tamaños->verTamaños('6,0')
 7 SYSTEMPATH\CodeIgniter.php(457): CodeIgniter\CodeIgniter->runController(Object(App\Controllers\Tamaños))
 8 SYSTEMPATH\CodeIgniter.php(340): CodeIgniter\CodeIgniter->handleRequest(null, Object(Config\Cache), false)
 9 FCPATH\index.php(67): CodeIgniter\CodeIgniter->run()
CRITICAL - 2022-11-03 00:18:26 --> Undefined variable $lista_tamaño
in APPPATH\Views\actualizar_tamaño.php on line 18.
 1 APPPATH\Views\actualizar_tamaño.php(18): CodeIgniter\Debug\Exceptions->errorHandler(2, 'Undefined variable $lista_tamaño', 'APPPATH\\Views\\actualizar_tamaño.php', 18)
 2 SYSTEMPATH\View\View.php(213): include('APPPATH\\Views\\actualizar_tamaño.php')
 3 SYSTEMPATH\View\View.php(216): CodeIgniter\View\View->CodeIgniter\View\{closure}()
 4 SYSTEMPATH\Common.php(1137): CodeIgniter\View\View->render('actualizar_tamaño', [], true)
 5 APPPATH\Controllers\Tamaños.php(37): view('actualizar_tamaño', [...])
 6 SYSTEMPATH\CodeIgniter.php(898): App\Controllers\Tamaños->verTamaños('6,0')
 7 SYSTEMPATH\CodeIgniter.php(457): CodeIgniter\CodeIgniter->runController(Object(App\Controllers\Tamaños))
 8 SYSTEMPATH\CodeIgniter.php(340): CodeIgniter\CodeIgniter->handleRequest(null, Object(Config\Cache), false)
 9 FCPATH\index.php(67): CodeIgniter\CodeIgniter->run()
CRITICAL - 2022-11-03 00:23:12 --> Undefined variable $lista_tamaño
in APPPATH\Views\actualizar_tamaño.php on line 18.
 1 APPPATH\Views\actualizar_tamaño.php(18): CodeIgniter\Debug\Exceptions->errorHandler(2, 'Undefined variable $lista_tamaño', 'APPPATH\\Views\\actualizar_tamaño.php', 18)
 2 SYSTEMPATH\View\View.php(213): include('APPPATH\\Views\\actualizar_tamaño.php')
 3 SYSTEMPATH\View\View.php(216): CodeIgniter\View\View->CodeIgniter\View\{closure}()
 4 SYSTEMPATH\Common.php(1137): CodeIgniter\View\View->render('actualizar_tamaño', [], true)
 5 APPPATH\Controllers\Tamaños.php(37): view('actualizar_tamaño', [...])
 6 SYSTEMPATH\CodeIgniter.php(898): App\Controllers\Tamaños->verTamaños('6,0')
 7 SYSTEMPATH\CodeIgniter.php(457): CodeIgniter\CodeIgniter->runController(Object(App\Controllers\Tamaños))
 8 SYSTEMPATH\CodeIgniter.php(340): CodeIgniter\CodeIgniter->handleRequest(null, Object(Config\Cache), false)
 9 FCPATH\index.php(67): CodeIgniter\CodeIgniter->run()
ERROR - 2022-11-03 00:26:14 --> mysqli_sql_exception: Duplicate entry '7' for key 'PRIMARY' in C:\xampp\htdocs\ProyectoFinal\system\Database\MySQLi\Connection.php:292
Stack trace:
#0 C:\xampp\htdocs\ProyectoFinal\system\Database\MySQLi\Connection.php(292): mysqli->query('INSERT INTO `ta...', 0)
#1 C:\xampp\htdocs\ProyectoFinal\system\Database\BaseConnection.php(693): CodeIgniter\Database\MySQLi\Connection->execute('INSERT INTO `ta...')
#2 C:\xampp\htdocs\ProyectoFinal\system\Database\BaseConnection.php(620): CodeIgniter\Database\BaseConnection->simpleQuery('INSERT INTO `ta...')
#3 C:\xampp\htdocs\ProyectoFinal\system\Database\BaseBuilder.php(1916): CodeIgniter\Database\BaseConnection->query('INSERT INTO `ta...', Array, false)
#4 C:\xampp\htdocs\ProyectoFinal\system\Model.php(278): CodeIgniter\Database\BaseBuilder->insert()
#5 C:\xampp\htdocs\ProyectoFinal\system\BaseModel.php(738): CodeIgniter\Model->doInsert(Array)
#6 C:\xampp\htdocs\ProyectoFinal\system\Model.php(666): CodeIgniter\BaseModel->insert(Array, true)
#7 C:\xampp\htdocs\ProyectoFinal\app\Controllers\Tamaños.php(22): CodeIgniter\Model->insert(Array)
#8 C:\xampp\htdocs\ProyectoFinal\system\CodeIgniter.php(898): App\Controllers\Tamaños->guardarTamaños()
#9 C:\xampp\htdocs\ProyectoFinal\system\CodeIgniter.php(457): CodeIgniter\CodeIgniter->runController(Object(App\Controllers\Tamaños))
#10 C:\xampp\htdocs\ProyectoFinal\system\CodeIgniter.php(340): CodeIgniter\CodeIgniter->handleRequest(NULL, Object(Config\Cache), false)
#11 C:\xampp\htdocs\ProyectoFinal\public\index.php(67): CodeIgniter\CodeIgniter->run()
#12 {main}
CRITICAL - 2022-11-03 00:36:37 --> Undefined variable $lista_tamaño
in APPPATH\Views\actualizar_tamaño.php on line 18.
 1 APPPATH\Views\actualizar_tamaño.php(18): CodeIgniter\Debug\Exceptions->errorHandler(2, 'Undefined variable $lista_tamaño', 'APPPATH\\Views\\actualizar_tamaño.php', 18)
 2 SYSTEMPATH\View\View.php(213): include('APPPATH\\Views\\actualizar_tamaño.php')
 3 SYSTEMPATH\View\View.php(216): CodeIgniter\View\View->CodeIgniter\View\{closure}()
 4 SYSTEMPATH\Common.php(1137): CodeIgniter\View\View->render('actualizar_tamaño', [], true)
 5 APPPATH\Controllers\Tamaños.php(37): view('actualizar_tamaño', [...])
 6 SYSTEMPATH\CodeIgniter.php(898): App\Controllers\Tamaños->verTamaños('5,0')
 7 SYSTEMPATH\CodeIgniter.php(457): CodeIgniter\CodeIgniter->runController(Object(App\Controllers\Tamaños))
 8 SYSTEMPATH\CodeIgniter.php(340): CodeIgniter\CodeIgniter->handleRequest(null, Object(Config\Cache), false)
 9 FCPATH\index.php(67): CodeIgniter\CodeIgniter->run()
CRITICAL - 2022-11-03 00:40:50 --> Undefined variable $lista_tamaños
in APPPATH\Views\actualizar_tamaño.php on line 18.
 1 APPPATH\Views\actualizar_tamaño.php(18): CodeIgniter\Debug\Exceptions->errorHandler(2, 'Undefined variable $lista_tamaños', 'APPPATH\\Views\\actualizar_tamaño.php', 18)
 2 SYSTEMPATH\View\View.php(213): include('APPPATH\\Views\\actualizar_tamaño.php')
 3 SYSTEMPATH\View\View.php(216): CodeIgniter\View\View->CodeIgniter\View\{closure}()
 4 SYSTEMPATH\Common.php(1137): CodeIgniter\View\View->render('actualizar_tamaño', [], true)
 5 APPPATH\Controllers\Tamaños.php(37): view('actualizar_tamaño', [...])
 6 SYSTEMPATH\CodeIgniter.php(898): App\Controllers\Tamaños->verTamaños('6,0')
 7 SYSTEMPATH\CodeIgniter.php(457): CodeIgniter\CodeIgniter->runController(Object(App\Controllers\Tamaños))
 8 SYSTEMPATH\CodeIgniter.php(340): CodeIgniter\CodeIgniter->handleRequest(null, Object(Config\Cache), false)
 9 FCPATH\index.php(67): CodeIgniter\CodeIgniter->run()
CRITICAL - 2022-11-03 00:47:22 --> Undefined variable $lista_tamaños
in APPPATH\Views\actualizar_tamaño.php on line 18.
 1 APPPATH\Views\actualizar_tamaño.php(18): CodeIgniter\Debug\Exceptions->errorHandler(2, 'Undefined variable $lista_tamaños', 'APPPATH\\Views\\actualizar_tamaño.php', 18)
 2 SYSTEMPATH\View\View.php(213): include('APPPATH\\Views\\actualizar_tamaño.php')
 3 SYSTEMPATH\View\View.php(216): CodeIgniter\View\View->CodeIgniter\View\{closure}()
 4 SYSTEMPATH\Common.php(1137): CodeIgniter\View\View->render('actualizar_tamaño', [], true)
 5 APPPATH\Controllers\Tamaños.php(37): view('actualizar_tamaño', [...])
 6 SYSTEMPATH\CodeIgniter.php(898): App\Controllers\Tamaños->verTamaños('7,0')
 7 SYSTEMPATH\CodeIgniter.php(457): CodeIgniter\CodeIgniter->runController(Object(App\Controllers\Tamaños))
 8 SYSTEMPATH\CodeIgniter.php(340): CodeIgniter\CodeIgniter->handleRequest(null, Object(Config\Cache), false)
 9 FCPATH\index.php(67): CodeIgniter\CodeIgniter->run()
CRITICAL - 2022-11-03 19:11:20 --> Undefined variable $lista_tamaños
in APPPATH\Views\actualizar_tamaño.php on line 18.
 1 APPPATH\Views\actualizar_tamaño.php(18): CodeIgniter\Debug\Exceptions->errorHandler(2, 'Undefined variable $lista_tamaños', 'APPPATH\\Views\\actualizar_tamaño.php', 18)
 2 SYSTEMPATH\View\View.php(213): include('APPPATH\\Views\\actualizar_tamaño.php')
 3 SYSTEMPATH\View\View.php(216): CodeIgniter\View\View->CodeIgniter\View\{closure}()
 4 SYSTEMPATH\Common.php(1137): CodeIgniter\View\View->render('actualizar_tamaño', [], true)
 5 APPPATH\Controllers\Tamaños.php(37): view('actualizar_tamaño', [...])
 6 SYSTEMPATH\CodeIgniter.php(898): App\Controllers\Tamaños->verTamaños('7,0')
 7 SYSTEMPATH\CodeIgniter.php(457): CodeIgniter\CodeIgniter->runController(Object(App\Controllers\Tamaños))
 8 SYSTEMPATH\CodeIgniter.php(340): CodeIgniter\CodeIgniter->handleRequest(null, Object(Config\Cache), false)
 9 FCPATH\index.php(67): CodeIgniter\CodeIgniter->run()
CRITICAL - 2022-11-03 21:02:49 --> Undefined variable $lista_tamaños
in APPPATH\Views\actualizar_tamaño.php on line 18.
 1 APPPATH\Views\actualizar_tamaño.php(18): CodeIgniter\Debug\Exceptions->errorHandler(2, 'Undefined variable $lista_tamaños', 'APPPATH\\Views\\actualizar_tamaño.php', 18)
 2 SYSTEMPATH\View\View.php(213): include('APPPATH\\Views\\actualizar_tamaño.php')
 3 SYSTEMPATH\View\View.php(216): CodeIgniter\View\View->CodeIgniter\View\{closure}()
 4 SYSTEMPATH\Common.php(1137): CodeIgniter\View\View->render('actualizar_tamaño', [], true)
 5 APPPATH\Controllers\Tamaños.php(37): view('actualizar_tamaño', [...])
 6 SYSTEMPATH\CodeIgniter.php(898): App\Controllers\Tamaños->verTamaños('1,0')
 7 SYSTEMPATH\CodeIgniter.php(457): CodeIgniter\CodeIgniter->runController(Object(App\Controllers\Tamaños))
 8 SYSTEMPATH\CodeIgniter.php(340): CodeIgniter\CodeIgniter->handleRequest(null, Object(Config\Cache), false)
 9 FCPATH\index.php(67): CodeIgniter\CodeIgniter->run()
CRITICAL - 2022-11-03 21:02:49 --> Undefined variable $lista_tamaños
in APPPATH\Views\actualizar_tamaño.php on line 18.
 1 APPPATH\Views\actualizar_tamaño.php(18): CodeIgniter\Debug\Exceptions->errorHandler(2, 'Undefined variable $lista_tamaños', 'APPPATH\\Views\\actualizar_tamaño.php', 18)
 2 SYSTEMPATH\View\View.php(213): include('APPPATH\\Views\\actualizar_tamaño.php')
 3 SYSTEMPATH\View\View.php(216): CodeIgniter\View\View->CodeIgniter\View\{closure}()
 4 SYSTEMPATH\Common.php(1137): CodeIgniter\View\View->render('actualizar_tamaño', [], true)
 5 APPPATH\Controllers\Tamaños.php(37): view('actualizar_tamaño', [...])
 6 SYSTEMPATH\CodeIgniter.php(898): App\Controllers\Tamaños->verTamaños('1,0')
 7 SYSTEMPATH\CodeIgniter.php(457): CodeIgniter\CodeIgniter->runController(Object(App\Controllers\Tamaños))
 8 SYSTEMPATH\CodeIgniter.php(340): CodeIgniter\CodeIgniter->handleRequest(null, Object(Config\Cache), false)
 9 FCPATH\index.php(67): CodeIgniter\CodeIgniter->run()
CRITICAL - 2022-11-03 21:16:41 --> Undefined variable $lista_tamaños
in APPPATH\Views\actualizar_tamaño.php on line 18.
 1 APPPATH\Views\actualizar_tamaño.php(18): CodeIgniter\Debug\Exceptions->errorHandler(2, 'Undefined variable $lista_tamaños', 'APPPATH\\Views\\actualizar_tamaño.php', 18)
 2 SYSTEMPATH\View\View.php(213): include('APPPATH\\Views\\actualizar_tamaño.php')
 3 SYSTEMPATH\View\View.php(216): CodeIgniter\View\View->CodeIgniter\View\{closure}()
 4 SYSTEMPATH\Common.php(1137): CodeIgniter\View\View->render('actualizar_tamaño', [], true)
 5 APPPATH\Controllers\Tamaños.php(37): view('actualizar_tamaño', [...])
 6 SYSTEMPATH\CodeIgniter.php(898): App\Controllers\Tamaños->verTamaños('7,0')
 7 SYSTEMPATH\CodeIgniter.php(457): CodeIgniter\CodeIgniter->runController(Object(App\Controllers\Tamaños))
 8 SYSTEMPATH\CodeIgniter.php(340): CodeIgniter\CodeIgniter->handleRequest(null, Object(Config\Cache), false)
 9 FCPATH\index.php(67): CodeIgniter\CodeIgniter->run()
CRITICAL - 2022-11-03 21:18:05 --> Undefined variable $lista_tamaños
in APPPATH\Views\actualizar_tamaño.php on line 18.
 1 APPPATH\Views\actualizar_tamaño.php(18): CodeIgniter\Debug\Exceptions->errorHandler(2, 'Undefined variable $lista_tamaños', 'APPPATH\\Views\\actualizar_tamaño.php', 18)
 2 SYSTEMPATH\View\View.php(213): include('APPPATH\\Views\\actualizar_tamaño.php')
 3 SYSTEMPATH\View\View.php(216): CodeIgniter\View\View->CodeIgniter\View\{closure}()
 4 SYSTEMPATH\Common.php(1137): CodeIgniter\View\View->render('actualizar_tamaño', [], true)
 5 APPPATH\Controllers\Tamaños.php(37): view('actualizar_tamaño', [...])
 6 SYSTEMPATH\CodeIgniter.php(898): App\Controllers\Tamaños->verTamaños('4,0')
 7 SYSTEMPATH\CodeIgniter.php(457): CodeIgniter\CodeIgniter->runController(Object(App\Controllers\Tamaños))
 8 SYSTEMPATH\CodeIgniter.php(340): CodeIgniter\CodeIgniter->handleRequest(null, Object(Config\Cache), false)
 9 FCPATH\index.php(67): CodeIgniter\CodeIgniter->run()
CRITICAL - 2022-11-03 21:26:14 --> Undefined variable $lista_tamaños
in APPPATH\Views\actualizar_tamaño.php on line 18.
 1 APPPATH\Views\actualizar_tamaño.php(18): CodeIgniter\Debug\Exceptions->errorHandler(2, 'Undefined variable $lista_tamaños', 'APPPATH\\Views\\actualizar_tamaño.php', 18)
 2 SYSTEMPATH\View\View.php(213): include('APPPATH\\Views\\actualizar_tamaño.php')
 3 SYSTEMPATH\View\View.php(216): CodeIgniter\View\View->CodeIgniter\View\{closure}()
 4 SYSTEMPATH\Common.php(1137): CodeIgniter\View\View->render('actualizar_tamaño', [], true)
 5 APPPATH\Controllers\Tamaños.php(37): view('actualizar_tamaño', [...])
 6 SYSTEMPATH\CodeIgniter.php(898): App\Controllers\Tamaños->verTamaños('1,0')
 7 SYSTEMPATH\CodeIgniter.php(457): CodeIgniter\CodeIgniter->runController(Object(App\Controllers\Tamaños))
 8 SYSTEMPATH\CodeIgniter.php(340): CodeIgniter\CodeIgniter->handleRequest(null, Object(Config\Cache), false)
 9 FCPATH\index.php(67): CodeIgniter\CodeIgniter->run()
CRITICAL - 2022-11-03 21:31:31 --> Undefined variable $lista_tamaños
in APPPATH\Views\actualizar_tamaño.php on line 18.
 1 APPPATH\Views\actualizar_tamaño.php(18): CodeIgniter\Debug\Exceptions->errorHandler(2, 'Undefined variable $lista_tamaños', 'APPPATH\\Views\\actualizar_tamaño.php', 18)
 2 SYSTEMPATH\View\View.php(213): include('APPPATH\\Views\\actualizar_tamaño.php')
 3 SYSTEMPATH\View\View.php(216): CodeIgniter\View\View->CodeIgniter\View\{closure}()
 4 SYSTEMPATH\Common.php(1137): CodeIgniter\View\View->render('actualizar_tamaño', [], true)
 5 APPPATH\Controllers\Tamaños.php(37): view('actualizar_tamaño', [...])
 6 SYSTEMPATH\CodeIgniter.php(898): App\Controllers\Tamaños->verTamaños('1,0')
 7 SYSTEMPATH\CodeIgniter.php(457): CodeIgniter\CodeIgniter->runController(Object(App\Controllers\Tamaños))
 8 SYSTEMPATH\CodeIgniter.php(340): CodeIgniter\CodeIgniter->handleRequest(null, Object(Config\Cache), false)
 9 FCPATH\index.php(67): CodeIgniter\CodeIgniter->run()
CRITICAL - 2022-11-03 21:34:11 --> Undefined variable $lista_tamaños
in APPPATH\Views\actualizar_tamaño.php on line 18.
 1 APPPATH\Views\actualizar_tamaño.php(18): CodeIgniter\Debug\Exceptions->errorHandler(2, 'Undefined variable $lista_tamaños', 'APPPATH\\Views\\actualizar_tamaño.php', 18)
 2 SYSTEMPATH\View\View.php(213): include('APPPATH\\Views\\actualizar_tamaño.php')
 3 SYSTEMPATH\View\View.php(216): CodeIgniter\View\View->CodeIgniter\View\{closure}()
 4 SYSTEMPATH\Common.php(1137): CodeIgniter\View\View->render('actualizar_tamaño', [], true)
 5 APPPATH\Controllers\Tamaños.php(37): view('actualizar_tamaño', [...])
 6 SYSTEMPATH\CodeIgniter.php(898): App\Controllers\Tamaños->verTamaños('1,0')
 7 SYSTEMPATH\CodeIgniter.php(457): CodeIgniter\CodeIgniter->runController(Object(App\Controllers\Tamaños))
 8 SYSTEMPATH\CodeIgniter.php(340): CodeIgniter\CodeIgniter->handleRequest(null, Object(Config\Cache), false)
 9 FCPATH\index.php(67): CodeIgniter\CodeIgniter->run()
ERROR - 2022-11-03 21:45:19 --> mysqli_sql_exception: Duplicate entry '8' for key 'PRIMARY' in C:\xampp\htdocs\ProyectoFinal\system\Database\MySQLi\Connection.php:292
Stack trace:
#0 C:\xampp\htdocs\ProyectoFinal\system\Database\MySQLi\Connection.php(292): mysqli->query('INSERT INTO `ta...', 0)
#1 C:\xampp\htdocs\ProyectoFinal\system\Database\BaseConnection.php(693): CodeIgniter\Database\MySQLi\Connection->execute('INSERT INTO `ta...')
#2 C:\xampp\htdocs\ProyectoFinal\system\Database\BaseConnection.php(620): CodeIgniter\Database\BaseConnection->simpleQuery('INSERT INTO `ta...')
#3 C:\xampp\htdocs\ProyectoFinal\system\Database\BaseBuilder.php(1916): CodeIgniter\Database\BaseConnection->query('INSERT INTO `ta...', Array, false)
#4 C:\xampp\htdocs\ProyectoFinal\system\Model.php(278): CodeIgniter\Database\BaseBuilder->insert()
#5 C:\xampp\htdocs\ProyectoFinal\system\BaseModel.php(738): CodeIgniter\Model->doInsert(Array)
#6 C:\xampp\htdocs\ProyectoFinal\system\Model.php(666): CodeIgniter\BaseModel->insert(Array, true)
#7 C:\xampp\htdocs\ProyectoFinal\app\Controllers\Tamaños.php(22): CodeIgniter\Model->insert(Array)
#8 C:\xampp\htdocs\ProyectoFinal\system\CodeIgniter.php(898): App\Controllers\Tamaños->guardarTamaños()
#9 C:\xampp\htdocs\ProyectoFinal\system\CodeIgniter.php(457): CodeIgniter\CodeIgniter->runController(Object(App\Controllers\Tamaños))
#10 C:\xampp\htdocs\ProyectoFinal\system\CodeIgniter.php(340): CodeIgniter\CodeIgniter->handleRequest(NULL, Object(Config\Cache), false)
#11 C:\xampp\htdocs\ProyectoFinal\public\index.php(67): CodeIgniter\CodeIgniter->run()
#12 {main}
CRITICAL - 2022-11-03 21:45:27 --> Undefined variable $lista_tamaños
in APPPATH\Views\actualizar_tamaño.php on line 18.
 1 APPPATH\Views\actualizar_tamaño.php(18): CodeIgniter\Debug\Exceptions->errorHandler(2, 'Undefined variable $lista_tamaños', 'APPPATH\\Views\\actualizar_tamaño.php', 18)
 2 SYSTEMPATH\View\View.php(213): include('APPPATH\\Views\\actualizar_tamaño.php')
 3 SYSTEMPATH\View\View.php(216): CodeIgniter\View\View->CodeIgniter\View\{closure}()
 4 SYSTEMPATH\Common.php(1137): CodeIgniter\View\View->render('actualizar_tamaño', [], true)
 5 APPPATH\Controllers\Tamaños.php(37): view('actualizar_tamaño', [...])
 6 SYSTEMPATH\CodeIgniter.php(898): App\Controllers\Tamaños->verTamaños('8,0')
 7 SYSTEMPATH\CodeIgniter.php(457): CodeIgniter\CodeIgniter->runController(Object(App\Controllers\Tamaños))
 8 SYSTEMPATH\CodeIgniter.php(340): CodeIgniter\CodeIgniter->handleRequest(null, Object(Config\Cache), false)
 9 FCPATH\index.php(67): CodeIgniter\CodeIgniter->run()
ERROR - 2022-11-03 21:50:35 --> mysqli_sql_exception: Duplicate entry '8' for key 'PRIMARY' in C:\xampp\htdocs\ProyectoFinal\system\Database\MySQLi\Connection.php:292
Stack trace:
#0 C:\xampp\htdocs\ProyectoFinal\system\Database\MySQLi\Connection.php(292): mysqli->query('INSERT INTO `ta...', 0)
#1 C:\xampp\htdocs\ProyectoFinal\system\Database\BaseConnection.php(693): CodeIgniter\Database\MySQLi\Connection->execute('INSERT INTO `ta...')
#2 C:\xampp\htdocs\ProyectoFinal\system\Database\BaseConnection.php(620): CodeIgniter\Database\BaseConnection->simpleQuery('INSERT INTO `ta...')
#3 C:\xampp\htdocs\ProyectoFinal\system\Database\BaseBuilder.php(1916): CodeIgniter\Database\BaseConnection->query('INSERT INTO `ta...', Array, false)
#4 C:\xampp\htdocs\ProyectoFinal\system\Model.php(278): CodeIgniter\Database\BaseBuilder->insert()
#5 C:\xampp\htdocs\ProyectoFinal\system\BaseModel.php(738): CodeIgniter\Model->doInsert(Array)
#6 C:\xampp\htdocs\ProyectoFinal\system\Model.php(666): CodeIgniter\BaseModel->insert(Array, true)
#7 C:\xampp\htdocs\ProyectoFinal\app\Controllers\Tamaños.php(22): CodeIgniter\Model->insert(Array)
#8 C:\xampp\htdocs\ProyectoFinal\system\CodeIgniter.php(898): App\Controllers\Tamaños->guardarTamaños()
#9 C:\xampp\htdocs\ProyectoFinal\system\CodeIgniter.php(457): CodeIgniter\CodeIgniter->runController(Object(App\Controllers\Tamaños))
#10 C:\xampp\htdocs\ProyectoFinal\system\CodeIgniter.php(340): CodeIgniter\CodeIgniter->handleRequest(NULL, Object(Config\Cache), false)
#11 C:\xampp\htdocs\ProyectoFinal\public\index.php(67): CodeIgniter\CodeIgniter->run()
#12 {main}
ERROR - 2022-11-03 21:52:04 --> mysqli_sql_exception: Duplicate entry '8' for key 'PRIMARY' in C:\xampp\htdocs\ProyectoFinal\system\Database\MySQLi\Connection.php:292
Stack trace:
#0 C:\xampp\htdocs\ProyectoFinal\system\Database\MySQLi\Connection.php(292): mysqli->query('INSERT INTO `ta...', 0)
#1 C:\xampp\htdocs\ProyectoFinal\system\Database\BaseConnection.php(693): CodeIgniter\Database\MySQLi\Connection->execute('INSERT INTO `ta...')
#2 C:\xampp\htdocs\ProyectoFinal\system\Database\BaseConnection.php(620): CodeIgniter\Database\BaseConnection->simpleQuery('INSERT INTO `ta...')
#3 C:\xampp\htdocs\ProyectoFinal\system\Database\BaseBuilder.php(1916): CodeIgniter\Database\BaseConnection->query('INSERT INTO `ta...', Array, false)
#4 C:\xampp\htdocs\ProyectoFinal\system\Model.php(278): CodeIgniter\Database\BaseBuilder->insert()
#5 C:\xampp\htdocs\ProyectoFinal\system\BaseModel.php(738): CodeIgniter\Model->doInsert(Array)
#6 C:\xampp\htdocs\ProyectoFinal\system\Model.php(666): CodeIgniter\BaseModel->insert(Array, true)
#7 C:\xampp\htdocs\ProyectoFinal\app\Controllers\Tamaños.php(22): CodeIgniter\Model->insert(Array)
#8 C:\xampp\htdocs\ProyectoFinal\system\CodeIgniter.php(898): App\Controllers\Tamaños->guardarTamaños()
#9 C:\xampp\htdocs\ProyectoFinal\system\CodeIgniter.php(457): CodeIgniter\CodeIgniter->runController(Object(App\Controllers\Tamaños))
#10 C:\xampp\htdocs\ProyectoFinal\system\CodeIgniter.php(340): CodeIgniter\CodeIgniter->handleRequest(NULL, Object(Config\Cache), false)
#11 C:\xampp\htdocs\ProyectoFinal\public\index.php(67): CodeIgniter\CodeIgniter->run()
#12 {main}
CRITICAL - 2022-11-03 22:30:05 --> Invalid file: actualizar_Platos.php
in SYSTEMPATH\Exceptions\FrameworkException.php on line 33.
 1 SYSTEMPATH\View\View.php(201): CodeIgniter\Exceptions\FrameworkException::forInvalidFile('actualizar_Platos.php')
 2 SYSTEMPATH\Common.php(1137): CodeIgniter\View\View->render('actualizar_Platos', [], true)
 3 APPPATH\Controllers\Platos.php(38): view('actualizar_Platos', [...])
 4 SYSTEMPATH\CodeIgniter.php(898): App\Controllers\Platos->verplatos('6,0')
 5 SYSTEMPATH\CodeIgniter.php(457): CodeIgniter\CodeIgniter->runController(Object(App\Controllers\Platos))
 6 SYSTEMPATH\CodeIgniter.php(340): CodeIgniter\CodeIgniter->handleRequest(null, Object(Config\Cache), false)
 7 FCPATH\index.php(67): CodeIgniter\CodeIgniter->run()
CRITICAL - 2022-11-03 22:34:39 --> Invalid file: actualizar_Platos.php
in SYSTEMPATH\Exceptions\FrameworkException.php on line 33.
 1 SYSTEMPATH\View\View.php(201): CodeIgniter\Exceptions\FrameworkException::forInvalidFile('actualizar_Platos.php')
 2 SYSTEMPATH\Common.php(1137): CodeIgniter\View\View->render('actualizar_Platos', [], true)
 3 APPPATH\Controllers\Platos.php(38): view('actualizar_Platos', [...])
 4 SYSTEMPATH\CodeIgniter.php(898): App\Controllers\Platos->verplatos('6,0')
 5 SYSTEMPATH\CodeIgniter.php(457): CodeIgniter\CodeIgniter->runController(Object(App\Controllers\Platos))
 6 SYSTEMPATH\CodeIgniter.php(340): CodeIgniter\CodeIgniter->handleRequest(null, Object(Config\Cache), false)
 7 FCPATH\index.php(67): CodeIgniter\CodeIgniter->run()
ERROR - 2022-11-03 22:46:29 --> mysqli_sql_exception: Cannot add or update a child row: a foreign key constraint fails (`proyecto_final_pp_2022`.`platos`, CONSTRAINT `platos_ibfk_1` FOREIGN KEY (`id_tamaño`) REFERENCES `tamaños` (`id_tamaño`) ON UPDATE CASCADE) in C:\xampp\htdocs\ProyectoFinal\system\Database\MySQLi\Connection.php:292
Stack trace:
#0 C:\xampp\htdocs\ProyectoFinal\system\Database\MySQLi\Connection.php(292): mysqli->query('INSERT INTO `pl...', 0)
#1 C:\xampp\htdocs\ProyectoFinal\system\Database\BaseConnection.php(693): CodeIgniter\Database\MySQLi\Connection->execute('INSERT INTO `pl...')
#2 C:\xampp\htdocs\ProyectoFinal\system\Database\BaseConnection.php(620): CodeIgniter\Database\BaseConnection->simpleQuery('INSERT INTO `pl...')
#3 C:\xampp\htdocs\ProyectoFinal\system\Database\BaseBuilder.php(1916): CodeIgniter\Database\BaseConnection->query('INSERT INTO `pl...', Array, false)
#4 C:\xampp\htdocs\ProyectoFinal\system\Model.php(278): CodeIgniter\Database\BaseBuilder->insert()
#5 C:\xampp\htdocs\ProyectoFinal\system\BaseModel.php(738): CodeIgniter\Model->doInsert(Array)
#6 C:\xampp\htdocs\ProyectoFinal\system\Model.php(666): CodeIgniter\BaseModel->insert(Array, true)
#7 C:\xampp\htdocs\ProyectoFinal\app\Controllers\Platos.php(22): CodeIgniter\Model->insert(Array)
#8 C:\xampp\htdocs\ProyectoFinal\system\CodeIgniter.php(898): App\Controllers\Platos->guardarPlatos()
#9 C:\xampp\htdocs\ProyectoFinal\system\CodeIgniter.php(457): CodeIgniter\CodeIgniter->runController(Object(App\Controllers\Platos))
#10 C:\xampp\htdocs\ProyectoFinal\system\CodeIgniter.php(340): CodeIgniter\CodeIgniter->handleRequest(NULL, Object(Config\Cache), false)
#11 C:\xampp\htdocs\ProyectoFinal\public\index.php(67): CodeIgniter\CodeIgniter->run()
#12 {main}
ERROR - 2022-11-03 22:47:04 --> mysqli_sql_exception: Cannot add or update a child row: a foreign key constraint fails (`proyecto_final_pp_2022`.`platos`, CONSTRAINT `platos_ibfk_1` FOREIGN KEY (`id_tamaño`) REFERENCES `tamaños` (`id_tamaño`) ON UPDATE CASCADE) in C:\xampp\htdocs\ProyectoFinal\system\Database\MySQLi\Connection.php:292
Stack trace:
#0 C:\xampp\htdocs\ProyectoFinal\system\Database\MySQLi\Connection.php(292): mysqli->query('INSERT INTO `pl...', 0)
#1 C:\xampp\htdocs\ProyectoFinal\system\Database\BaseConnection.php(693): CodeIgniter\Database\MySQLi\Connection->execute('INSERT INTO `pl...')
#2 C:\xampp\htdocs\ProyectoFinal\system\Database\BaseConnection.php(620): CodeIgniter\Database\BaseConnection->simpleQuery('INSERT INTO `pl...')
#3 C:\xampp\htdocs\ProyectoFinal\system\Database\BaseBuilder.php(1916): CodeIgniter\Database\BaseConnection->query('INSERT INTO `pl...', Array, false)
#4 C:\xampp\htdocs\ProyectoFinal\system\Model.php(278): CodeIgniter\Database\BaseBuilder->insert()
#5 C:\xampp\htdocs\ProyectoFinal\system\BaseModel.php(738): CodeIgniter\Model->doInsert(Array)
#6 C:\xampp\htdocs\ProyectoFinal\system\Model.php(666): CodeIgniter\BaseModel->insert(Array, true)
#7 C:\xampp\htdocs\ProyectoFinal\app\Controllers\Platos.php(22): CodeIgniter\Model->insert(Array)
#8 C:\xampp\htdocs\ProyectoFinal\system\CodeIgniter.php(898): App\Controllers\Platos->guardarPlatos()
#9 C:\xampp\htdocs\ProyectoFinal\system\CodeIgniter.php(457): CodeIgniter\CodeIgniter->runController(Object(App\Controllers\Platos))
#10 C:\xampp\htdocs\ProyectoFinal\system\CodeIgniter.php(340): CodeIgniter\CodeIgniter->handleRequest(NULL, Object(Config\Cache), false)
#11 C:\xampp\htdocs\ProyectoFinal\public\index.php(67): CodeIgniter\CodeIgniter->run()
#12 {main}
ERROR - 2022-11-03 22:48:38 --> mysqli_sql_exception: Cannot add or update a child row: a foreign key constraint fails (`proyecto_final_pp_2022`.`platos`, CONSTRAINT `platos_ibfk_1` FOREIGN KEY (`id_tamaño`) REFERENCES `tamaños` (`id_tamaño`) ON UPDATE CASCADE) in C:\xampp\htdocs\ProyectoFinal\system\Database\MySQLi\Connection.php:292
Stack trace:
#0 C:\xampp\htdocs\ProyectoFinal\system\Database\MySQLi\Connection.php(292): mysqli->query('INSERT INTO `pl...', 0)
#1 C:\xampp\htdocs\ProyectoFinal\system\Database\BaseConnection.php(693): CodeIgniter\Database\MySQLi\Connection->execute('INSERT INTO `pl...')
#2 C:\xampp\htdocs\ProyectoFinal\system\Database\BaseConnection.php(620): CodeIgniter\Database\BaseConnection->simpleQuery('INSERT INTO `pl...')
#3 C:\xampp\htdocs\ProyectoFinal\system\Database\BaseBuilder.php(1916): CodeIgniter\Database\BaseConnection->query('INSERT INTO `pl...', Array, false)
#4 C:\xampp\htdocs\ProyectoFinal\system\Model.php(278): CodeIgniter\Database\BaseBuilder->insert()
#5 C:\xampp\htdocs\ProyectoFinal\system\BaseModel.php(738): CodeIgniter\Model->doInsert(Array)
#6 C:\xampp\htdocs\ProyectoFinal\system\Model.php(666): CodeIgniter\BaseModel->insert(Array, true)
#7 C:\xampp\htdocs\ProyectoFinal\app\Controllers\Platos.php(22): CodeIgniter\Model->insert(Array)
#8 C:\xampp\htdocs\ProyectoFinal\system\CodeIgniter.php(898): App\Controllers\Platos->guardarPlatos()
#9 C:\xampp\htdocs\ProyectoFinal\system\CodeIgniter.php(457): CodeIgniter\CodeIgniter->runController(Object(App\Controllers\Platos))
#10 C:\xampp\htdocs\ProyectoFinal\system\CodeIgniter.php(340): CodeIgniter\CodeIgniter->handleRequest(NULL, Object(Config\Cache), false)
#11 C:\xampp\htdocs\ProyectoFinal\public\index.php(67): CodeIgniter\CodeIgniter->run()
#12 {main}
ERROR - 2022-11-03 22:54:13 --> mysqli_sql_exception: Cannot add or update a child row: a foreign key constraint fails (`proyecto_final_pp_2022`.`platos`, CONSTRAINT `platos_ibfk_1` FOREIGN KEY (`id_tamaño`) REFERENCES `tamaños` (`id_tamaño`) ON UPDATE CASCADE) in C:\xampp\htdocs\ProyectoFinal\system\Database\MySQLi\Connection.php:292
Stack trace:
#0 C:\xampp\htdocs\ProyectoFinal\system\Database\MySQLi\Connection.php(292): mysqli->query('INSERT INTO `pl...', 0)
#1 C:\xampp\htdocs\ProyectoFinal\system\Database\BaseConnection.php(693): CodeIgniter\Database\MySQLi\Connection->execute('INSERT INTO `pl...')
#2 C:\xampp\htdocs\ProyectoFinal\system\Database\BaseConnection.php(620): CodeIgniter\Database\BaseConnection->simpleQuery('INSERT INTO `pl...')
#3 C:\xampp\htdocs\ProyectoFinal\system\Database\BaseBuilder.php(1916): CodeIgniter\Database\BaseConnection->query('INSERT INTO `pl...', Array, false)
#4 C:\xampp\htdocs\ProyectoFinal\system\Model.php(278): CodeIgniter\Database\BaseBuilder->insert()
#5 C:\xampp\htdocs\ProyectoFinal\system\BaseModel.php(738): CodeIgniter\Model->doInsert(Array)
#6 C:\xampp\htdocs\ProyectoFinal\system\Model.php(666): CodeIgniter\BaseModel->insert(Array, true)
#7 C:\xampp\htdocs\ProyectoFinal\app\Controllers\Platos.php(22): CodeIgniter\Model->insert(Array)
#8 C:\xampp\htdocs\ProyectoFinal\system\CodeIgniter.php(898): App\Controllers\Platos->guardarPlatos()
#9 C:\xampp\htdocs\ProyectoFinal\system\CodeIgniter.php(457): CodeIgniter\CodeIgniter->runController(Object(App\Controllers\Platos))
#10 C:\xampp\htdocs\ProyectoFinal\system\CodeIgniter.php(340): CodeIgniter\CodeIgniter->handleRequest(NULL, Object(Config\Cache), false)
#11 C:\xampp\htdocs\ProyectoFinal\public\index.php(67): CodeIgniter\CodeIgniter->run()
#12 {main}
ERROR - 2022-11-03 22:54:30 --> mysqli_sql_exception: Cannot add or update a child row: a foreign key constraint fails (`proyecto_final_pp_2022`.`platos`, CONSTRAINT `platos_ibfk_1` FOREIGN KEY (`id_tamaño`) REFERENCES `tamaños` (`id_tamaño`) ON UPDATE CASCADE) in C:\xampp\htdocs\ProyectoFinal\system\Database\MySQLi\Connection.php:292
Stack trace:
#0 C:\xampp\htdocs\ProyectoFinal\system\Database\MySQLi\Connection.php(292): mysqli->query('INSERT INTO `pl...', 0)
#1 C:\xampp\htdocs\ProyectoFinal\system\Database\BaseConnection.php(693): CodeIgniter\Database\MySQLi\Connection->execute('INSERT INTO `pl...')
#2 C:\xampp\htdocs\ProyectoFinal\system\Database\BaseConnection.php(620): CodeIgniter\Database\BaseConnection->simpleQuery('INSERT INTO `pl...')
#3 C:\xampp\htdocs\ProyectoFinal\system\Database\BaseBuilder.php(1916): CodeIgniter\Database\BaseConnection->query('INSERT INTO `pl...', Array, false)
#4 C:\xampp\htdocs\ProyectoFinal\system\Model.php(278): CodeIgniter\Database\BaseBuilder->insert()
#5 C:\xampp\htdocs\ProyectoFinal\system\BaseModel.php(738): CodeIgniter\Model->doInsert(Array)
#6 C:\xampp\htdocs\ProyectoFinal\system\Model.php(666): CodeIgniter\BaseModel->insert(Array, true)
#7 C:\xampp\htdocs\ProyectoFinal\app\Controllers\Platos.php(22): CodeIgniter\Model->insert(Array)
#8 C:\xampp\htdocs\ProyectoFinal\system\CodeIgniter.php(898): App\Controllers\Platos->guardarPlatos()
#9 C:\xampp\htdocs\ProyectoFinal\system\CodeIgniter.php(457): CodeIgniter\CodeIgniter->runController(Object(App\Controllers\Platos))
#10 C:\xampp\htdocs\ProyectoFinal\system\CodeIgniter.php(340): CodeIgniter\CodeIgniter->handleRequest(NULL, Object(Config\Cache), false)
#11 C:\xampp\htdocs\ProyectoFinal\public\index.php(67): CodeIgniter\CodeIgniter->run()
#12 {main}
ERROR - 2022-11-03 22:57:23 --> mysqli_sql_exception: Cannot add or update a child row: a foreign key constraint fails (`proyecto_final_pp_2022`.`platos`, CONSTRAINT `platos_ibfk_1` FOREIGN KEY (`id_tamaño`) REFERENCES `tamaños` (`id_tamaño`) ON UPDATE CASCADE) in C:\xampp\htdocs\ProyectoFinal\system\Database\MySQLi\Connection.php:292
Stack trace:
#0 C:\xampp\htdocs\ProyectoFinal\system\Database\MySQLi\Connection.php(292): mysqli->query('INSERT INTO `pl...', 0)
#1 C:\xampp\htdocs\ProyectoFinal\system\Database\BaseConnection.php(693): CodeIgniter\Database\MySQLi\Connection->execute('INSERT INTO `pl...')
#2 C:\xampp\htdocs\ProyectoFinal\system\Database\BaseConnection.php(620): CodeIgniter\Database\BaseConnection->simpleQuery('INSERT INTO `pl...')
#3 C:\xampp\htdocs\ProyectoFinal\system\Database\BaseBuilder.php(1916): CodeIgniter\Database\BaseConnection->query('INSERT INTO `pl...', Array, false)
#4 C:\xampp\htdocs\ProyectoFinal\system\Model.php(278): CodeIgniter\Database\BaseBuilder->insert()
#5 C:\xampp\htdocs\ProyectoFinal\system\BaseModel.php(738): CodeIgniter\Model->doInsert(Array)
#6 C:\xampp\htdocs\ProyectoFinal\system\Model.php(666): CodeIgniter\BaseModel->insert(Array, true)
#7 C:\xampp\htdocs\ProyectoFinal\app\Controllers\Platos.php(22): CodeIgniter\Model->insert(Array)
#8 C:\xampp\htdocs\ProyectoFinal\system\CodeIgniter.php(898): App\Controllers\Platos->guardarPlatos()
#9 C:\xampp\htdocs\ProyectoFinal\system\CodeIgniter.php(457): CodeIgniter\CodeIgniter->runController(Object(App\Controllers\Platos))
#10 C:\xampp\htdocs\ProyectoFinal\system\CodeIgniter.php(340): CodeIgniter\CodeIgniter->handleRequest(NULL, Object(Config\Cache), false)
#11 C:\xampp\htdocs\ProyectoFinal\public\index.php(67): CodeIgniter\CodeIgniter->run()
#12 {main}
ERROR - 2022-11-03 23:04:30 --> mysqli_sql_exception: Cannot add or update a child row: a foreign key constraint fails (`proyecto_final_pp_2022`.`platos`, CONSTRAINT `platos_ibfk_1` FOREIGN KEY (`id_tamaño`) REFERENCES `tamaños` (`id_tamaño`) ON UPDATE CASCADE) in C:\xampp\htdocs\ProyectoFinal\system\Database\MySQLi\Connection.php:292
Stack trace:
#0 C:\xampp\htdocs\ProyectoFinal\system\Database\MySQLi\Connection.php(292): mysqli->query('INSERT INTO `pl...', 0)
#1 C:\xampp\htdocs\ProyectoFinal\system\Database\BaseConnection.php(693): CodeIgniter\Database\MySQLi\Connection->execute('INSERT INTO `pl...')
#2 C:\xampp\htdocs\ProyectoFinal\system\Database\BaseConnection.php(620): CodeIgniter\Database\BaseConnection->simpleQuery('INSERT INTO `pl...')
#3 C:\xampp\htdocs\ProyectoFinal\system\Database\BaseBuilder.php(1916): CodeIgniter\Database\BaseConnection->query('INSERT INTO `pl...', Array, false)
#4 C:\xampp\htdocs\ProyectoFinal\system\Model.php(278): CodeIgniter\Database\BaseBuilder->insert()
#5 C:\xampp\htdocs\ProyectoFinal\system\BaseModel.php(738): CodeIgniter\Model->doInsert(Array)
#6 C:\xampp\htdocs\ProyectoFinal\system\Model.php(666): CodeIgniter\BaseModel->insert(Array, true)
#7 C:\xampp\htdocs\ProyectoFinal\app\Controllers\Platos.php(22): CodeIgniter\Model->insert(Array)
#8 C:\xampp\htdocs\ProyectoFinal\system\CodeIgniter.php(898): App\Controllers\Platos->guardarPlatos()
#9 C:\xampp\htdocs\ProyectoFinal\system\CodeIgniter.php(457): CodeIgniter\CodeIgniter->runController(Object(App\Controllers\Platos))
#10 C:\xampp\htdocs\ProyectoFinal\system\CodeIgniter.php(340): CodeIgniter\CodeIgniter->handleRequest(NULL, Object(Config\Cache), false)
#11 C:\xampp\htdocs\ProyectoFinal\public\index.php(67): CodeIgniter\CodeIgniter->run()
#12 {main}
CRITICAL - 2022-11-03 23:04:30 --> Undefined variable $lista_platos
in APPPATH\Views\platos.php on line 85.
 1 APPPATH\Views\platos.php(85): CodeIgniter\Debug\Exceptions->errorHandler(2, 'Undefined variable $lista_platos', 'APPPATH\\Views\\platos.php', 85)
 2 SYSTEMPATH\View\View.php(213): include('APPPATH\\Views\\platos.php')
 3 SYSTEMPATH\View\View.php(216): CodeIgniter\View\View->CodeIgniter\View\{closure}()
 4 SYSTEMPATH\Common.php(1137): CodeIgniter\View\View->render('platos', [], true)
 5 APPPATH\Controllers\Platos.php(24): view('platos', [...])
 6 SYSTEMPATH\CodeIgniter.php(898): App\Controllers\Platos->guardarPlatos()
 7 SYSTEMPATH\CodeIgniter.php(457): CodeIgniter\CodeIgniter->runController(Object(App\Controllers\Platos))
 8 SYSTEMPATH\CodeIgniter.php(340): CodeIgniter\CodeIgniter->handleRequest(null, Object(Config\Cache), false)
 9 FCPATH\index.php(67): CodeIgniter\CodeIgniter->run()
CRITICAL - 2022-11-03 23:06:22 --> Undefined array key "id_platillo"
in APPPATH\Views\platos.php on line 94.
 1 APPPATH\Views\platos.php(94): CodeIgniter\Debug\Exceptions->errorHandler(2, 'Undefined array key "id_platillo"', 'APPPATH\\Views\\platos.php', 94)
 2 SYSTEMPATH\View\View.php(213): include('APPPATH\\Views\\platos.php')
 3 SYSTEMPATH\View\View.php(216): CodeIgniter\View\View->CodeIgniter\View\{closure}()
 4 SYSTEMPATH\Common.php(1137): CodeIgniter\View\View->render('platos', [], true)
 5 APPPATH\Controllers\Platos.php(11): view('platos', [...])
 6 SYSTEMPATH\CodeIgniter.php(898): App\Controllers\Platos->buscarPlatos()
 7 SYSTEMPATH\CodeIgniter.php(457): CodeIgniter\CodeIgniter->runController(Object(App\Controllers\Platos))
 8 SYSTEMPATH\CodeIgniter.php(340): CodeIgniter\CodeIgniter->handleRequest(null, Object(Config\Cache), false)
 9 FCPATH\index.php(67): CodeIgniter\CodeIgniter->run()
CRITICAL - 2022-11-03 23:06:39 --> Undefined array key "id_platillo"
in APPPATH\Views\platos.php on line 94.
 1 APPPATH\Views\platos.php(94): CodeIgniter\Debug\Exceptions->errorHandler(2, 'Undefined array key "id_platillo"', 'APPPATH\\Views\\platos.php', 94)
 2 SYSTEMPATH\View\View.php(213): include('APPPATH\\Views\\platos.php')
 3 SYSTEMPATH\View\View.php(216): CodeIgniter\View\View->CodeIgniter\View\{closure}()
 4 SYSTEMPATH\Common.php(1137): CodeIgniter\View\View->render('platos', [], true)
 5 APPPATH\Controllers\Platos.php(11): view('platos', [...])
 6 SYSTEMPATH\CodeIgniter.php(898): App\Controllers\Platos->buscarPlatos()
 7 SYSTEMPATH\CodeIgniter.php(457): CodeIgniter\CodeIgniter->runController(Object(App\Controllers\Platos))
 8 SYSTEMPATH\CodeIgniter.php(340): CodeIgniter\CodeIgniter->handleRequest(null, Object(Config\Cache), false)
 9 FCPATH\index.php(67): CodeIgniter\CodeIgniter->run()
ERROR - 2022-11-03 23:08:02 --> mysqli_sql_exception: Cannot add or update a child row: a foreign key constraint fails (`proyecto_final_pp_2022`.`platos`, CONSTRAINT `platos_ibfk_1` FOREIGN KEY (`id_tamaño`) REFERENCES `tamaños` (`id_tamaño`) ON UPDATE CASCADE) in C:\xampp\htdocs\ProyectoFinal\system\Database\MySQLi\Connection.php:292
Stack trace:
#0 C:\xampp\htdocs\ProyectoFinal\system\Database\MySQLi\Connection.php(292): mysqli->query('INSERT INTO `pl...', 0)
#1 C:\xampp\htdocs\ProyectoFinal\system\Database\BaseConnection.php(693): CodeIgniter\Database\MySQLi\Connection->execute('INSERT INTO `pl...')
#2 C:\xampp\htdocs\ProyectoFinal\system\Database\BaseConnection.php(620): CodeIgniter\Database\BaseConnection->simpleQuery('INSERT INTO `pl...')
#3 C:\xampp\htdocs\ProyectoFinal\system\Database\BaseBuilder.php(1916): CodeIgniter\Database\BaseConnection->query('INSERT INTO `pl...', Array, false)
#4 C:\xampp\htdocs\ProyectoFinal\system\Model.php(278): CodeIgniter\Database\BaseBuilder->insert()
#5 C:\xampp\htdocs\ProyectoFinal\system\BaseModel.php(738): CodeIgniter\Model->doInsert(Array)
#6 C:\xampp\htdocs\ProyectoFinal\system\Model.php(666): CodeIgniter\BaseModel->insert(Array, true)
#7 C:\xampp\htdocs\ProyectoFinal\app\Controllers\Platos.php(22): CodeIgniter\Model->insert(Array)
#8 C:\xampp\htdocs\ProyectoFinal\system\CodeIgniter.php(898): App\Controllers\Platos->guardarPlatos()
#9 C:\xampp\htdocs\ProyectoFinal\system\CodeIgniter.php(457): CodeIgniter\CodeIgniter->runController(Object(App\Controllers\Platos))
#10 C:\xampp\htdocs\ProyectoFinal\system\CodeIgniter.php(340): CodeIgniter\CodeIgniter->handleRequest(NULL, Object(Config\Cache), false)
#11 C:\xampp\htdocs\ProyectoFinal\public\index.php(67): CodeIgniter\CodeIgniter->run()
#12 {main}
CRITICAL - 2022-11-03 23:08:02 --> Undefined variable $lista_platos
in APPPATH\Views\platos.php on line 85.
 1 APPPATH\Views\platos.php(85): CodeIgniter\Debug\Exceptions->errorHandler(2, 'Undefined variable $lista_platos', 'APPPATH\\Views\\platos.php', 85)
 2 SYSTEMPATH\View\View.php(213): include('APPPATH\\Views\\platos.php')
 3 SYSTEMPATH\View\View.php(216): CodeIgniter\View\View->CodeIgniter\View\{closure}()
 4 SYSTEMPATH\Common.php(1137): CodeIgniter\View\View->render('platos', [], true)
 5 APPPATH\Controllers\Platos.php(24): view('platos', [...])
 6 SYSTEMPATH\CodeIgniter.php(898): App\Controllers\Platos->guardarPlatos()
 7 SYSTEMPATH\CodeIgniter.php(457): CodeIgniter\CodeIgniter->runController(Object(App\Controllers\Platos))
 8 SYSTEMPATH\CodeIgniter.php(340): CodeIgniter\CodeIgniter->handleRequest(null, Object(Config\Cache), false)
 9 FCPATH\index.php(67): CodeIgniter\CodeIgniter->run()
CRITICAL - 2022-11-03 23:10:19 --> Undefined variable $lista_platos
in APPPATH\Views\platos.php on line 85.
 1 APPPATH\Views\platos.php(85): CodeIgniter\Debug\Exceptions->errorHandler(2, 'Undefined variable $lista_platos', 'APPPATH\\Views\\platos.php', 85)
 2 SYSTEMPATH\View\View.php(213): include('APPPATH\\Views\\platos.php')
 3 SYSTEMPATH\View\View.php(216): CodeIgniter\View\View->CodeIgniter\View\{closure}()
 4 SYSTEMPATH\Common.php(1137): CodeIgniter\View\View->render('platos', [], true)
 5 APPPATH\Controllers\Platos.php(11): view('platos', [...])
 6 SYSTEMPATH\CodeIgniter.php(898): App\Controllers\Platos->buscarPlatos()
 7 SYSTEMPATH\CodeIgniter.php(457): CodeIgniter\CodeIgniter->runController(Object(App\Controllers\Platos))
 8 SYSTEMPATH\CodeIgniter.php(340): CodeIgniter\CodeIgniter->handleRequest(null, Object(Config\Cache), false)
 9 FCPATH\index.php(67): CodeIgniter\CodeIgniter->run()
CRITICAL - 2022-11-03 23:10:24 --> Undefined variable $lista_platos
in APPPATH\Views\platos.php on line 85.
 1 APPPATH\Views\platos.php(85): CodeIgniter\Debug\Exceptions->errorHandler(2, 'Undefined variable $lista_platos', 'APPPATH\\Views\\platos.php', 85)
 2 SYSTEMPATH\View\View.php(213): include('APPPATH\\Views\\platos.php')
 3 SYSTEMPATH\View\View.php(216): CodeIgniter\View\View->CodeIgniter\View\{closure}()
 4 SYSTEMPATH\Common.php(1137): CodeIgniter\View\View->render('platos', [], true)
 5 APPPATH\Controllers\Platos.php(11): view('platos', [...])
 6 SYSTEMPATH\CodeIgniter.php(898): App\Controllers\Platos->buscarPlatos()
 7 SYSTEMPATH\CodeIgniter.php(457): CodeIgniter\CodeIgniter->runController(Object(App\Controllers\Platos))
 8 SYSTEMPATH\CodeIgniter.php(340): CodeIgniter\CodeIgniter->handleRequest(null, Object(Config\Cache), false)
 9 FCPATH\index.php(67): CodeIgniter\CodeIgniter->run()
CRITICAL - 2022-11-03 23:10:55 --> Undefined variable $lista_platos
in APPPATH\Views\platos.php on line 85.
 1 APPPATH\Views\platos.php(85): CodeIgniter\Debug\Exceptions->errorHandler(2, 'Undefined variable $lista_platos', 'APPPATH\\Views\\platos.php', 85)
 2 SYSTEMPATH\View\View.php(213): include('APPPATH\\Views\\platos.php')
 3 SYSTEMPATH\View\View.php(216): CodeIgniter\View\View->CodeIgniter\View\{closure}()
 4 SYSTEMPATH\Common.php(1137): CodeIgniter\View\View->render('platos', [], true)
 5 APPPATH\Controllers\Platos.php(11): view('platos', [...])
 6 SYSTEMPATH\CodeIgniter.php(898): App\Controllers\Platos->buscarPlatos()
 7 SYSTEMPATH\CodeIgniter.php(457): CodeIgniter\CodeIgniter->runController(Object(App\Controllers\Platos))
 8 SYSTEMPATH\CodeIgniter.php(340): CodeIgniter\CodeIgniter->handleRequest(null, Object(Config\Cache), false)
 9 FCPATH\index.php(67): CodeIgniter\CodeIgniter->run()
CRITICAL - 2022-11-03 23:12:34 --> Undefined variable $lista_platos
in APPPATH\Views\platos.php on line 85.
 1 APPPATH\Views\platos.php(85): CodeIgniter\Debug\Exceptions->errorHandler(2, 'Undefined variable $lista_platos', 'APPPATH\\Views\\platos.php', 85)
 2 SYSTEMPATH\View\View.php(213): include('APPPATH\\Views\\platos.php')
 3 SYSTEMPATH\View\View.php(216): CodeIgniter\View\View->CodeIgniter\View\{closure}()
 4 SYSTEMPATH\Common.php(1137): CodeIgniter\View\View->render('platos', [], true)
 5 APPPATH\Controllers\Platos.php(11): view('platos', [...])
 6 SYSTEMPATH\CodeIgniter.php(898): App\Controllers\Platos->buscarPlatos()
 7 SYSTEMPATH\CodeIgniter.php(457): CodeIgniter\CodeIgniter->runController(Object(App\Controllers\Platos))
 8 SYSTEMPATH\CodeIgniter.php(340): CodeIgniter\CodeIgniter->handleRequest(null, Object(Config\Cache), false)
 9 FCPATH\index.php(67): CodeIgniter\CodeIgniter->run()
CRITICAL - 2022-11-03 23:13:42 --> Undefined variable $lista_platos
in APPPATH\Views\platos.php on line 85.
 1 APPPATH\Views\platos.php(85): CodeIgniter\Debug\Exceptions->errorHandler(2, 'Undefined variable $lista_platos', 'APPPATH\\Views\\platos.php', 85)
 2 SYSTEMPATH\View\View.php(213): include('APPPATH\\Views\\platos.php')
 3 SYSTEMPATH\View\View.php(216): CodeIgniter\View\View->CodeIgniter\View\{closure}()
 4 SYSTEMPATH\Common.php(1137): CodeIgniter\View\View->render('platos', [], true)
 5 APPPATH\Controllers\Platos.php(11): view('platos', [...])
 6 SYSTEMPATH\CodeIgniter.php(898): App\Controllers\Platos->buscarPlatos()
 7 SYSTEMPATH\CodeIgniter.php(457): CodeIgniter\CodeIgniter->runController(Object(App\Controllers\Platos))
 8 SYSTEMPATH\CodeIgniter.php(340): CodeIgniter\CodeIgniter->handleRequest(null, Object(Config\Cache), false)
 9 FCPATH\index.php(67): CodeIgniter\CodeIgniter->run()
CRITICAL - 2022-11-03 23:15:10 --> Undefined variable $lista_platos
in APPPATH\Views\platos.php on line 85.
 1 APPPATH\Views\platos.php(85): CodeIgniter\Debug\Exceptions->errorHandler(2, 'Undefined variable $lista_platos', 'APPPATH\\Views\\platos.php', 85)
 2 SYSTEMPATH\View\View.php(213): include('APPPATH\\Views\\platos.php')
 3 SYSTEMPATH\View\View.php(216): CodeIgniter\View\View->CodeIgniter\View\{closure}()
 4 SYSTEMPATH\Common.php(1137): CodeIgniter\View\View->render('platos', [], true)
 5 APPPATH\Controllers\Platos.php(11): view('platos', [...])
 6 SYSTEMPATH\CodeIgniter.php(898): App\Controllers\Platos->buscarPlatos()
 7 SYSTEMPATH\CodeIgniter.php(457): CodeIgniter\CodeIgniter->runController(Object(App\Controllers\Platos))
 8 SYSTEMPATH\CodeIgniter.php(340): CodeIgniter\CodeIgniter->handleRequest(null, Object(Config\Cache), false)
 9 FCPATH\index.php(67): CodeIgniter\CodeIgniter->run()
CRITICAL - 2022-11-03 23:17:35 --> Undefined variable $lista_platos
in APPPATH\Views\platos.php on line 85.
 1 APPPATH\Views\platos.php(85): CodeIgniter\Debug\Exceptions->errorHandler(2, 'Undefined variable $lista_platos', 'APPPATH\\Views\\platos.php', 85)
 2 SYSTEMPATH\View\View.php(213): include('APPPATH\\Views\\platos.php')
 3 SYSTEMPATH\View\View.php(216): CodeIgniter\View\View->CodeIgniter\View\{closure}()
 4 SYSTEMPATH\Common.php(1137): CodeIgniter\View\View->render('platos', [], true)
 5 APPPATH\Controllers\Platos.php(11): view('platos', [...])
 6 SYSTEMPATH\CodeIgniter.php(898): App\Controllers\Platos->buscarPlatos()
 7 SYSTEMPATH\CodeIgniter.php(457): CodeIgniter\CodeIgniter->runController(Object(App\Controllers\Platos))
 8 SYSTEMPATH\CodeIgniter.php(340): CodeIgniter\CodeIgniter->handleRequest(null, Object(Config\Cache), false)
 9 FCPATH\index.php(67): CodeIgniter\CodeIgniter->run()
CRITICAL - 2022-11-03 23:19:13 --> Undefined variable $lista_plato
in APPPATH\Views\platos.php on line 85.
 1 APPPATH\Views\platos.php(85): CodeIgniter\Debug\Exceptions->errorHandler(2, 'Undefined variable $lista_plato', 'APPPATH\\Views\\platos.php', 85)
 2 SYSTEMPATH\View\View.php(213): include('APPPATH\\Views\\platos.php')
 3 SYSTEMPATH\View\View.php(216): CodeIgniter\View\View->CodeIgniter\View\{closure}()
 4 SYSTEMPATH\Common.php(1137): CodeIgniter\View\View->render('platos', [], true)
 5 APPPATH\Controllers\Platos.php(11): view('platos', [...])
 6 SYSTEMPATH\CodeIgniter.php(898): App\Controllers\Platos->buscarPlatos()
 7 SYSTEMPATH\CodeIgniter.php(457): CodeIgniter\CodeIgniter->runController(Object(App\Controllers\Platos))
 8 SYSTEMPATH\CodeIgniter.php(340): CodeIgniter\CodeIgniter->handleRequest(null, Object(Config\Cache), false)
 9 FCPATH\index.php(67): CodeIgniter\CodeIgniter->run()
CRITICAL - 2022-11-03 23:22:56 --> Undefined variable $lista_plato
in APPPATH\Views\platos.php on line 85.
 1 APPPATH\Views\platos.php(85): CodeIgniter\Debug\Exceptions->errorHandler(2, 'Undefined variable $lista_plato', 'APPPATH\\Views\\platos.php', 85)
 2 SYSTEMPATH\View\View.php(213): include('APPPATH\\Views\\platos.php')
 3 SYSTEMPATH\View\View.php(216): CodeIgniter\View\View->CodeIgniter\View\{closure}()
 4 SYSTEMPATH\Common.php(1137): CodeIgniter\View\View->render('platos', [], true)
 5 APPPATH\Controllers\Platos.php(11): view('platos', [...])
 6 SYSTEMPATH\CodeIgniter.php(898): App\Controllers\Platos->buscarPlatos()
 7 SYSTEMPATH\CodeIgniter.php(457): CodeIgniter\CodeIgniter->runController(Object(App\Controllers\Platos))
 8 SYSTEMPATH\CodeIgniter.php(340): CodeIgniter\CodeIgniter->handleRequest(null, Object(Config\Cache), false)
 9 FCPATH\index.php(67): CodeIgniter\CodeIgniter->run()
ERROR - 2022-11-03 23:24:30 --> mysqli_sql_exception: Cannot add or update a child row: a foreign key constraint fails (`proyecto_final_pp_2022`.`platos`, CONSTRAINT `platos_ibfk_1` FOREIGN KEY (`id_tamaño`) REFERENCES `tamaños` (`id_tamaño`) ON UPDATE CASCADE) in C:\xampp\htdocs\ProyectoFinal\system\Database\MySQLi\Connection.php:292
Stack trace:
#0 C:\xampp\htdocs\ProyectoFinal\system\Database\MySQLi\Connection.php(292): mysqli->query('INSERT INTO `pl...', 0)
#1 C:\xampp\htdocs\ProyectoFinal\system\Database\BaseConnection.php(693): CodeIgniter\Database\MySQLi\Connection->execute('INSERT INTO `pl...')
#2 C:\xampp\htdocs\ProyectoFinal\system\Database\BaseConnection.php(620): CodeIgniter\Database\BaseConnection->simpleQuery('INSERT INTO `pl...')
#3 C:\xampp\htdocs\ProyectoFinal\system\Database\BaseBuilder.php(1916): CodeIgniter\Database\BaseConnection->query('INSERT INTO `pl...', Array, false)
#4 C:\xampp\htdocs\ProyectoFinal\system\Model.php(278): CodeIgniter\Database\BaseBuilder->insert()
#5 C:\xampp\htdocs\ProyectoFinal\system\BaseModel.php(738): CodeIgniter\Model->doInsert(Array)
#6 C:\xampp\htdocs\ProyectoFinal\system\Model.php(666): CodeIgniter\BaseModel->insert(Array, true)
#7 C:\xampp\htdocs\ProyectoFinal\app\Controllers\Platos.php(22): CodeIgniter\Model->insert(Array)
#8 C:\xampp\htdocs\ProyectoFinal\system\CodeIgniter.php(898): App\Controllers\Platos->guardarPlatos()
#9 C:\xampp\htdocs\ProyectoFinal\system\CodeIgniter.php(457): CodeIgniter\CodeIgniter->runController(Object(App\Controllers\Platos))
#10 C:\xampp\htdocs\ProyectoFinal\system\CodeIgniter.php(340): CodeIgniter\CodeIgniter->handleRequest(NULL, Object(Config\Cache), false)
#11 C:\xampp\htdocs\ProyectoFinal\public\index.php(67): CodeIgniter\CodeIgniter->run()
#12 {main}
ERROR - 2022-11-03 23:28:54 --> mysqli_sql_exception: Cannot add or update a child row: a foreign key constraint fails (`proyecto_final_pp_2022`.`platos`, CONSTRAINT `platos_ibfk_1` FOREIGN KEY (`id_tamaño`) REFERENCES `tamaños` (`id_tamaño`) ON UPDATE CASCADE) in C:\xampp\htdocs\ProyectoFinal\system\Database\MySQLi\Connection.php:292
Stack trace:
#0 C:\xampp\htdocs\ProyectoFinal\system\Database\MySQLi\Connection.php(292): mysqli->query('INSERT INTO `pl...', 0)
#1 C:\xampp\htdocs\ProyectoFinal\system\Database\BaseConnection.php(693): CodeIgniter\Database\MySQLi\Connection->execute('INSERT INTO `pl...')
#2 C:\xampp\htdocs\ProyectoFinal\system\Database\BaseConnection.php(620): CodeIgniter\Database\BaseConnection->simpleQuery('INSERT INTO `pl...')
#3 C:\xampp\htdocs\ProyectoFinal\system\Database\BaseBuilder.php(1916): CodeIgniter\Database\BaseConnection->query('INSERT INTO `pl...', Array, false)
#4 C:\xampp\htdocs\ProyectoFinal\system\Model.php(278): CodeIgniter\Database\BaseBuilder->insert()
#5 C:\xampp\htdocs\ProyectoFinal\system\BaseModel.php(738): CodeIgniter\Model->doInsert(Array)
#6 C:\xampp\htdocs\ProyectoFinal\system\Model.php(666): CodeIgniter\BaseModel->insert(Array, true)
#7 C:\xampp\htdocs\ProyectoFinal\app\Controllers\Platos.php(22): CodeIgniter\Model->insert(Array)
#8 C:\xampp\htdocs\ProyectoFinal\system\CodeIgniter.php(898): App\Controllers\Platos->guardarPlatos()
#9 C:\xampp\htdocs\ProyectoFinal\system\CodeIgniter.php(457): CodeIgniter\CodeIgniter->runController(Object(App\Controllers\Platos))
>>>>>>> 46fbc176c19af31b33535bdaf3a6f101deca56a8
#10 C:\xampp\htdocs\ProyectoFinal\system\CodeIgniter.php(340): CodeIgniter\CodeIgniter->handleRequest(NULL, Object(Config\Cache), false)
#11 C:\xampp\htdocs\ProyectoFinal\public\index.php(67): CodeIgniter\CodeIgniter->run()
#12 {main}
