CRITICAL - 2022-08-12 13:07:32 --> Undefined variable $lista_departamentos
in APPPATH\Views\departamentos.php on line 27.
 1 APPPATH\Views\departamentos.php(27): CodeIgniter\Debug\Exceptions->errorHandler(2, 'Undefined variable $lista_departamentos', 'APPPATH\\Views\\departamentos.php', 27)
 2 SYSTEMPATH\View\View.php(213): include('APPPATH\\Views\\departamentos.php')
 3 SYSTEMPATH\View\View.php(216): CodeIgniter\View\View->CodeIgniter\View\{closure}()
 4 SYSTEMPATH\Common.php(1137): CodeIgniter\View\View->render('departamentos', [], true)
 5 APPPATH\Controllers\Departamentos.php(15): view('departamentos', [...])
 6 SYSTEMPATH\CodeIgniter.php(898): App\Controllers\Departamentos->listarDepartamentos()
 7 SYSTEMPATH\CodeIgniter.php(457): CodeIgniter\CodeIgniter->runController(Object(App\Controllers\Departamentos))
 8 SYSTEMPATH\CodeIgniter.php(340): CodeIgniter\CodeIgniter->handleRequest(null, Object(Config\Cache), false)
 9 FCPATH\index.php(67): CodeIgniter\CodeIgniter->run()
CRITICAL - 2022-08-12 13:07:39 --> Undefined variable $lista_departamentos
in APPPATH\Views\departamentos.php on line 27.
 1 APPPATH\Views\departamentos.php(27): CodeIgniter\Debug\Exceptions->errorHandler(2, 'Undefined variable $lista_departamentos', 'APPPATH\\Views\\departamentos.php', 27)
 2 SYSTEMPATH\View\View.php(213): include('APPPATH\\Views\\departamentos.php')
 3 SYSTEMPATH\View\View.php(216): CodeIgniter\View\View->CodeIgniter\View\{closure}()
 4 SYSTEMPATH\Common.php(1137): CodeIgniter\View\View->render('departamentos', [], true)
 5 APPPATH\Controllers\Departamentos.php(15): view('departamentos', [...])
 6 SYSTEMPATH\CodeIgniter.php(898): App\Controllers\Departamentos->listarDepartamentos()
 7 SYSTEMPATH\CodeIgniter.php(457): CodeIgniter\CodeIgniter->runController(Object(App\Controllers\Departamentos))
 8 SYSTEMPATH\CodeIgniter.php(340): CodeIgniter\CodeIgniter->handleRequest(null, Object(Config\Cache), false)
 9 FCPATH\index.php(67): CodeIgniter\CodeIgniter->run()
CRITICAL - 2022-08-12 13:08:19 --> Undefined variable $lista_departamentos
in APPPATH\Views\departamentos.php on line 27.
 1 APPPATH\Views\departamentos.php(27): CodeIgniter\Debug\Exceptions->errorHandler(2, 'Undefined variable $lista_departamentos', 'APPPATH\\Views\\departamentos.php', 27)
 2 SYSTEMPATH\View\View.php(213): include('APPPATH\\Views\\departamentos.php')
 3 SYSTEMPATH\View\View.php(216): CodeIgniter\View\View->CodeIgniter\View\{closure}()
 4 SYSTEMPATH\Common.php(1137): CodeIgniter\View\View->render('departamentos', [], true)
 5 APPPATH\Controllers\Departamentos.php(15): view('departamentos', [...])
 6 SYSTEMPATH\CodeIgniter.php(898): App\Controllers\Departamentos->listarDepartamentos()
 7 SYSTEMPATH\CodeIgniter.php(457): CodeIgniter\CodeIgniter->runController(Object(App\Controllers\Departamentos))
 8 SYSTEMPATH\CodeIgniter.php(340): CodeIgniter\CodeIgniter->handleRequest(null, Object(Config\Cache), false)
 9 FCPATH\index.php(67): CodeIgniter\CodeIgniter->run()
CRITICAL - 2022-08-12 13:26:46 --> Undefined variable $lista_departamentos
in APPPATH\Views\ciudadanos.php on line 34.
 1 APPPATH\Views\ciudadanos.php(34): CodeIgniter\Debug\Exceptions->errorHandler(2, 'Undefined variable $lista_departamentos', 'APPPATH\\Views\\ciudadanos.php', 34)
 2 SYSTEMPATH\View\View.php(213): include('APPPATH\\Views\\ciudadanos.php')
 3 SYSTEMPATH\View\View.php(216): CodeIgniter\View\View->CodeIgniter\View\{closure}()
 4 SYSTEMPATH\Common.php(1137): CodeIgniter\View\View->render('ciudadanos', [], true)
 5 APPPATH\Controllers\Ciudadanos.php(15): view('ciudadanos', [...])
 6 SYSTEMPATH\CodeIgniter.php(898): App\Controllers\Ciudadanos->listarCiudadanos()
 7 SYSTEMPATH\CodeIgniter.php(457): CodeIgniter\CodeIgniter->runController(Object(App\Controllers\Ciudadanos))
 8 SYSTEMPATH\CodeIgniter.php(340): CodeIgniter\CodeIgniter->handleRequest(null, Object(Config\Cache), false)
 9 FCPATH\index.php(67): CodeIgniter\CodeIgniter->run()
CRITICAL - 2022-08-12 13:27:48 --> Undefined variable $lista_cuidadanos
in APPPATH\Views\ciudadanos.php on line 34.
 1 APPPATH\Views\ciudadanos.php(34): CodeIgniter\Debug\Exceptions->errorHandler(2, 'Undefined variable $lista_cuidadanos', 'APPPATH\\Views\\ciudadanos.php', 34)
 2 SYSTEMPATH\View\View.php(213): include('APPPATH\\Views\\ciudadanos.php')
 3 SYSTEMPATH\View\View.php(216): CodeIgniter\View\View->CodeIgniter\View\{closure}()
 4 SYSTEMPATH\Common.php(1137): CodeIgniter\View\View->render('ciudadanos', [], true)
 5 APPPATH\Controllers\Ciudadanos.php(15): view('ciudadanos', [...])
 6 SYSTEMPATH\CodeIgniter.php(898): App\Controllers\Ciudadanos->listarCiudadanos()
 7 SYSTEMPATH\CodeIgniter.php(457): CodeIgniter\CodeIgniter->runController(Object(App\Controllers\Ciudadanos))
 8 SYSTEMPATH\CodeIgniter.php(340): CodeIgniter\CodeIgniter->handleRequest(null, Object(Config\Cache), false)
 9 FCPATH\index.php(67): CodeIgniter\CodeIgniter->run()
CRITICAL - 2022-08-12 13:31:34 --> Undefined variable $lista_cuidadanos
in APPPATH\Views\ciudadanos.php on line 34.
 1 APPPATH\Views\ciudadanos.php(34): CodeIgniter\Debug\Exceptions->errorHandler(2, 'Undefined variable $lista_cuidadanos', 'APPPATH\\Views\\ciudadanos.php', 34)
 2 SYSTEMPATH\View\View.php(213): include('APPPATH\\Views\\ciudadanos.php')
 3 SYSTEMPATH\View\View.php(216): CodeIgniter\View\View->CodeIgniter\View\{closure}()
 4 SYSTEMPATH\Common.php(1137): CodeIgniter\View\View->render('ciudadanos', [], true)
 5 APPPATH\Controllers\Ciudadanos.php(15): view('ciudadanos', [...])
 6 SYSTEMPATH\CodeIgniter.php(898): App\Controllers\Ciudadanos->listarCiudadanos()
 7 SYSTEMPATH\CodeIgniter.php(457): CodeIgniter\CodeIgniter->runController(Object(App\Controllers\Ciudadanos))
 8 SYSTEMPATH\CodeIgniter.php(340): CodeIgniter\CodeIgniter->handleRequest(null, Object(Config\Cache), false)
 9 FCPATH\index.php(67): CodeIgniter\CodeIgniter->run()
CRITICAL - 2022-08-12 13:33:39 --> Undefined variable $lista_cuidadanos
in APPPATH\Views\ciudadanos.php on line 34.
 1 APPPATH\Views\ciudadanos.php(34): CodeIgniter\Debug\Exceptions->errorHandler(2, 'Undefined variable $lista_cuidadanos', 'APPPATH\\Views\\ciudadanos.php', 34)
 2 SYSTEMPATH\View\View.php(213): include('APPPATH\\Views\\ciudadanos.php')
 3 SYSTEMPATH\View\View.php(216): CodeIgniter\View\View->CodeIgniter\View\{closure}()
 4 SYSTEMPATH\Common.php(1137): CodeIgniter\View\View->render('ciudadanos', [], true)
 5 APPPATH\Controllers\Ciudadanos.php(15): view('ciudadanos', [...])
 6 SYSTEMPATH\CodeIgniter.php(898): App\Controllers\Ciudadanos->listarCiudadanos()
 7 SYSTEMPATH\CodeIgniter.php(457): CodeIgniter\CodeIgniter->runController(Object(App\Controllers\Ciudadanos))
 8 SYSTEMPATH\CodeIgniter.php(340): CodeIgniter\CodeIgniter->handleRequest(null, Object(Config\Cache), false)
 9 FCPATH\index.php(67): CodeIgniter\CodeIgniter->run()
CRITICAL - 2022-08-12 13:34:07 --> Undefined variable $lista_cuidadanos
in APPPATH\Views\ciudadanos.php on line 34.
 1 APPPATH\Views\ciudadanos.php(34): CodeIgniter\Debug\Exceptions->errorHandler(2, 'Undefined variable $lista_cuidadanos', 'APPPATH\\Views\\ciudadanos.php', 34)
 2 SYSTEMPATH\View\View.php(213): include('APPPATH\\Views\\ciudadanos.php')
 3 SYSTEMPATH\View\View.php(216): CodeIgniter\View\View->CodeIgniter\View\{closure}()
 4 SYSTEMPATH\Common.php(1137): CodeIgniter\View\View->render('ciudadanos', [], true)
 5 APPPATH\Controllers\Ciudadanos.php(15): view('ciudadanos', [...])
 6 SYSTEMPATH\CodeIgniter.php(898): App\Controllers\Ciudadanos->listarCiudadanos()
 7 SYSTEMPATH\CodeIgniter.php(457): CodeIgniter\CodeIgniter->runController(Object(App\Controllers\Ciudadanos))
 8 SYSTEMPATH\CodeIgniter.php(340): CodeIgniter\CodeIgniter->handleRequest(null, Object(Config\Cache), false)
 9 FCPATH\index.php(67): CodeIgniter\CodeIgniter->run()
CRITICAL - 2022-08-12 13:58:04 --> Undefined variable $lista_cuidadanos
in APPPATH\Views\ciudadanos.php on line 34.
 1 APPPATH\Views\ciudadanos.php(34): CodeIgniter\Debug\Exceptions->errorHandler(2, 'Undefined variable $lista_cuidadanos', 'APPPATH\\Views\\ciudadanos.php', 34)
 2 SYSTEMPATH\View\View.php(213): include('APPPATH\\Views\\ciudadanos.php')
 3 SYSTEMPATH\View\View.php(216): CodeIgniter\View\View->CodeIgniter\View\{closure}()
 4 SYSTEMPATH\Common.php(1137): CodeIgniter\View\View->render('ciudadanos', [], true)
 5 APPPATH\Controllers\Ciudadanos.php(12): view('ciudadanos', [...])
 6 SYSTEMPATH\CodeIgniter.php(898): App\Controllers\Ciudadanos->listarCiudadanos()
 7 SYSTEMPATH\CodeIgniter.php(457): CodeIgniter\CodeIgniter->runController(Object(App\Controllers\Ciudadanos))
 8 SYSTEMPATH\CodeIgniter.php(340): CodeIgniter\CodeIgniter->handleRequest(null, Object(Config\Cache), false)
 9 FCPATH\index.php(67): CodeIgniter\CodeIgniter->run()
CRITICAL - 2022-08-12 13:58:10 --> Undefined variable $lista_cuidadanos
in APPPATH\Views\ciudadanos.php on line 34.
 1 APPPATH\Views\ciudadanos.php(34): CodeIgniter\Debug\Exceptions->errorHandler(2, 'Undefined variable $lista_cuidadanos', 'APPPATH\\Views\\ciudadanos.php', 34)
 2 SYSTEMPATH\View\View.php(213): include('APPPATH\\Views\\ciudadanos.php')
 3 SYSTEMPATH\View\View.php(216): CodeIgniter\View\View->CodeIgniter\View\{closure}()
 4 SYSTEMPATH\Common.php(1137): CodeIgniter\View\View->render('ciudadanos', [], true)
 5 APPPATH\Controllers\Ciudadanos.php(12): view('ciudadanos', [...])
 6 SYSTEMPATH\CodeIgniter.php(898): App\Controllers\Ciudadanos->listarCiudadanos()
 7 SYSTEMPATH\CodeIgniter.php(457): CodeIgniter\CodeIgniter->runController(Object(App\Controllers\Ciudadanos))
 8 SYSTEMPATH\CodeIgniter.php(340): CodeIgniter\CodeIgniter->handleRequest(null, Object(Config\Cache), false)
 9 FCPATH\index.php(67): CodeIgniter\CodeIgniter->run()
CRITICAL - 2022-08-12 14:01:57 --> Undefined variable $lista_cuidadanos
in APPPATH\Views\ciudadanos.php on line 34.
 1 APPPATH\Views\ciudadanos.php(34): CodeIgniter\Debug\Exceptions->errorHandler(2, 'Undefined variable $lista_cuidadanos', 'APPPATH\\Views\\ciudadanos.php', 34)
 2 SYSTEMPATH\View\View.php(213): include('APPPATH\\Views\\ciudadanos.php')
 3 SYSTEMPATH\View\View.php(216): CodeIgniter\View\View->CodeIgniter\View\{closure}()
 4 SYSTEMPATH\Common.php(1137): CodeIgniter\View\View->render('ciudadanos', [], true)
 5 APPPATH\Controllers\Ciudadanos.php(12): view('ciudadanos', [...])
 6 SYSTEMPATH\CodeIgniter.php(898): App\Controllers\Ciudadanos->listarCiudadanos()
 7 SYSTEMPATH\CodeIgniter.php(457): CodeIgniter\CodeIgniter->runController(Object(App\Controllers\Ciudadanos))
 8 SYSTEMPATH\CodeIgniter.php(340): CodeIgniter\CodeIgniter->handleRequest(null, Object(Config\Cache), false)
 9 FCPATH\index.php(67): CodeIgniter\CodeIgniter->run()
CRITICAL - 2022-08-12 14:01:59 --> Undefined variable $lista_cuidadanos
in APPPATH\Views\ciudadanos.php on line 34.
 1 APPPATH\Views\ciudadanos.php(34): CodeIgniter\Debug\Exceptions->errorHandler(2, 'Undefined variable $lista_cuidadanos', 'APPPATH\\Views\\ciudadanos.php', 34)
 2 SYSTEMPATH\View\View.php(213): include('APPPATH\\Views\\ciudadanos.php')
 3 SYSTEMPATH\View\View.php(216): CodeIgniter\View\View->CodeIgniter\View\{closure}()
 4 SYSTEMPATH\Common.php(1137): CodeIgniter\View\View->render('ciudadanos', [], true)
 5 APPPATH\Controllers\Ciudadanos.php(12): view('ciudadanos', [...])
 6 SYSTEMPATH\CodeIgniter.php(898): App\Controllers\Ciudadanos->listarCiudadanos()
 7 SYSTEMPATH\CodeIgniter.php(457): CodeIgniter\CodeIgniter->runController(Object(App\Controllers\Ciudadanos))
 8 SYSTEMPATH\CodeIgniter.php(340): CodeIgniter\CodeIgniter->handleRequest(null, Object(Config\Cache), false)
 9 FCPATH\index.php(67): CodeIgniter\CodeIgniter->run()
CRITICAL - 2022-08-12 14:01:59 --> Undefined variable $lista_cuidadanos
in APPPATH\Views\ciudadanos.php on line 34.
 1 APPPATH\Views\ciudadanos.php(34): CodeIgniter\Debug\Exceptions->errorHandler(2, 'Undefined variable $lista_cuidadanos', 'APPPATH\\Views\\ciudadanos.php', 34)
 2 SYSTEMPATH\View\View.php(213): include('APPPATH\\Views\\ciudadanos.php')
 3 SYSTEMPATH\View\View.php(216): CodeIgniter\View\View->CodeIgniter\View\{closure}()
 4 SYSTEMPATH\Common.php(1137): CodeIgniter\View\View->render('ciudadanos', [], true)
 5 APPPATH\Controllers\Ciudadanos.php(12): view('ciudadanos', [...])
 6 SYSTEMPATH\CodeIgniter.php(898): App\Controllers\Ciudadanos->listarCiudadanos()
 7 SYSTEMPATH\CodeIgniter.php(457): CodeIgniter\CodeIgniter->runController(Object(App\Controllers\Ciudadanos))
 8 SYSTEMPATH\CodeIgniter.php(340): CodeIgniter\CodeIgniter->handleRequest(null, Object(Config\Cache), false)
 9 FCPATH\index.php(67): CodeIgniter\CodeIgniter->run()
CRITICAL - 2022-08-12 14:02:00 --> Undefined variable $lista_cuidadanos
in APPPATH\Views\ciudadanos.php on line 34.
 1 APPPATH\Views\ciudadanos.php(34): CodeIgniter\Debug\Exceptions->errorHandler(2, 'Undefined variable $lista_cuidadanos', 'APPPATH\\Views\\ciudadanos.php', 34)
 2 SYSTEMPATH\View\View.php(213): include('APPPATH\\Views\\ciudadanos.php')
 3 SYSTEMPATH\View\View.php(216): CodeIgniter\View\View->CodeIgniter\View\{closure}()
 4 SYSTEMPATH\Common.php(1137): CodeIgniter\View\View->render('ciudadanos', [], true)
 5 APPPATH\Controllers\Ciudadanos.php(12): view('ciudadanos', [...])
 6 SYSTEMPATH\CodeIgniter.php(898): App\Controllers\Ciudadanos->listarCiudadanos()
 7 SYSTEMPATH\CodeIgniter.php(457): CodeIgniter\CodeIgniter->runController(Object(App\Controllers\Ciudadanos))
 8 SYSTEMPATH\CodeIgniter.php(340): CodeIgniter\CodeIgniter->handleRequest(null, Object(Config\Cache), false)
 9 FCPATH\index.php(67): CodeIgniter\CodeIgniter->run()
CRITICAL - 2022-08-12 14:02:17 --> Undefined variable $lista_cuidadanos
in APPPATH\Views\ciudadanos.php on line 34.
 1 APPPATH\Views\ciudadanos.php(34): CodeIgniter\Debug\Exceptions->errorHandler(2, 'Undefined variable $lista_cuidadanos', 'APPPATH\\Views\\ciudadanos.php', 34)
 2 SYSTEMPATH\View\View.php(213): include('APPPATH\\Views\\ciudadanos.php')
 3 SYSTEMPATH\View\View.php(216): CodeIgniter\View\View->CodeIgniter\View\{closure}()
 4 SYSTEMPATH\Common.php(1137): CodeIgniter\View\View->render('ciudadanos', [], true)
 5 APPPATH\Controllers\Ciudadanos.php(12): view('ciudadanos', [...])
 6 SYSTEMPATH\CodeIgniter.php(898): App\Controllers\Ciudadanos->listarCiudadanos()
 7 SYSTEMPATH\CodeIgniter.php(457): CodeIgniter\CodeIgniter->runController(Object(App\Controllers\Ciudadanos))
 8 SYSTEMPATH\CodeIgniter.php(340): CodeIgniter\CodeIgniter->handleRequest(null, Object(Config\Cache), false)
 9 FCPATH\index.php(67): CodeIgniter\CodeIgniter->run()
CRITICAL - 2022-08-12 14:05:55 --> Undefined variable $lista_cuidadanos
in APPPATH\Views\ciudadanos.php on line 34.
 1 APPPATH\Views\ciudadanos.php(34): CodeIgniter\Debug\Exceptions->errorHandler(2, 'Undefined variable $lista_cuidadanos', 'APPPATH\\Views\\ciudadanos.php', 34)
 2 SYSTEMPATH\View\View.php(213): include('APPPATH\\Views\\ciudadanos.php')
 3 SYSTEMPATH\View\View.php(216): CodeIgniter\View\View->CodeIgniter\View\{closure}()
 4 SYSTEMPATH\Common.php(1137): CodeIgniter\View\View->render('ciudadanos', [], true)
 5 APPPATH\Controllers\Ciudadanos.php(12): view('ciudadanos', [...])
 6 SYSTEMPATH\CodeIgniter.php(898): App\Controllers\Ciudadanos->listarCiudadanos()
 7 SYSTEMPATH\CodeIgniter.php(457): CodeIgniter\CodeIgniter->runController(Object(App\Controllers\Ciudadanos))
 8 SYSTEMPATH\CodeIgniter.php(340): CodeIgniter\CodeIgniter->handleRequest(null, Object(Config\Cache), false)
 9 FCPATH\index.php(67): CodeIgniter\CodeIgniter->run()
CRITICAL - 2022-08-12 14:23:08 --> Invalid file: municipio.php
in SYSTEMPATH\Exceptions\FrameworkException.php on line 33.
 1 SYSTEMPATH\View\View.php(201): CodeIgniter\Exceptions\FrameworkException::forInvalidFile('municipio.php')
 2 SYSTEMPATH\Common.php(1137): CodeIgniter\View\View->render('municipio', [], true)
 3 APPPATH\Controllers\Municipios.php(11): view('municipio', [...])
 4 SYSTEMPATH\CodeIgniter.php(898): App\Controllers\Municipios->listarMunicipios()
 5 SYSTEMPATH\CodeIgniter.php(457): CodeIgniter\CodeIgniter->runController(Object(App\Controllers\Municipios))
 6 SYSTEMPATH\CodeIgniter.php(340): CodeIgniter\CodeIgniter->handleRequest(null, Object(Config\Cache), false)
 7 FCPATH\index.php(67): CodeIgniter\CodeIgniter->run()
CRITICAL - 2022-08-12 14:24:06 --> Invalid file: municipio.php
in SYSTEMPATH\Exceptions\FrameworkException.php on line 33.
 1 SYSTEMPATH\View\View.php(201): CodeIgniter\Exceptions\FrameworkException::forInvalidFile('municipio.php')
 2 SYSTEMPATH\Common.php(1137): CodeIgniter\View\View->render('municipio', [], true)
 3 APPPATH\Controllers\Municipios.php(11): view('municipio', [...])
 4 SYSTEMPATH\CodeIgniter.php(898): App\Controllers\Municipios->listarMunicipios()
 5 SYSTEMPATH\CodeIgniter.php(457): CodeIgniter\CodeIgniter->runController(Object(App\Controllers\Municipios))
 6 SYSTEMPATH\CodeIgniter.php(340): CodeIgniter\CodeIgniter->handleRequest(null, Object(Config\Cache), false)
 7 FCPATH\index.php(67): CodeIgniter\CodeIgniter->run()
CRITICAL - 2022-08-12 14:24:10 --> Invalid file: municipio.php
in SYSTEMPATH\Exceptions\FrameworkException.php on line 33.
 1 SYSTEMPATH\View\View.php(201): CodeIgniter\Exceptions\FrameworkException::forInvalidFile('municipio.php')
 2 SYSTEMPATH\Common.php(1137): CodeIgniter\View\View->render('municipio', [], true)
 3 APPPATH\Controllers\Municipios.php(11): view('municipio', [...])
 4 SYSTEMPATH\CodeIgniter.php(898): App\Controllers\Municipios->listarMunicipios()
 5 SYSTEMPATH\CodeIgniter.php(457): CodeIgniter\CodeIgniter->runController(Object(App\Controllers\Municipios))
 6 SYSTEMPATH\CodeIgniter.php(340): CodeIgniter\CodeIgniter->handleRequest(null, Object(Config\Cache), false)
 7 FCPATH\index.php(67): CodeIgniter\CodeIgniter->run()
