ERROR - 2022-08-24 20:42:40 --> mysqli_sql_exception: Duplicate entry '23' for key 'PRIMARY' in C:\xampp\htdocs\ejemplo_codeigniter4\system\Database\MySQLi\Connection.php:292
Stack trace:
#0 C:\xampp\htdocs\ejemplo_codeigniter4\system\Database\MySQLi\Connection.php(292): mysqli->query('INSERT INTO `de...', 0)
#1 C:\xampp\htdocs\ejemplo_codeigniter4\system\Database\BaseConnection.php(693): CodeIgniter\Database\MySQLi\Connection->execute('INSERT INTO `de...')
#2 C:\xampp\htdocs\ejemplo_codeigniter4\system\Database\BaseConnection.php(620): CodeIgniter\Database\BaseConnection->simpleQuery('INSERT INTO `de...')
#3 C:\xampp\htdocs\ejemplo_codeigniter4\system\Database\BaseBuilder.php(1916): CodeIgniter\Database\BaseConnection->query('INSERT INTO `de...', Array, false)
#4 C:\xampp\htdocs\ejemplo_codeigniter4\system\Model.php(278): CodeIgniter\Database\BaseBuilder->insert()
#5 C:\xampp\htdocs\ejemplo_codeigniter4\system\BaseModel.php(738): CodeIgniter\Model->doInsert(Array)
#6 C:\xampp\htdocs\ejemplo_codeigniter4\system\Model.php(666): CodeIgniter\BaseModel->insert(Array, true)
#7 C:\xampp\htdocs\ejemplo_codeigniter4\app\Controllers\Departamentos.php(28): CodeIgniter\Model->insert(Array)
#8 C:\xampp\htdocs\ejemplo_codeigniter4\system\CodeIgniter.php(898): App\Controllers\Departamentos->agregarDepto()
#9 C:\xampp\htdocs\ejemplo_codeigniter4\system\CodeIgniter.php(457): CodeIgniter\CodeIgniter->runController(Object(App\Controllers\Departamentos))
#10 C:\xampp\htdocs\ejemplo_codeigniter4\system\CodeIgniter.php(340): CodeIgniter\CodeIgniter->handleRequest(NULL, Object(Config\Cache), false)
#11 C:\xampp\htdocs\ejemplo_codeigniter4\public\index.php(67): CodeIgniter\CodeIgniter->run()
#12 {main}
ERROR - 2022-08-24 20:42:44 --> mysqli_sql_exception: Duplicate entry '23' for key 'PRIMARY' in C:\xampp\htdocs\ejemplo_codeigniter4\system\Database\MySQLi\Connection.php:292
Stack trace:
#0 C:\xampp\htdocs\ejemplo_codeigniter4\system\Database\MySQLi\Connection.php(292): mysqli->query('INSERT INTO `de...', 0)
#1 C:\xampp\htdocs\ejemplo_codeigniter4\system\Database\BaseConnection.php(693): CodeIgniter\Database\MySQLi\Connection->execute('INSERT INTO `de...')
#2 C:\xampp\htdocs\ejemplo_codeigniter4\system\Database\BaseConnection.php(620): CodeIgniter\Database\BaseConnection->simpleQuery('INSERT INTO `de...')
#3 C:\xampp\htdocs\ejemplo_codeigniter4\system\Database\BaseBuilder.php(1916): CodeIgniter\Database\BaseConnection->query('INSERT INTO `de...', Array, false)
#4 C:\xampp\htdocs\ejemplo_codeigniter4\system\Model.php(278): CodeIgniter\Database\BaseBuilder->insert()
#5 C:\xampp\htdocs\ejemplo_codeigniter4\system\BaseModel.php(738): CodeIgniter\Model->doInsert(Array)
#6 C:\xampp\htdocs\ejemplo_codeigniter4\system\Model.php(666): CodeIgniter\BaseModel->insert(Array, true)
#7 C:\xampp\htdocs\ejemplo_codeigniter4\app\Controllers\Departamentos.php(28): CodeIgniter\Model->insert(Array)
#8 C:\xampp\htdocs\ejemplo_codeigniter4\system\CodeIgniter.php(898): App\Controllers\Departamentos->agregarDepto()
#9 C:\xampp\htdocs\ejemplo_codeigniter4\system\CodeIgniter.php(457): CodeIgniter\CodeIgniter->runController(Object(App\Controllers\Departamentos))
#10 C:\xampp\htdocs\ejemplo_codeigniter4\system\CodeIgniter.php(340): CodeIgniter\CodeIgniter->handleRequest(NULL, Object(Config\Cache), false)
#11 C:\xampp\htdocs\ejemplo_codeigniter4\public\index.php(67): CodeIgniter\CodeIgniter->run()
#12 {main}
CRITICAL - 2022-08-24 20:51:44 --> Undefined variable $lista_departamentos
in APPPATH\Views\actualizar_depto.php on line 17.
 1 APPPATH\Views\actualizar_depto.php(17): CodeIgniter\Debug\Exceptions->errorHandler(2, 'Undefined variable $lista_departamentos', 'APPPATH\\Views\\actualizar_depto.php', 17)
 2 SYSTEMPATH\View\View.php(213): include('APPPATH\\Views\\actualizar_depto.php')
 3 SYSTEMPATH\View\View.php(216): CodeIgniter\View\View->CodeIgniter\View\{closure}()
 4 SYSTEMPATH\Common.php(1137): CodeIgniter\View\View->render('actualizar_depto', [], true)
 5 APPPATH\Controllers\Departamentos.php(46): view('actualizar_depto', [...])
 6 SYSTEMPATH\CodeIgniter.php(898): App\Controllers\Departamentos->verDatosDepto('1,0')
 7 SYSTEMPATH\CodeIgniter.php(457): CodeIgniter\CodeIgniter->runController(Object(App\Controllers\Departamentos))
 8 SYSTEMPATH\CodeIgniter.php(340): CodeIgniter\CodeIgniter->handleRequest(null, Object(Config\Cache), false)
 9 FCPATH\index.php(67): CodeIgniter\CodeIgniter->run()
ERROR - 2022-08-24 20:52:32 --> mysqli_sql_exception: Duplicate entry '23' for key 'PRIMARY' in C:\xampp\htdocs\ejemplo_codeigniter4\system\Database\MySQLi\Connection.php:292
Stack trace:
#0 C:\xampp\htdocs\ejemplo_codeigniter4\system\Database\MySQLi\Connection.php(292): mysqli->query('INSERT INTO `de...', 0)
#1 C:\xampp\htdocs\ejemplo_codeigniter4\system\Database\BaseConnection.php(693): CodeIgniter\Database\MySQLi\Connection->execute('INSERT INTO `de...')
#2 C:\xampp\htdocs\ejemplo_codeigniter4\system\Database\BaseConnection.php(620): CodeIgniter\Database\BaseConnection->simpleQuery('INSERT INTO `de...')
#3 C:\xampp\htdocs\ejemplo_codeigniter4\system\Database\BaseBuilder.php(1916): CodeIgniter\Database\BaseConnection->query('INSERT INTO `de...', Array, false)
#4 C:\xampp\htdocs\ejemplo_codeigniter4\system\Model.php(278): CodeIgniter\Database\BaseBuilder->insert()
#5 C:\xampp\htdocs\ejemplo_codeigniter4\system\BaseModel.php(738): CodeIgniter\Model->doInsert(Array)
#6 C:\xampp\htdocs\ejemplo_codeigniter4\system\Model.php(666): CodeIgniter\BaseModel->insert(Array, true)
#7 C:\xampp\htdocs\ejemplo_codeigniter4\app\Controllers\Departamentos.php(28): CodeIgniter\Model->insert(Array)
#8 C:\xampp\htdocs\ejemplo_codeigniter4\system\CodeIgniter.php(898): App\Controllers\Departamentos->agregarDepto()
#9 C:\xampp\htdocs\ejemplo_codeigniter4\system\CodeIgniter.php(457): CodeIgniter\CodeIgniter->runController(Object(App\Controllers\Departamentos))
#10 C:\xampp\htdocs\ejemplo_codeigniter4\system\CodeIgniter.php(340): CodeIgniter\CodeIgniter->handleRequest(NULL, Object(Config\Cache), false)
#11 C:\xampp\htdocs\ejemplo_codeigniter4\public\index.php(67): CodeIgniter\CodeIgniter->run()
#12 {main}
ERROR - 2022-08-24 20:53:24 --> mysqli_sql_exception: Duplicate entry '23' for key 'PRIMARY' in C:\xampp\htdocs\ejemplo_codeigniter4\system\Database\MySQLi\Connection.php:292
Stack trace:
#0 C:\xampp\htdocs\ejemplo_codeigniter4\system\Database\MySQLi\Connection.php(292): mysqli->query('INSERT INTO `de...', 0)
#1 C:\xampp\htdocs\ejemplo_codeigniter4\system\Database\BaseConnection.php(693): CodeIgniter\Database\MySQLi\Connection->execute('INSERT INTO `de...')
#2 C:\xampp\htdocs\ejemplo_codeigniter4\system\Database\BaseConnection.php(620): CodeIgniter\Database\BaseConnection->simpleQuery('INSERT INTO `de...')
#3 C:\xampp\htdocs\ejemplo_codeigniter4\system\Database\BaseBuilder.php(1916): CodeIgniter\Database\BaseConnection->query('INSERT INTO `de...', Array, false)
#4 C:\xampp\htdocs\ejemplo_codeigniter4\system\Model.php(278): CodeIgniter\Database\BaseBuilder->insert()
#5 C:\xampp\htdocs\ejemplo_codeigniter4\system\BaseModel.php(738): CodeIgniter\Model->doInsert(Array)
#6 C:\xampp\htdocs\ejemplo_codeigniter4\system\Model.php(666): CodeIgniter\BaseModel->insert(Array, true)
#7 C:\xampp\htdocs\ejemplo_codeigniter4\app\Controllers\Departamentos.php(28): CodeIgniter\Model->insert(Array)
#8 C:\xampp\htdocs\ejemplo_codeigniter4\system\CodeIgniter.php(898): App\Controllers\Departamentos->agregarDepto()
#9 C:\xampp\htdocs\ejemplo_codeigniter4\system\CodeIgniter.php(457): CodeIgniter\CodeIgniter->runController(Object(App\Controllers\Departamentos))
#10 C:\xampp\htdocs\ejemplo_codeigniter4\system\CodeIgniter.php(340): CodeIgniter\CodeIgniter->handleRequest(NULL, Object(Config\Cache), false)
#11 C:\xampp\htdocs\ejemplo_codeigniter4\public\index.php(67): CodeIgniter\CodeIgniter->run()
#12 {main}
ERROR - 2022-08-24 20:55:40 --> mysqli_sql_exception: Duplicate entry '23' for key 'PRIMARY' in C:\xampp\htdocs\ejemplo_codeigniter4\system\Database\MySQLi\Connection.php:292
Stack trace:
#0 C:\xampp\htdocs\ejemplo_codeigniter4\system\Database\MySQLi\Connection.php(292): mysqli->query('INSERT INTO `de...', 0)
#1 C:\xampp\htdocs\ejemplo_codeigniter4\system\Database\BaseConnection.php(693): CodeIgniter\Database\MySQLi\Connection->execute('INSERT INTO `de...')
#2 C:\xampp\htdocs\ejemplo_codeigniter4\system\Database\BaseConnection.php(620): CodeIgniter\Database\BaseConnection->simpleQuery('INSERT INTO `de...')
#3 C:\xampp\htdocs\ejemplo_codeigniter4\system\Database\BaseBuilder.php(1916): CodeIgniter\Database\BaseConnection->query('INSERT INTO `de...', Array, false)
#4 C:\xampp\htdocs\ejemplo_codeigniter4\system\Model.php(278): CodeIgniter\Database\BaseBuilder->insert()
#5 C:\xampp\htdocs\ejemplo_codeigniter4\system\BaseModel.php(738): CodeIgniter\Model->doInsert(Array)
#6 C:\xampp\htdocs\ejemplo_codeigniter4\system\Model.php(666): CodeIgniter\BaseModel->insert(Array, true)
#7 C:\xampp\htdocs\ejemplo_codeigniter4\app\Controllers\Departamentos.php(28): CodeIgniter\Model->insert(Array)
#8 C:\xampp\htdocs\ejemplo_codeigniter4\system\CodeIgniter.php(898): App\Controllers\Departamentos->agregarDepto()
#9 C:\xampp\htdocs\ejemplo_codeigniter4\system\CodeIgniter.php(457): CodeIgniter\CodeIgniter->runController(Object(App\Controllers\Departamentos))
#10 C:\xampp\htdocs\ejemplo_codeigniter4\system\CodeIgniter.php(340): CodeIgniter\CodeIgniter->handleRequest(NULL, Object(Config\Cache), false)
#11 C:\xampp\htdocs\ejemplo_codeigniter4\public\index.php(67): CodeIgniter\CodeIgniter->run()
#12 {main}
ERROR - 2022-08-24 20:59:31 --> mysqli_sql_exception: Duplicate entry '23' for key 'PRIMARY' in C:\xampp\htdocs\ejemplo_codeigniter4\system\Database\MySQLi\Connection.php:292
Stack trace:
#0 C:\xampp\htdocs\ejemplo_codeigniter4\system\Database\MySQLi\Connection.php(292): mysqli->query('INSERT INTO `de...', 0)
#1 C:\xampp\htdocs\ejemplo_codeigniter4\system\Database\BaseConnection.php(693): CodeIgniter\Database\MySQLi\Connection->execute('INSERT INTO `de...')
#2 C:\xampp\htdocs\ejemplo_codeigniter4\system\Database\BaseConnection.php(620): CodeIgniter\Database\BaseConnection->simpleQuery('INSERT INTO `de...')
#3 C:\xampp\htdocs\ejemplo_codeigniter4\system\Database\BaseBuilder.php(1916): CodeIgniter\Database\BaseConnection->query('INSERT INTO `de...', Array, false)
#4 C:\xampp\htdocs\ejemplo_codeigniter4\system\Model.php(278): CodeIgniter\Database\BaseBuilder->insert()
#5 C:\xampp\htdocs\ejemplo_codeigniter4\system\BaseModel.php(738): CodeIgniter\Model->doInsert(Array)
#6 C:\xampp\htdocs\ejemplo_codeigniter4\system\Model.php(666): CodeIgniter\BaseModel->insert(Array, true)
#7 C:\xampp\htdocs\ejemplo_codeigniter4\app\Controllers\Departamentos.php(28): CodeIgniter\Model->insert(Array)
#8 C:\xampp\htdocs\ejemplo_codeigniter4\system\CodeIgniter.php(898): App\Controllers\Departamentos->agregarDepto()
#9 C:\xampp\htdocs\ejemplo_codeigniter4\system\CodeIgniter.php(457): CodeIgniter\CodeIgniter->runController(Object(App\Controllers\Departamentos))
#10 C:\xampp\htdocs\ejemplo_codeigniter4\system\CodeIgniter.php(340): CodeIgniter\CodeIgniter->handleRequest(NULL, Object(Config\Cache), false)
#11 C:\xampp\htdocs\ejemplo_codeigniter4\public\index.php(67): CodeIgniter\CodeIgniter->run()
#12 {main}
ERROR - 2022-08-24 21:03:09 --> mysqli_sql_exception: Duplicate entry '23' for key 'PRIMARY' in C:\xampp\htdocs\ejemplo_codeigniter4\system\Database\MySQLi\Connection.php:292
Stack trace:
#0 C:\xampp\htdocs\ejemplo_codeigniter4\system\Database\MySQLi\Connection.php(292): mysqli->query('INSERT INTO `de...', 0)
#1 C:\xampp\htdocs\ejemplo_codeigniter4\system\Database\BaseConnection.php(693): CodeIgniter\Database\MySQLi\Connection->execute('INSERT INTO `de...')
#2 C:\xampp\htdocs\ejemplo_codeigniter4\system\Database\BaseConnection.php(620): CodeIgniter\Database\BaseConnection->simpleQuery('INSERT INTO `de...')
#3 C:\xampp\htdocs\ejemplo_codeigniter4\system\Database\BaseBuilder.php(1916): CodeIgniter\Database\BaseConnection->query('INSERT INTO `de...', Array, false)
#4 C:\xampp\htdocs\ejemplo_codeigniter4\system\Model.php(278): CodeIgniter\Database\BaseBuilder->insert()
#5 C:\xampp\htdocs\ejemplo_codeigniter4\system\BaseModel.php(738): CodeIgniter\Model->doInsert(Array)
#6 C:\xampp\htdocs\ejemplo_codeigniter4\system\Model.php(666): CodeIgniter\BaseModel->insert(Array, true)
#7 C:\xampp\htdocs\ejemplo_codeigniter4\app\Controllers\Departamentos.php(28): CodeIgniter\Model->insert(Array)
#8 C:\xampp\htdocs\ejemplo_codeigniter4\system\CodeIgniter.php(898): App\Controllers\Departamentos->agregarDepto()
#9 C:\xampp\htdocs\ejemplo_codeigniter4\system\CodeIgniter.php(457): CodeIgniter\CodeIgniter->runController(Object(App\Controllers\Departamentos))
#10 C:\xampp\htdocs\ejemplo_codeigniter4\system\CodeIgniter.php(340): CodeIgniter\CodeIgniter->handleRequest(NULL, Object(Config\Cache), false)
#11 C:\xampp\htdocs\ejemplo_codeigniter4\public\index.php(67): CodeIgniter\CodeIgniter->run()
#12 {main}
ERROR - 2022-08-24 21:03:22 --> mysqli_sql_exception: Duplicate entry '23' for key 'PRIMARY' in C:\xampp\htdocs\ejemplo_codeigniter4\system\Database\MySQLi\Connection.php:292
Stack trace:
#0 C:\xampp\htdocs\ejemplo_codeigniter4\system\Database\MySQLi\Connection.php(292): mysqli->query('INSERT INTO `de...', 0)
#1 C:\xampp\htdocs\ejemplo_codeigniter4\system\Database\BaseConnection.php(693): CodeIgniter\Database\MySQLi\Connection->execute('INSERT INTO `de...')
#2 C:\xampp\htdocs\ejemplo_codeigniter4\system\Database\BaseConnection.php(620): CodeIgniter\Database\BaseConnection->simpleQuery('INSERT INTO `de...')
#3 C:\xampp\htdocs\ejemplo_codeigniter4\system\Database\BaseBuilder.php(1916): CodeIgniter\Database\BaseConnection->query('INSERT INTO `de...', Array, false)
#4 C:\xampp\htdocs\ejemplo_codeigniter4\system\Model.php(278): CodeIgniter\Database\BaseBuilder->insert()
#5 C:\xampp\htdocs\ejemplo_codeigniter4\system\BaseModel.php(738): CodeIgniter\Model->doInsert(Array)
#6 C:\xampp\htdocs\ejemplo_codeigniter4\system\Model.php(666): CodeIgniter\BaseModel->insert(Array, true)
#7 C:\xampp\htdocs\ejemplo_codeigniter4\app\Controllers\Departamentos.php(28): CodeIgniter\Model->insert(Array)
#8 C:\xampp\htdocs\ejemplo_codeigniter4\system\CodeIgniter.php(898): App\Controllers\Departamentos->agregarDepto()
#9 C:\xampp\htdocs\ejemplo_codeigniter4\system\CodeIgniter.php(457): CodeIgniter\CodeIgniter->runController(Object(App\Controllers\Departamentos))
#10 C:\xampp\htdocs\ejemplo_codeigniter4\system\CodeIgniter.php(340): CodeIgniter\CodeIgniter->handleRequest(NULL, Object(Config\Cache), false)
#11 C:\xampp\htdocs\ejemplo_codeigniter4\public\index.php(67): CodeIgniter\CodeIgniter->run()
#12 {main}
CRITICAL - 2022-08-24 21:10:04 --> Undefined variable $lista_departamentos
in APPPATH\Views\departamentos.php on line 67.
 1 APPPATH\Views\departamentos.php(67): CodeIgniter\Debug\Exceptions->errorHandler(2, 'Undefined variable $lista_departamentos', 'APPPATH\\Views\\departamentos.php', 67)
 2 SYSTEMPATH\View\View.php(213): include('APPPATH\\Views\\departamentos.php')
 3 SYSTEMPATH\View\View.php(216): CodeIgniter\View\View->CodeIgniter\View\{closure}()
 4 SYSTEMPATH\Common.php(1137): CodeIgniter\View\View->render('departamentos', [], true)
 5 APPPATH\Controllers\Departamentos.php(58): view('departamentos', [...])
 6 SYSTEMPATH\CodeIgniter.php(898): App\Controllers\Departamentos->actualizarDatos()
 7 SYSTEMPATH\CodeIgniter.php(457): CodeIgniter\CodeIgniter->runController(Object(App\Controllers\Departamentos))
 8 SYSTEMPATH\CodeIgniter.php(340): CodeIgniter\CodeIgniter->handleRequest(null, Object(Config\Cache), false)
 9 FCPATH\index.php(67): CodeIgniter\CodeIgniter->run()
CRITICAL - 2022-08-24 21:10:05 --> Undefined variable $lista_departamentos
in APPPATH\Views\departamentos.php on line 67.
 1 APPPATH\Views\departamentos.php(67): CodeIgniter\Debug\Exceptions->errorHandler(2, 'Undefined variable $lista_departamentos', 'APPPATH\\Views\\departamentos.php', 67)
 2 SYSTEMPATH\View\View.php(213): include('APPPATH\\Views\\departamentos.php')
 3 SYSTEMPATH\View\View.php(216): CodeIgniter\View\View->CodeIgniter\View\{closure}()
 4 SYSTEMPATH\Common.php(1137): CodeIgniter\View\View->render('departamentos', [], true)
 5 APPPATH\Controllers\Departamentos.php(58): view('departamentos', [...])
 6 SYSTEMPATH\CodeIgniter.php(898): App\Controllers\Departamentos->actualizarDatos()
 7 SYSTEMPATH\CodeIgniter.php(457): CodeIgniter\CodeIgniter->runController(Object(App\Controllers\Departamentos))
 8 SYSTEMPATH\CodeIgniter.php(340): CodeIgniter\CodeIgniter->handleRequest(null, Object(Config\Cache), false)
 9 FCPATH\index.php(67): CodeIgniter\CodeIgniter->run()
ERROR - 2022-08-24 21:10:07 --> mysqli_sql_exception: Duplicate entry '23' for key 'PRIMARY' in C:\xampp\htdocs\ejemplo_codeigniter4\system\Database\MySQLi\Connection.php:292
Stack trace:
#0 C:\xampp\htdocs\ejemplo_codeigniter4\system\Database\MySQLi\Connection.php(292): mysqli->query('INSERT INTO `de...', 0)
#1 C:\xampp\htdocs\ejemplo_codeigniter4\system\Database\BaseConnection.php(693): CodeIgniter\Database\MySQLi\Connection->execute('INSERT INTO `de...')
#2 C:\xampp\htdocs\ejemplo_codeigniter4\system\Database\BaseConnection.php(620): CodeIgniter\Database\BaseConnection->simpleQuery('INSERT INTO `de...')
#3 C:\xampp\htdocs\ejemplo_codeigniter4\system\Database\BaseBuilder.php(1916): CodeIgniter\Database\BaseConnection->query('INSERT INTO `de...', Array, false)
#4 C:\xampp\htdocs\ejemplo_codeigniter4\system\Model.php(278): CodeIgniter\Database\BaseBuilder->insert()
#5 C:\xampp\htdocs\ejemplo_codeigniter4\system\BaseModel.php(738): CodeIgniter\Model->doInsert(Array)
#6 C:\xampp\htdocs\ejemplo_codeigniter4\system\Model.php(666): CodeIgniter\BaseModel->insert(Array, true)
#7 C:\xampp\htdocs\ejemplo_codeigniter4\app\Controllers\Departamentos.php(28): CodeIgniter\Model->insert(Array)
#8 C:\xampp\htdocs\ejemplo_codeigniter4\system\CodeIgniter.php(898): App\Controllers\Departamentos->agregarDepto()
#9 C:\xampp\htdocs\ejemplo_codeigniter4\system\CodeIgniter.php(457): CodeIgniter\CodeIgniter->runController(Object(App\Controllers\Departamentos))
#10 C:\xampp\htdocs\ejemplo_codeigniter4\system\CodeIgniter.php(340): CodeIgniter\CodeIgniter->handleRequest(NULL, Object(Config\Cache), false)
#11 C:\xampp\htdocs\ejemplo_codeigniter4\public\index.php(67): CodeIgniter\CodeIgniter->run()
#12 {main}
CRITICAL - 2022-08-24 21:10:12 --> Undefined variable $lista_departamentos
in APPPATH\Views\departamentos.php on line 67.
 1 APPPATH\Views\departamentos.php(67): CodeIgniter\Debug\Exceptions->errorHandler(2, 'Undefined variable $lista_departamentos', 'APPPATH\\Views\\departamentos.php', 67)
 2 SYSTEMPATH\View\View.php(213): include('APPPATH\\Views\\departamentos.php')
 3 SYSTEMPATH\View\View.php(216): CodeIgniter\View\View->CodeIgniter\View\{closure}()
 4 SYSTEMPATH\Common.php(1137): CodeIgniter\View\View->render('departamentos', [], true)
 5 APPPATH\Controllers\Departamentos.php(58): view('departamentos', [...])
 6 SYSTEMPATH\CodeIgniter.php(898): App\Controllers\Departamentos->actualizarDatos()
 7 SYSTEMPATH\CodeIgniter.php(457): CodeIgniter\CodeIgniter->runController(Object(App\Controllers\Departamentos))
 8 SYSTEMPATH\CodeIgniter.php(340): CodeIgniter\CodeIgniter->handleRequest(null, Object(Config\Cache), false)
 9 FCPATH\index.php(67): CodeIgniter\CodeIgniter->run()
ERROR - 2022-08-24 21:10:15 --> mysqli_sql_exception: Duplicate entry '23' for key 'PRIMARY' in C:\xampp\htdocs\ejemplo_codeigniter4\system\Database\MySQLi\Connection.php:292
Stack trace:
#0 C:\xampp\htdocs\ejemplo_codeigniter4\system\Database\MySQLi\Connection.php(292): mysqli->query('INSERT INTO `de...', 0)
#1 C:\xampp\htdocs\ejemplo_codeigniter4\system\Database\BaseConnection.php(693): CodeIgniter\Database\MySQLi\Connection->execute('INSERT INTO `de...')
#2 C:\xampp\htdocs\ejemplo_codeigniter4\system\Database\BaseConnection.php(620): CodeIgniter\Database\BaseConnection->simpleQuery('INSERT INTO `de...')
#3 C:\xampp\htdocs\ejemplo_codeigniter4\system\Database\BaseBuilder.php(1916): CodeIgniter\Database\BaseConnection->query('INSERT INTO `de...', Array, false)
#4 C:\xampp\htdocs\ejemplo_codeigniter4\system\Model.php(278): CodeIgniter\Database\BaseBuilder->insert()
#5 C:\xampp\htdocs\ejemplo_codeigniter4\system\BaseModel.php(738): CodeIgniter\Model->doInsert(Array)
#6 C:\xampp\htdocs\ejemplo_codeigniter4\system\Model.php(666): CodeIgniter\BaseModel->insert(Array, true)
#7 C:\xampp\htdocs\ejemplo_codeigniter4\app\Controllers\Departamentos.php(28): CodeIgniter\Model->insert(Array)
#8 C:\xampp\htdocs\ejemplo_codeigniter4\system\CodeIgniter.php(898): App\Controllers\Departamentos->agregarDepto()
#9 C:\xampp\htdocs\ejemplo_codeigniter4\system\CodeIgniter.php(457): CodeIgniter\CodeIgniter->runController(Object(App\Controllers\Departamentos))
#10 C:\xampp\htdocs\ejemplo_codeigniter4\system\CodeIgniter.php(340): CodeIgniter\CodeIgniter->handleRequest(NULL, Object(Config\Cache), false)
#11 C:\xampp\htdocs\ejemplo_codeigniter4\public\index.php(67): CodeIgniter\CodeIgniter->run()
#12 {main}
CRITICAL - 2022-08-24 21:10:24 --> Undefined variable $lista_departamentos
in APPPATH\Views\departamentos.php on line 67.
 1 APPPATH\Views\departamentos.php(67): CodeIgniter\Debug\Exceptions->errorHandler(2, 'Undefined variable $lista_departamentos', 'APPPATH\\Views\\departamentos.php', 67)
 2 SYSTEMPATH\View\View.php(213): include('APPPATH\\Views\\departamentos.php')
 3 SYSTEMPATH\View\View.php(216): CodeIgniter\View\View->CodeIgniter\View\{closure}()
 4 SYSTEMPATH\Common.php(1137): CodeIgniter\View\View->render('departamentos', [], true)
 5 APPPATH\Controllers\Departamentos.php(58): view('departamentos', [...])
 6 SYSTEMPATH\CodeIgniter.php(898): App\Controllers\Departamentos->actualizarDatos()
 7 SYSTEMPATH\CodeIgniter.php(457): CodeIgniter\CodeIgniter->runController(Object(App\Controllers\Departamentos))
 8 SYSTEMPATH\CodeIgniter.php(340): CodeIgniter\CodeIgniter->handleRequest(null, Object(Config\Cache), false)
 9 FCPATH\index.php(67): CodeIgniter\CodeIgniter->run()
ERROR - 2022-08-24 21:10:26 --> mysqli_sql_exception: Duplicate entry '23' for key 'PRIMARY' in C:\xampp\htdocs\ejemplo_codeigniter4\system\Database\MySQLi\Connection.php:292
Stack trace:
#0 C:\xampp\htdocs\ejemplo_codeigniter4\system\Database\MySQLi\Connection.php(292): mysqli->query('INSERT INTO `de...', 0)
#1 C:\xampp\htdocs\ejemplo_codeigniter4\system\Database\BaseConnection.php(693): CodeIgniter\Database\MySQLi\Connection->execute('INSERT INTO `de...')
#2 C:\xampp\htdocs\ejemplo_codeigniter4\system\Database\BaseConnection.php(620): CodeIgniter\Database\BaseConnection->simpleQuery('INSERT INTO `de...')
#3 C:\xampp\htdocs\ejemplo_codeigniter4\system\Database\BaseBuilder.php(1916): CodeIgniter\Database\BaseConnection->query('INSERT INTO `de...', Array, false)
#4 C:\xampp\htdocs\ejemplo_codeigniter4\system\Model.php(278): CodeIgniter\Database\BaseBuilder->insert()
#5 C:\xampp\htdocs\ejemplo_codeigniter4\system\BaseModel.php(738): CodeIgniter\Model->doInsert(Array)
#6 C:\xampp\htdocs\ejemplo_codeigniter4\system\Model.php(666): CodeIgniter\BaseModel->insert(Array, true)
#7 C:\xampp\htdocs\ejemplo_codeigniter4\app\Controllers\Departamentos.php(28): CodeIgniter\Model->insert(Array)
#8 C:\xampp\htdocs\ejemplo_codeigniter4\system\CodeIgniter.php(898): App\Controllers\Departamentos->agregarDepto()
#9 C:\xampp\htdocs\ejemplo_codeigniter4\system\CodeIgniter.php(457): CodeIgniter\CodeIgniter->runController(Object(App\Controllers\Departamentos))
#10 C:\xampp\htdocs\ejemplo_codeigniter4\system\CodeIgniter.php(340): CodeIgniter\CodeIgniter->handleRequest(NULL, Object(Config\Cache), false)
#11 C:\xampp\htdocs\ejemplo_codeigniter4\public\index.php(67): CodeIgniter\CodeIgniter->run()
#12 {main}
ERROR - 2022-08-24 21:11:10 --> mysqli_sql_exception: Duplicate entry '23' for key 'PRIMARY' in C:\xampp\htdocs\ejemplo_codeigniter4\system\Database\MySQLi\Connection.php:292
Stack trace:
#0 C:\xampp\htdocs\ejemplo_codeigniter4\system\Database\MySQLi\Connection.php(292): mysqli->query('INSERT INTO `de...', 0)
#1 C:\xampp\htdocs\ejemplo_codeigniter4\system\Database\BaseConnection.php(693): CodeIgniter\Database\MySQLi\Connection->execute('INSERT INTO `de...')
#2 C:\xampp\htdocs\ejemplo_codeigniter4\system\Database\BaseConnection.php(620): CodeIgniter\Database\BaseConnection->simpleQuery('INSERT INTO `de...')
#3 C:\xampp\htdocs\ejemplo_codeigniter4\system\Database\BaseBuilder.php(1916): CodeIgniter\Database\BaseConnection->query('INSERT INTO `de...', Array, false)
#4 C:\xampp\htdocs\ejemplo_codeigniter4\system\Model.php(278): CodeIgniter\Database\BaseBuilder->insert()
#5 C:\xampp\htdocs\ejemplo_codeigniter4\system\BaseModel.php(738): CodeIgniter\Model->doInsert(Array)
#6 C:\xampp\htdocs\ejemplo_codeigniter4\system\Model.php(666): CodeIgniter\BaseModel->insert(Array, true)
#7 C:\xampp\htdocs\ejemplo_codeigniter4\app\Controllers\Departamentos.php(28): CodeIgniter\Model->insert(Array)
#8 C:\xampp\htdocs\ejemplo_codeigniter4\system\CodeIgniter.php(898): App\Controllers\Departamentos->agregarDepto()
#9 C:\xampp\htdocs\ejemplo_codeigniter4\system\CodeIgniter.php(457): CodeIgniter\CodeIgniter->runController(Object(App\Controllers\Departamentos))
#10 C:\xampp\htdocs\ejemplo_codeigniter4\system\CodeIgniter.php(340): CodeIgniter\CodeIgniter->handleRequest(NULL, Object(Config\Cache), false)
#11 C:\xampp\htdocs\ejemplo_codeigniter4\public\index.php(67): CodeIgniter\CodeIgniter->run()
#12 {main}
ERROR - 2022-08-24 21:57:40 --> mysqli_sql_exception: Duplicate entry '23' for key 'PRIMARY' in C:\xampp\htdocs\ejemplo_codeigniter4\system\Database\MySQLi\Connection.php:292
Stack trace:
#0 C:\xampp\htdocs\ejemplo_codeigniter4\system\Database\MySQLi\Connection.php(292): mysqli->query('INSERT INTO `de...', 0)
#1 C:\xampp\htdocs\ejemplo_codeigniter4\system\Database\BaseConnection.php(693): CodeIgniter\Database\MySQLi\Connection->execute('INSERT INTO `de...')
#2 C:\xampp\htdocs\ejemplo_codeigniter4\system\Database\BaseConnection.php(620): CodeIgniter\Database\BaseConnection->simpleQuery('INSERT INTO `de...')
#3 C:\xampp\htdocs\ejemplo_codeigniter4\system\Database\BaseBuilder.php(1916): CodeIgniter\Database\BaseConnection->query('INSERT INTO `de...', Array, false)
#4 C:\xampp\htdocs\ejemplo_codeigniter4\system\Model.php(278): CodeIgniter\Database\BaseBuilder->insert()
#5 C:\xampp\htdocs\ejemplo_codeigniter4\system\BaseModel.php(738): CodeIgniter\Model->doInsert(Array)
#6 C:\xampp\htdocs\ejemplo_codeigniter4\system\Model.php(666): CodeIgniter\BaseModel->insert(Array, true)
#7 C:\xampp\htdocs\ejemplo_codeigniter4\app\Controllers\Departamentos.php(28): CodeIgniter\Model->insert(Array)
#8 C:\xampp\htdocs\ejemplo_codeigniter4\system\CodeIgniter.php(898): App\Controllers\Departamentos->agregarDepto()
#9 C:\xampp\htdocs\ejemplo_codeigniter4\system\CodeIgniter.php(457): CodeIgniter\CodeIgniter->runController(Object(App\Controllers\Departamentos))
#10 C:\xampp\htdocs\ejemplo_codeigniter4\system\CodeIgniter.php(340): CodeIgniter\CodeIgniter->handleRequest(NULL, Object(Config\Cache), false)
#11 C:\xampp\htdocs\ejemplo_codeigniter4\public\index.php(67): CodeIgniter\CodeIgniter->run()
#12 {main}
ERROR - 2022-08-24 21:57:43 --> mysqli_sql_exception: Duplicate entry '11' for key 'PRIMARY' in C:\xampp\htdocs\ejemplo_codeigniter4\system\Database\MySQLi\Connection.php:292
Stack trace:
#0 C:\xampp\htdocs\ejemplo_codeigniter4\system\Database\MySQLi\Connection.php(292): mysqli->query('INSERT INTO `de...', 0)
#1 C:\xampp\htdocs\ejemplo_codeigniter4\system\Database\BaseConnection.php(693): CodeIgniter\Database\MySQLi\Connection->execute('INSERT INTO `de...')
#2 C:\xampp\htdocs\ejemplo_codeigniter4\system\Database\BaseConnection.php(620): CodeIgniter\Database\BaseConnection->simpleQuery('INSERT INTO `de...')
#3 C:\xampp\htdocs\ejemplo_codeigniter4\system\Database\BaseBuilder.php(1916): CodeIgniter\Database\BaseConnection->query('INSERT INTO `de...', Array, false)
#4 C:\xampp\htdocs\ejemplo_codeigniter4\system\Model.php(278): CodeIgniter\Database\BaseBuilder->insert()
#5 C:\xampp\htdocs\ejemplo_codeigniter4\system\BaseModel.php(738): CodeIgniter\Model->doInsert(Array)
#6 C:\xampp\htdocs\ejemplo_codeigniter4\system\Model.php(666): CodeIgniter\BaseModel->insert(Array, true)
#7 C:\xampp\htdocs\ejemplo_codeigniter4\app\Controllers\Departamentos.php(28): CodeIgniter\Model->insert(Array)
#8 C:\xampp\htdocs\ejemplo_codeigniter4\system\CodeIgniter.php(898): App\Controllers\Departamentos->agregarDepto()
#9 C:\xampp\htdocs\ejemplo_codeigniter4\system\CodeIgniter.php(457): CodeIgniter\CodeIgniter->runController(Object(App\Controllers\Departamentos))
#10 C:\xampp\htdocs\ejemplo_codeigniter4\system\CodeIgniter.php(340): CodeIgniter\CodeIgniter->handleRequest(NULL, Object(Config\Cache), false)
#11 C:\xampp\htdocs\ejemplo_codeigniter4\public\index.php(67): CodeIgniter\CodeIgniter->run()
#12 {main}
CRITICAL - 2022-08-24 22:02:23 --> Undefined variable $depto
in APPPATH\Views\actualizar_muni.php on line 17.
 1 APPPATH\Views\actualizar_muni.php(17): CodeIgniter\Debug\Exceptions->errorHandler(2, 'Undefined variable $depto', 'APPPATH\\Views\\actualizar_muni.php', 17)
 2 SYSTEMPATH\View\View.php(213): include('APPPATH\\Views\\actualizar_muni.php')
 3 SYSTEMPATH\View\View.php(216): CodeIgniter\View\View->CodeIgniter\View\{closure}()
 4 SYSTEMPATH\Common.php(1137): CodeIgniter\View\View->render('actualizar_muni', [], true)
 5 APPPATH\Controllers\Municipios.php(37): view('actualizar_muni', [...])
 6 SYSTEMPATH\CodeIgniter.php(898): App\Controllers\Municipios->verDatosMuni('135,0')
 7 SYSTEMPATH\CodeIgniter.php(457): CodeIgniter\CodeIgniter->runController(Object(App\Controllers\Municipios))
 8 SYSTEMPATH\CodeIgniter.php(340): CodeIgniter\CodeIgniter->handleRequest(null, Object(Config\Cache), false)
 9 FCPATH\index.php(67): CodeIgniter\CodeIgniter->run()
CRITICAL - 2022-08-24 22:03:46 --> Undefined variable $depto
in APPPATH\Views\actualizar_muni.php on line 17.
 1 APPPATH\Views\actualizar_muni.php(17): CodeIgniter\Debug\Exceptions->errorHandler(2, 'Undefined variable $depto', 'APPPATH\\Views\\actualizar_muni.php', 17)
 2 SYSTEMPATH\View\View.php(213): include('APPPATH\\Views\\actualizar_muni.php')
 3 SYSTEMPATH\View\View.php(216): CodeIgniter\View\View->CodeIgniter\View\{closure}()
 4 SYSTEMPATH\Common.php(1137): CodeIgniter\View\View->render('actualizar_muni', [], true)
 5 APPPATH\Controllers\Municipios.php(37): view('actualizar_muni', [...])
 6 SYSTEMPATH\CodeIgniter.php(898): App\Controllers\Municipios->verDatosMuni('135,0')
 7 SYSTEMPATH\CodeIgniter.php(457): CodeIgniter\CodeIgniter->runController(Object(App\Controllers\Municipios))
 8 SYSTEMPATH\CodeIgniter.php(340): CodeIgniter\CodeIgniter->handleRequest(null, Object(Config\Cache), false)
 9 FCPATH\index.php(67): CodeIgniter\CodeIgniter->run()
CRITICAL - 2022-08-24 22:05:57 --> Undefined variable $depto
in APPPATH\Views\actualizar_muni.php on line 17.
 1 APPPATH\Views\actualizar_muni.php(17): CodeIgniter\Debug\Exceptions->errorHandler(2, 'Undefined variable $depto', 'APPPATH\\Views\\actualizar_muni.php', 17)
 2 SYSTEMPATH\View\View.php(213): include('APPPATH\\Views\\actualizar_muni.php')
 3 SYSTEMPATH\View\View.php(216): CodeIgniter\View\View->CodeIgniter\View\{closure}()
 4 SYSTEMPATH\Common.php(1137): CodeIgniter\View\View->render('actualizar_muni', [], true)
 5 APPPATH\Controllers\Municipios.php(37): view('actualizar_muni', [...])
 6 SYSTEMPATH\CodeIgniter.php(898): App\Controllers\Municipios->verDatosMuni('135,0')
 7 SYSTEMPATH\CodeIgniter.php(457): CodeIgniter\CodeIgniter->runController(Object(App\Controllers\Municipios))
 8 SYSTEMPATH\CodeIgniter.php(340): CodeIgniter\CodeIgniter->handleRequest(null, Object(Config\Cache), false)
 9 FCPATH\index.php(67): CodeIgniter\CodeIgniter->run()
CRITICAL - 2022-08-24 22:06:03 --> Undefined variable $depto
in APPPATH\Views\actualizar_muni.php on line 17.
 1 APPPATH\Views\actualizar_muni.php(17): CodeIgniter\Debug\Exceptions->errorHandler(2, 'Undefined variable $depto', 'APPPATH\\Views\\actualizar_muni.php', 17)
 2 SYSTEMPATH\View\View.php(213): include('APPPATH\\Views\\actualizar_muni.php')
 3 SYSTEMPATH\View\View.php(216): CodeIgniter\View\View->CodeIgniter\View\{closure}()
 4 SYSTEMPATH\Common.php(1137): CodeIgniter\View\View->render('actualizar_muni', [], true)
 5 APPPATH\Controllers\Municipios.php(37): view('actualizar_muni', [...])
 6 SYSTEMPATH\CodeIgniter.php(898): App\Controllers\Municipios->verDatosMuni('135,0')
 7 SYSTEMPATH\CodeIgniter.php(457): CodeIgniter\CodeIgniter->runController(Object(App\Controllers\Municipios))
 8 SYSTEMPATH\CodeIgniter.php(340): CodeIgniter\CodeIgniter->handleRequest(null, Object(Config\Cache), false)
 9 FCPATH\index.php(67): CodeIgniter\CodeIgniter->run()
CRITICAL - 2022-08-24 22:09:32 --> Cannot use temporary expression in write context
in APPPATH\Controllers\Municipios.php on line 35.
 1 [internal function]: CodeIgniter\Debug\Exceptions->shutdownHandler()
CRITICAL - 2022-08-24 22:09:42 --> Cannot use temporary expression in write context
in APPPATH\Controllers\Municipios.php on line 35.
 1 [internal function]: CodeIgniter\Debug\Exceptions->shutdownHandler()
ERROR - 2022-08-24 22:10:16 --> mysqli_sql_exception: Cannot add or update a child row: a foreign key constraint fails (`bd_ciudadanos`.`municipios`, CONSTRAINT `municipios_ibfk_1` FOREIGN KEY (`cod_depto`) REFERENCES `departamentos` (`cod_depto`) ON DELETE CASCADE ON UPDATE CASCADE) in C:\xampp\htdocs\ejemplo_codeigniter4\system\Database\MySQLi\Connection.php:292
Stack trace:
#0 C:\xampp\htdocs\ejemplo_codeigniter4\system\Database\MySQLi\Connection.php(292): mysqli->query('INSERT INTO `mu...', 0)
#1 C:\xampp\htdocs\ejemplo_codeigniter4\system\Database\BaseConnection.php(693): CodeIgniter\Database\MySQLi\Connection->execute('INSERT INTO `mu...')
#2 C:\xampp\htdocs\ejemplo_codeigniter4\system\Database\BaseConnection.php(620): CodeIgniter\Database\BaseConnection->simpleQuery('INSERT INTO `mu...')
#3 C:\xampp\htdocs\ejemplo_codeigniter4\system\Database\BaseBuilder.php(1916): CodeIgniter\Database\BaseConnection->query('INSERT INTO `mu...', Array, false)
#4 C:\xampp\htdocs\ejemplo_codeigniter4\system\Model.php(278): CodeIgniter\Database\BaseBuilder->insert()
#5 C:\xampp\htdocs\ejemplo_codeigniter4\system\BaseModel.php(738): CodeIgniter\Model->doInsert(Array)
#6 C:\xampp\htdocs\ejemplo_codeigniter4\system\Model.php(666): CodeIgniter\BaseModel->insert(Array, true)
#7 C:\xampp\htdocs\ejemplo_codeigniter4\app\Controllers\Municipios.php(25): CodeIgniter\Model->insert(Array)
#8 C:\xampp\htdocs\ejemplo_codeigniter4\system\CodeIgniter.php(898): App\Controllers\Municipios->agregarMuni()
#9 C:\xampp\htdocs\ejemplo_codeigniter4\system\CodeIgniter.php(457): CodeIgniter\CodeIgniter->runController(Object(App\Controllers\Municipios))
#10 C:\xampp\htdocs\ejemplo_codeigniter4\system\CodeIgniter.php(340): CodeIgniter\CodeIgniter->handleRequest(NULL, Object(Config\Cache), false)
#11 C:\xampp\htdocs\ejemplo_codeigniter4\public\index.php(67): CodeIgniter\CodeIgniter->run()
#12 {main}
CRITICAL - 2022-08-24 22:14:09 --> Undefined variable $depto
in APPPATH\Views\actualizar_muni.php on line 17.
 1 APPPATH\Views\actualizar_muni.php(17): CodeIgniter\Debug\Exceptions->errorHandler(2, 'Undefined variable $depto', 'APPPATH\\Views\\actualizar_muni.php', 17)
 2 SYSTEMPATH\View\View.php(213): include('APPPATH\\Views\\actualizar_muni.php')
 3 SYSTEMPATH\View\View.php(216): CodeIgniter\View\View->CodeIgniter\View\{closure}()
 4 SYSTEMPATH\Common.php(1137): CodeIgniter\View\View->render('actualizar_muni', [], true)
 5 APPPATH\Controllers\Municipios.php(46): view('actualizar_muni', [...])
 6 SYSTEMPATH\CodeIgniter.php(898): App\Controllers\Municipios->verDatosMuni('201,0')
 7 SYSTEMPATH\CodeIgniter.php(457): CodeIgniter\CodeIgniter->runController(Object(App\Controllers\Municipios))
 8 SYSTEMPATH\CodeIgniter.php(340): CodeIgniter\CodeIgniter->handleRequest(null, Object(Config\Cache), false)
 9 FCPATH\index.php(67): CodeIgniter\CodeIgniter->run()
CRITICAL - 2022-08-24 22:19:25 --> Undefined variable $depto
in APPPATH\Views\actualizar_muni.php on line 17.
 1 APPPATH\Views\actualizar_muni.php(17): CodeIgniter\Debug\Exceptions->errorHandler(2, 'Undefined variable $depto', 'APPPATH\\Views\\actualizar_muni.php', 17)
 2 SYSTEMPATH\View\View.php(213): include('APPPATH\\Views\\actualizar_muni.php')
 3 SYSTEMPATH\View\View.php(216): CodeIgniter\View\View->CodeIgniter\View\{closure}()
 4 SYSTEMPATH\Common.php(1137): CodeIgniter\View\View->render('actualizar_muni', [], true)
 5 APPPATH\Controllers\Municipios.php(46): view('actualizar_muni', [...])
 6 SYSTEMPATH\CodeIgniter.php(898): App\Controllers\Municipios->verDatosMuni('101,0')
 7 SYSTEMPATH\CodeIgniter.php(457): CodeIgniter\CodeIgniter->runController(Object(App\Controllers\Municipios))
 8 SYSTEMPATH\CodeIgniter.php(340): CodeIgniter\CodeIgniter->handleRequest(null, Object(Config\Cache), false)
 9 FCPATH\index.php(67): CodeIgniter\CodeIgniter->run()
ERROR - 2022-08-24 22:19:27 --> mysqli_sql_exception: Duplicate entry '101' for key 'PRIMARY' in C:\xampp\htdocs\ejemplo_codeigniter4\system\Database\MySQLi\Connection.php:292
Stack trace:
#0 C:\xampp\htdocs\ejemplo_codeigniter4\system\Database\MySQLi\Connection.php(292): mysqli->query('INSERT INTO `mu...', 0)
#1 C:\xampp\htdocs\ejemplo_codeigniter4\system\Database\BaseConnection.php(693): CodeIgniter\Database\MySQLi\Connection->execute('INSERT INTO `mu...')
#2 C:\xampp\htdocs\ejemplo_codeigniter4\system\Database\BaseConnection.php(620): CodeIgniter\Database\BaseConnection->simpleQuery('INSERT INTO `mu...')
#3 C:\xampp\htdocs\ejemplo_codeigniter4\system\Database\BaseBuilder.php(1916): CodeIgniter\Database\BaseConnection->query('INSERT INTO `mu...', Array, false)
#4 C:\xampp\htdocs\ejemplo_codeigniter4\system\Model.php(278): CodeIgniter\Database\BaseBuilder->insert()
#5 C:\xampp\htdocs\ejemplo_codeigniter4\system\BaseModel.php(738): CodeIgniter\Model->doInsert(Array)
#6 C:\xampp\htdocs\ejemplo_codeigniter4\system\Model.php(666): CodeIgniter\BaseModel->insert(Array, true)
#7 C:\xampp\htdocs\ejemplo_codeigniter4\app\Controllers\Municipios.php(25): CodeIgniter\Model->insert(Array)
#8 C:\xampp\htdocs\ejemplo_codeigniter4\system\CodeIgniter.php(898): App\Controllers\Municipios->agregarMuni()
#9 C:\xampp\htdocs\ejemplo_codeigniter4\system\CodeIgniter.php(457): CodeIgniter\CodeIgniter->runController(Object(App\Controllers\Municipios))
#10 C:\xampp\htdocs\ejemplo_codeigniter4\system\CodeIgniter.php(340): CodeIgniter\CodeIgniter->handleRequest(NULL, Object(Config\Cache), false)
#11 C:\xampp\htdocs\ejemplo_codeigniter4\public\index.php(67): CodeIgniter\CodeIgniter->run()
#12 {main}
ERROR - 2022-08-24 22:35:33 --> mysqli_sql_exception: Duplicate entry '101' for key 'PRIMARY' in C:\xampp\htdocs\ejemplo_codeigniter4\system\Database\MySQLi\Connection.php:292
Stack trace:
#0 C:\xampp\htdocs\ejemplo_codeigniter4\system\Database\MySQLi\Connection.php(292): mysqli->query('INSERT INTO `mu...', 0)
#1 C:\xampp\htdocs\ejemplo_codeigniter4\system\Database\BaseConnection.php(693): CodeIgniter\Database\MySQLi\Connection->execute('INSERT INTO `mu...')
#2 C:\xampp\htdocs\ejemplo_codeigniter4\system\Database\BaseConnection.php(620): CodeIgniter\Database\BaseConnection->simpleQuery('INSERT INTO `mu...')
#3 C:\xampp\htdocs\ejemplo_codeigniter4\system\Database\BaseBuilder.php(1916): CodeIgniter\Database\BaseConnection->query('INSERT INTO `mu...', Array, false)
#4 C:\xampp\htdocs\ejemplo_codeigniter4\system\Model.php(278): CodeIgniter\Database\BaseBuilder->insert()
#5 C:\xampp\htdocs\ejemplo_codeigniter4\system\BaseModel.php(738): CodeIgniter\Model->doInsert(Array)
#6 C:\xampp\htdocs\ejemplo_codeigniter4\system\Model.php(666): CodeIgniter\BaseModel->insert(Array, true)
#7 C:\xampp\htdocs\ejemplo_codeigniter4\app\Controllers\Municipios.php(25): CodeIgniter\Model->insert(Array)
#8 C:\xampp\htdocs\ejemplo_codeigniter4\system\CodeIgniter.php(898): App\Controllers\Municipios->agregarMuni()
#9 C:\xampp\htdocs\ejemplo_codeigniter4\system\CodeIgniter.php(457): CodeIgniter\CodeIgniter->runController(Object(App\Controllers\Municipios))
#10 C:\xampp\htdocs\ejemplo_codeigniter4\system\CodeIgniter.php(340): CodeIgniter\CodeIgniter->handleRequest(NULL, Object(Config\Cache), false)
#11 C:\xampp\htdocs\ejemplo_codeigniter4\public\index.php(67): CodeIgniter\CodeIgniter->run()
#12 {main}
CRITICAL - 2022-08-24 22:35:34 --> Undefined variable $depto
in APPPATH\Views\actualizar_muni.php on line 17.
 1 APPPATH\Views\actualizar_muni.php(17): CodeIgniter\Debug\Exceptions->errorHandler(2, 'Undefined variable $depto', 'APPPATH\\Views\\actualizar_muni.php', 17)
 2 SYSTEMPATH\View\View.php(213): include('APPPATH\\Views\\actualizar_muni.php')
 3 SYSTEMPATH\View\View.php(216): CodeIgniter\View\View->CodeIgniter\View\{closure}()
 4 SYSTEMPATH\Common.php(1137): CodeIgniter\View\View->render('actualizar_muni', [], true)
 5 APPPATH\Controllers\Municipios.php(46): view('actualizar_muni', [...])
 6 SYSTEMPATH\CodeIgniter.php(898): App\Controllers\Municipios->verDatosMuni('101,0')
 7 SYSTEMPATH\CodeIgniter.php(457): CodeIgniter\CodeIgniter->runController(Object(App\Controllers\Municipios))
 8 SYSTEMPATH\CodeIgniter.php(340): CodeIgniter\CodeIgniter->handleRequest(null, Object(Config\Cache), false)
 9 FCPATH\index.php(67): CodeIgniter\CodeIgniter->run()
ERROR - 2022-08-24 22:40:27 --> mysqli_sql_exception: Duplicate entry '101' for key 'PRIMARY' in C:\xampp\htdocs\ejemplo_codeigniter4\system\Database\MySQLi\Connection.php:292
Stack trace:
#0 C:\xampp\htdocs\ejemplo_codeigniter4\system\Database\MySQLi\Connection.php(292): mysqli->query('INSERT INTO `mu...', 0)
#1 C:\xampp\htdocs\ejemplo_codeigniter4\system\Database\BaseConnection.php(693): CodeIgniter\Database\MySQLi\Connection->execute('INSERT INTO `mu...')
#2 C:\xampp\htdocs\ejemplo_codeigniter4\system\Database\BaseConnection.php(620): CodeIgniter\Database\BaseConnection->simpleQuery('INSERT INTO `mu...')
#3 C:\xampp\htdocs\ejemplo_codeigniter4\system\Database\BaseBuilder.php(1916): CodeIgniter\Database\BaseConnection->query('INSERT INTO `mu...', Array, false)
#4 C:\xampp\htdocs\ejemplo_codeigniter4\system\Model.php(278): CodeIgniter\Database\BaseBuilder->insert()
#5 C:\xampp\htdocs\ejemplo_codeigniter4\system\BaseModel.php(738): CodeIgniter\Model->doInsert(Array)
#6 C:\xampp\htdocs\ejemplo_codeigniter4\system\Model.php(666): CodeIgniter\BaseModel->insert(Array, true)
#7 C:\xampp\htdocs\ejemplo_codeigniter4\app\Controllers\Municipios.php(25): CodeIgniter\Model->insert(Array)
#8 C:\xampp\htdocs\ejemplo_codeigniter4\system\CodeIgniter.php(898): App\Controllers\Municipios->agregarMuni()
#9 C:\xampp\htdocs\ejemplo_codeigniter4\system\CodeIgniter.php(457): CodeIgniter\CodeIgniter->runController(Object(App\Controllers\Municipios))
#10 C:\xampp\htdocs\ejemplo_codeigniter4\system\CodeIgniter.php(340): CodeIgniter\CodeIgniter->handleRequest(NULL, Object(Config\Cache), false)
#11 C:\xampp\htdocs\ejemplo_codeigniter4\public\index.php(67): CodeIgniter\CodeIgniter->run()
#12 {main}
CRITICAL - 2022-08-24 23:03:15 --> Undefined variable $depto
in APPPATH\Views\actualizar_region.php on line 17.
 1 APPPATH\Views\actualizar_region.php(17): CodeIgniter\Debug\Exceptions->errorHandler(2, 'Undefined variable $depto', 'APPPATH\\Views\\actualizar_region.php', 17)
 2 SYSTEMPATH\View\View.php(213): include('APPPATH\\Views\\actualizar_region.php')
 3 SYSTEMPATH\View\View.php(216): CodeIgniter\View\View->CodeIgniter\View\{closure}()
 4 SYSTEMPATH\Common.php(1137): CodeIgniter\View\View->render('actualizar_region', [], true)
 5 APPPATH\Controllers\Regiones.php(44): view('actualizar_region', [...])
 6 SYSTEMPATH\CodeIgniter.php(898): App\Controllers\Regiones->verDatosRegion('1,0')
 7 SYSTEMPATH\CodeIgniter.php(457): CodeIgniter\CodeIgniter->runController(Object(App\Controllers\Regiones))
 8 SYSTEMPATH\CodeIgniter.php(340): CodeIgniter\CodeIgniter->handleRequest(null, Object(Config\Cache), false)
 9 FCPATH\index.php(67): CodeIgniter\CodeIgniter->run()
CRITICAL - 2022-08-24 23:46:06 --> Invalid file: actualizar_nivel.php
in SYSTEMPATH\Exceptions\FrameworkException.php on line 33.
 1 SYSTEMPATH\View\View.php(201): CodeIgniter\Exceptions\FrameworkException::forInvalidFile('actualizar_nivel.php')
 2 SYSTEMPATH\Common.php(1137): CodeIgniter\View\View->render('actualizar_nivel', [], true)
 3 APPPATH\Controllers\NivelesAcademicos.php(43): view('actualizar_nivel', [...])
 4 SYSTEMPATH\CodeIgniter.php(898): App\Controllers\NivelesAcademicos->verDatosNivel('9,0')
 5 SYSTEMPATH\CodeIgniter.php(457): CodeIgniter\CodeIgniter->runController(Object(App\Controllers\NivelesAcademicos))
 6 SYSTEMPATH\CodeIgniter.php(340): CodeIgniter\CodeIgniter->handleRequest(null, Object(Config\Cache), false)
 7 FCPATH\index.php(67): CodeIgniter\CodeIgniter->run()
CRITICAL - 2022-08-24 23:47:02 --> Invalid file: actualizar_nivel.php
in SYSTEMPATH\Exceptions\FrameworkException.php on line 33.
 1 SYSTEMPATH\View\View.php(201): CodeIgniter\Exceptions\FrameworkException::forInvalidFile('actualizar_nivel.php')
 2 SYSTEMPATH\Common.php(1137): CodeIgniter\View\View->render('actualizar_nivel', [], true)
 3 APPPATH\Controllers\NivelesAcademicos.php(43): view('actualizar_nivel', [...])
 4 SYSTEMPATH\CodeIgniter.php(898): App\Controllers\NivelesAcademicos->verDatosNivel('9,0')
 5 SYSTEMPATH\CodeIgniter.php(457): CodeIgniter\CodeIgniter->runController(Object(App\Controllers\NivelesAcademicos))
 6 SYSTEMPATH\CodeIgniter.php(340): CodeIgniter\CodeIgniter->handleRequest(null, Object(Config\Cache), false)
 7 FCPATH\index.php(67): CodeIgniter\CodeIgniter->run()
CRITICAL - 2022-08-24 23:47:32 --> Invalid file: actualizar_nivel.php
in SYSTEMPATH\Exceptions\FrameworkException.php on line 33.
 1 SYSTEMPATH\View\View.php(201): CodeIgniter\Exceptions\FrameworkException::forInvalidFile('actualizar_nivel.php')
 2 SYSTEMPATH\Common.php(1137): CodeIgniter\View\View->render('actualizar_nivel', [], true)
 3 APPPATH\Controllers\NivelesAcademicos.php(43): view('actualizar_nivel', [...])
 4 SYSTEMPATH\CodeIgniter.php(898): App\Controllers\NivelesAcademicos->verDatosNivel('9,0')
 5 SYSTEMPATH\CodeIgniter.php(457): CodeIgniter\CodeIgniter->runController(Object(App\Controllers\NivelesAcademicos))
 6 SYSTEMPATH\CodeIgniter.php(340): CodeIgniter\CodeIgniter->handleRequest(null, Object(Config\Cache), false)
 7 FCPATH\index.php(67): CodeIgniter\CodeIgniter->run()
CRITICAL - 2022-08-24 23:47:33 --> Invalid file: actualizar_nivel.php
in SYSTEMPATH\Exceptions\FrameworkException.php on line 33.
 1 SYSTEMPATH\View\View.php(201): CodeIgniter\Exceptions\FrameworkException::forInvalidFile('actualizar_nivel.php')
 2 SYSTEMPATH\Common.php(1137): CodeIgniter\View\View->render('actualizar_nivel', [], true)
 3 APPPATH\Controllers\NivelesAcademicos.php(43): view('actualizar_nivel', [...])
 4 SYSTEMPATH\CodeIgniter.php(898): App\Controllers\NivelesAcademicos->verDatosNivel('9,0')
 5 SYSTEMPATH\CodeIgniter.php(457): CodeIgniter\CodeIgniter->runController(Object(App\Controllers\NivelesAcademicos))
 6 SYSTEMPATH\CodeIgniter.php(340): CodeIgniter\CodeIgniter->handleRequest(null, Object(Config\Cache), false)
 7 FCPATH\index.php(67): CodeIgniter\CodeIgniter->run()
CRITICAL - 2022-08-24 23:47:37 --> Invalid file: actualizar_nivel.php
in SYSTEMPATH\Exceptions\FrameworkException.php on line 33.
 1 SYSTEMPATH\View\View.php(201): CodeIgniter\Exceptions\FrameworkException::forInvalidFile('actualizar_nivel.php')
 2 SYSTEMPATH\Common.php(1137): CodeIgniter\View\View->render('actualizar_nivel', [], true)
 3 APPPATH\Controllers\NivelesAcademicos.php(43): view('actualizar_nivel', [...])
 4 SYSTEMPATH\CodeIgniter.php(898): App\Controllers\NivelesAcademicos->verDatosNivel('9,0')
 5 SYSTEMPATH\CodeIgniter.php(457): CodeIgniter\CodeIgniter->runController(Object(App\Controllers\NivelesAcademicos))
 6 SYSTEMPATH\CodeIgniter.php(340): CodeIgniter\CodeIgniter->handleRequest(null, Object(Config\Cache), false)
 7 FCPATH\index.php(67): CodeIgniter\CodeIgniter->run()
CRITICAL - 2022-08-24 23:48:58 --> Invalid file: actualizar_nivel.php
in SYSTEMPATH\Exceptions\FrameworkException.php on line 33.
 1 SYSTEMPATH\View\View.php(201): CodeIgniter\Exceptions\FrameworkException::forInvalidFile('actualizar_nivel.php')
 2 SYSTEMPATH\Common.php(1137): CodeIgniter\View\View->render('actualizar_nivel', [], true)
 3 APPPATH\Controllers\NivelesAcademicos.php(43): view('actualizar_nivel', [...])
 4 SYSTEMPATH\CodeIgniter.php(898): App\Controllers\NivelesAcademicos->verDatosNivel('9,0')
 5 SYSTEMPATH\CodeIgniter.php(457): CodeIgniter\CodeIgniter->runController(Object(App\Controllers\NivelesAcademicos))
 6 SYSTEMPATH\CodeIgniter.php(340): CodeIgniter\CodeIgniter->handleRequest(null, Object(Config\Cache), false)
 7 FCPATH\index.php(67): CodeIgniter\CodeIgniter->run()
CRITICAL - 2022-08-24 23:50:54 --> Invalid file: actualizar_nivel.php
in SYSTEMPATH\Exceptions\FrameworkException.php on line 33.
 1 SYSTEMPATH\View\View.php(201): CodeIgniter\Exceptions\FrameworkException::forInvalidFile('actualizar_nivel.php')
 2 SYSTEMPATH\Common.php(1137): CodeIgniter\View\View->render('actualizar_nivel', [], true)
 3 APPPATH\Controllers\NivelesAcademicos.php(43): view('actualizar_nivel', [...])
 4 SYSTEMPATH\CodeIgniter.php(898): App\Controllers\NivelesAcademicos->verDatosNivel('9,0')
 5 SYSTEMPATH\CodeIgniter.php(457): CodeIgniter\CodeIgniter->runController(Object(App\Controllers\NivelesAcademicos))
 6 SYSTEMPATH\CodeIgniter.php(340): CodeIgniter\CodeIgniter->handleRequest(null, Object(Config\Cache), false)
 7 FCPATH\index.php(67): CodeIgniter\CodeIgniter->run()
CRITICAL - 2022-08-24 23:50:57 --> Invalid file: actualizar_nivel.php
in SYSTEMPATH\Exceptions\FrameworkException.php on line 33.
 1 SYSTEMPATH\View\View.php(201): CodeIgniter\Exceptions\FrameworkException::forInvalidFile('actualizar_nivel.php')
 2 SYSTEMPATH\Common.php(1137): CodeIgniter\View\View->render('actualizar_nivel', [], true)
 3 APPPATH\Controllers\NivelesAcademicos.php(43): view('actualizar_nivel', [...])
 4 SYSTEMPATH\CodeIgniter.php(898): App\Controllers\NivelesAcademicos->verDatosNivel('9,0')
 5 SYSTEMPATH\CodeIgniter.php(457): CodeIgniter\CodeIgniter->runController(Object(App\Controllers\NivelesAcademicos))
 6 SYSTEMPATH\CodeIgniter.php(340): CodeIgniter\CodeIgniter->handleRequest(null, Object(Config\Cache), false)
 7 FCPATH\index.php(67): CodeIgniter\CodeIgniter->run()
CRITICAL - 2022-08-24 23:54:17 --> Invalid file: actualizar_nivel.php
in SYSTEMPATH\Exceptions\FrameworkException.php on line 33.
 1 SYSTEMPATH\View\View.php(201): CodeIgniter\Exceptions\FrameworkException::forInvalidFile('actualizar_nivel.php')
 2 SYSTEMPATH\Common.php(1137): CodeIgniter\View\View->render('actualizar_nivel', [], true)
 3 APPPATH\Controllers\NivelesAcademicos.php(43): view('actualizar_nivel', [...])
 4 SYSTEMPATH\CodeIgniter.php(898): App\Controllers\NivelesAcademicos->verDatosNivel('9,0')
 5 SYSTEMPATH\CodeIgniter.php(457): CodeIgniter\CodeIgniter->runController(Object(App\Controllers\NivelesAcademicos))
 6 SYSTEMPATH\CodeIgniter.php(340): CodeIgniter\CodeIgniter->handleRequest(null, Object(Config\Cache), false)
 7 FCPATH\index.php(67): CodeIgniter\CodeIgniter->run()
CRITICAL - 2022-08-24 23:54:20 --> Invalid file: actualizar_nivel.php
in SYSTEMPATH\Exceptions\FrameworkException.php on line 33.
 1 SYSTEMPATH\View\View.php(201): CodeIgniter\Exceptions\FrameworkException::forInvalidFile('actualizar_nivel.php')
 2 SYSTEMPATH\Common.php(1137): CodeIgniter\View\View->render('actualizar_nivel', [], true)
 3 APPPATH\Controllers\NivelesAcademicos.php(43): view('actualizar_nivel', [...])
 4 SYSTEMPATH\CodeIgniter.php(898): App\Controllers\NivelesAcademicos->verDatosNivel('9,0')
 5 SYSTEMPATH\CodeIgniter.php(457): CodeIgniter\CodeIgniter->runController(Object(App\Controllers\NivelesAcademicos))
 6 SYSTEMPATH\CodeIgniter.php(340): CodeIgniter\CodeIgniter->handleRequest(null, Object(Config\Cache), false)
 7 FCPATH\index.php(67): CodeIgniter\CodeIgniter->run()
CRITICAL - 2022-08-24 23:55:56 --> Invalid file: actualizar_nivel.php
in SYSTEMPATH\Exceptions\FrameworkException.php on line 33.
 1 SYSTEMPATH\View\View.php(201): CodeIgniter\Exceptions\FrameworkException::forInvalidFile('actualizar_nivel.php')
 2 SYSTEMPATH\Common.php(1137): CodeIgniter\View\View->render('actualizar_nivel', [], true)
 3 APPPATH\Controllers\NivelesAcademicos.php(43): view('actualizar_nivel', [...])
 4 SYSTEMPATH\CodeIgniter.php(898): App\Controllers\NivelesAcademicos->verDatosNivel('9,0')
 5 SYSTEMPATH\CodeIgniter.php(457): CodeIgniter\CodeIgniter->runController(Object(App\Controllers\NivelesAcademicos))
 6 SYSTEMPATH\CodeIgniter.php(340): CodeIgniter\CodeIgniter->handleRequest(null, Object(Config\Cache), false)
 7 FCPATH\index.php(67): CodeIgniter\CodeIgniter->run()
CRITICAL - 2022-08-24 23:55:57 --> Invalid file: actualizar_nivel.php
in SYSTEMPATH\Exceptions\FrameworkException.php on line 33.
 1 SYSTEMPATH\View\View.php(201): CodeIgniter\Exceptions\FrameworkException::forInvalidFile('actualizar_nivel.php')
 2 SYSTEMPATH\Common.php(1137): CodeIgniter\View\View->render('actualizar_nivel', [], true)
 3 APPPATH\Controllers\NivelesAcademicos.php(43): view('actualizar_nivel', [...])
 4 SYSTEMPATH\CodeIgniter.php(898): App\Controllers\NivelesAcademicos->verDatosNivel('9,0')
 5 SYSTEMPATH\CodeIgniter.php(457): CodeIgniter\CodeIgniter->runController(Object(App\Controllers\NivelesAcademicos))
 6 SYSTEMPATH\CodeIgniter.php(340): CodeIgniter\CodeIgniter->handleRequest(null, Object(Config\Cache), false)
 7 FCPATH\index.php(67): CodeIgniter\CodeIgniter->run()
CRITICAL - 2022-08-24 23:56:29 --> Invalid file: actualizar_nivel.php
in SYSTEMPATH\Exceptions\FrameworkException.php on line 33.
 1 SYSTEMPATH\View\View.php(201): CodeIgniter\Exceptions\FrameworkException::forInvalidFile('actualizar_nivel.php')
 2 SYSTEMPATH\Common.php(1137): CodeIgniter\View\View->render('actualizar_nivel', [], true)
 3 APPPATH\Controllers\NivelesAcademicos.php(43): view('actualizar_nivel', [...])
 4 SYSTEMPATH\CodeIgniter.php(898): App\Controllers\NivelesAcademicos->verDatosNivel('9,0')
 5 SYSTEMPATH\CodeIgniter.php(457): CodeIgniter\CodeIgniter->runController(Object(App\Controllers\NivelesAcademicos))
 6 SYSTEMPATH\CodeIgniter.php(340): CodeIgniter\CodeIgniter->handleRequest(null, Object(Config\Cache), false)
 7 FCPATH\index.php(67): CodeIgniter\CodeIgniter->run()
CRITICAL - 2022-08-24 23:56:35 --> Invalid file: actualizar_nivel.php
in SYSTEMPATH\Exceptions\FrameworkException.php on line 33.
 1 SYSTEMPATH\View\View.php(201): CodeIgniter\Exceptions\FrameworkException::forInvalidFile('actualizar_nivel.php')
 2 SYSTEMPATH\Common.php(1137): CodeIgniter\View\View->render('actualizar_nivel', [], true)
 3 APPPATH\Controllers\NivelesAcademicos.php(43): view('actualizar_nivel', [...])
 4 SYSTEMPATH\CodeIgniter.php(898): App\Controllers\NivelesAcademicos->verDatosNivel('9,0')
 5 SYSTEMPATH\CodeIgniter.php(457): CodeIgniter\CodeIgniter->runController(Object(App\Controllers\NivelesAcademicos))
 6 SYSTEMPATH\CodeIgniter.php(340): CodeIgniter\CodeIgniter->handleRequest(null, Object(Config\Cache), false)
 7 FCPATH\index.php(67): CodeIgniter\CodeIgniter->run()
CRITICAL - 2022-08-24 23:56:39 --> Invalid file: actualizar_nivel.php
in SYSTEMPATH\Exceptions\FrameworkException.php on line 33.
 1 SYSTEMPATH\View\View.php(201): CodeIgniter\Exceptions\FrameworkException::forInvalidFile('actualizar_nivel.php')
 2 SYSTEMPATH\Common.php(1137): CodeIgniter\View\View->render('actualizar_nivel', [], true)
 3 APPPATH\Controllers\NivelesAcademicos.php(43): view('actualizar_nivel', [...])
 4 SYSTEMPATH\CodeIgniter.php(898): App\Controllers\NivelesAcademicos->verDatosNivel('0,0')
 5 SYSTEMPATH\CodeIgniter.php(457): CodeIgniter\CodeIgniter->runController(Object(App\Controllers\NivelesAcademicos))
 6 SYSTEMPATH\CodeIgniter.php(340): CodeIgniter\CodeIgniter->handleRequest(null, Object(Config\Cache), false)
 7 FCPATH\index.php(67): CodeIgniter\CodeIgniter->run()
CRITICAL - 2022-08-24 23:59:01 --> Invalid file: actualizar_nivel.php
in SYSTEMPATH\Exceptions\FrameworkException.php on line 33.
 1 SYSTEMPATH\View\View.php(201): CodeIgniter\Exceptions\FrameworkException::forInvalidFile('actualizar_nivel.php')
 2 SYSTEMPATH\Common.php(1137): CodeIgniter\View\View->render('actualizar_nivel', [], true)
 3 APPPATH\Controllers\NivelesAcademicos.php(43): view('actualizar_nivel', [...])
 4 SYSTEMPATH\CodeIgniter.php(898): App\Controllers\NivelesAcademicos->verDatosNivel('9,0')
 5 SYSTEMPATH\CodeIgniter.php(457): CodeIgniter\CodeIgniter->runController(Object(App\Controllers\NivelesAcademicos))
 6 SYSTEMPATH\CodeIgniter.php(340): CodeIgniter\CodeIgniter->handleRequest(null, Object(Config\Cache), false)
 7 FCPATH\index.php(67): CodeIgniter\CodeIgniter->run()
ERROR - 2022-08-24 23:59:03 --> mysqli_sql_exception: Duplicate entry '9' for key 'PRIMARY' in C:\xampp\htdocs\ejemplo_codeigniter4\system\Database\MySQLi\Connection.php:292
Stack trace:
#0 C:\xampp\htdocs\ejemplo_codeigniter4\system\Database\MySQLi\Connection.php(292): mysqli->query('INSERT INTO `ni...', 0)
#1 C:\xampp\htdocs\ejemplo_codeigniter4\system\Database\BaseConnection.php(693): CodeIgniter\Database\MySQLi\Connection->execute('INSERT INTO `ni...')
#2 C:\xampp\htdocs\ejemplo_codeigniter4\system\Database\BaseConnection.php(620): CodeIgniter\Database\BaseConnection->simpleQuery('INSERT INTO `ni...')
#3 C:\xampp\htdocs\ejemplo_codeigniter4\system\Database\BaseBuilder.php(1916): CodeIgniter\Database\BaseConnection->query('INSERT INTO `ni...', Array, false)
#4 C:\xampp\htdocs\ejemplo_codeigniter4\system\Model.php(278): CodeIgniter\Database\BaseBuilder->insert()
#5 C:\xampp\htdocs\ejemplo_codeigniter4\system\BaseModel.php(738): CodeIgniter\Model->doInsert(Array)
#6 C:\xampp\htdocs\ejemplo_codeigniter4\system\Model.php(666): CodeIgniter\BaseModel->insert(Array, true)
#7 C:\xampp\htdocs\ejemplo_codeigniter4\app\Controllers\NivelesAcademicos.php(23): CodeIgniter\Model->insert(Array)
#8 C:\xampp\htdocs\ejemplo_codeigniter4\system\CodeIgniter.php(898): App\Controllers\NivelesAcademicos->agregarNivel()
#9 C:\xampp\htdocs\ejemplo_codeigniter4\system\CodeIgniter.php(457): CodeIgniter\CodeIgniter->runController(Object(App\Controllers\NivelesAcademicos))
#10 C:\xampp\htdocs\ejemplo_codeigniter4\system\CodeIgniter.php(340): CodeIgniter\CodeIgniter->handleRequest(NULL, Object(Config\Cache), false)
#11 C:\xampp\htdocs\ejemplo_codeigniter4\public\index.php(67): CodeIgniter\CodeIgniter->run()
#12 {main}
CRITICAL - 2022-08-24 23:59:41 --> Invalid file: actualizar_nivel.php
in SYSTEMPATH\Exceptions\FrameworkException.php on line 33.
 1 SYSTEMPATH\View\View.php(201): CodeIgniter\Exceptions\FrameworkException::forInvalidFile('actualizar_nivel.php')
 2 SYSTEMPATH\Common.php(1137): CodeIgniter\View\View->render('actualizar_nivel', [], true)
 3 APPPATH\Controllers\NivelesAcademicos.php(43): view('actualizar_nivel', [...])
 4 SYSTEMPATH\CodeIgniter.php(898): App\Controllers\NivelesAcademicos->verDatosNivel('0,0')
 5 SYSTEMPATH\CodeIgniter.php(457): CodeIgniter\CodeIgniter->runController(Object(App\Controllers\NivelesAcademicos))
 6 SYSTEMPATH\CodeIgniter.php(340): CodeIgniter\CodeIgniter->handleRequest(null, Object(Config\Cache), false)
 7 FCPATH\index.php(67): CodeIgniter\CodeIgniter->run()
