CRITICAL - 2022-11-04 12:32:36 --> syntax error, unexpected token "<<", expecting end of file
in APPPATH\Config\Routes.php on line 104.
 1 SYSTEMPATH\CodeIgniter.php(406): CodeIgniter\CodeIgniter->tryToRouteIt(null)
 2 SYSTEMPATH\CodeIgniter.php(340): CodeIgniter\CodeIgniter->handleRequest(null, Object(Config\Cache), false)
 3 FCPATH\index.php(67): CodeIgniter\CodeIgniter->run()
CRITICAL - 2022-11-04 12:33:29 --> syntax error, unexpected token "===", expecting end of file
in APPPATH\Config\Routes.php on line 116.
 1 SYSTEMPATH\CodeIgniter.php(406): CodeIgniter\CodeIgniter->tryToRouteIt(null)
 2 SYSTEMPATH\CodeIgniter.php(340): CodeIgniter\CodeIgniter->handleRequest(null, Object(Config\Cache), false)
 3 FCPATH\index.php(67): CodeIgniter\CodeIgniter->run()
ERROR - 2022-11-04 12:38:03 --> mysqli_sql_exception: Cannot delete or update a parent row: a foreign key constraint fails (`proyecto_final_pp_2022`.`detalles_pedidos`, CONSTRAINT `detalles_pedidos_ibfk_3` FOREIGN KEY (`id_platillo`) REFERENCES `platos` (`id_platillo`) ON UPDATE CASCADE) in C:\xampp\htdocs\ProyectoFinal\system\Database\MySQLi\Connection.php:292
Stack trace:
#0 C:\xampp\htdocs\ProyectoFinal\system\Database\MySQLi\Connection.php(292): mysqli->query('DELETE FROM `pl...', 0)
#1 C:\xampp\htdocs\ProyectoFinal\system\Database\BaseConnection.php(693): CodeIgniter\Database\MySQLi\Connection->execute('DELETE FROM `pl...')
#2 C:\xampp\htdocs\ProyectoFinal\system\Database\BaseConnection.php(620): CodeIgniter\Database\BaseConnection->simpleQuery('DELETE FROM `pl...')
#3 C:\xampp\htdocs\ProyectoFinal\system\Database\BaseBuilder.php(2390): CodeIgniter\Database\BaseConnection->query('DELETE FROM `pl...', Array, false)
#4 C:\xampp\htdocs\ProyectoFinal\system\Model.php(400): CodeIgniter\Database\BaseBuilder->delete()
#5 C:\xampp\htdocs\ProyectoFinal\system\BaseModel.php(963): CodeIgniter\Model->doDelete(Array, false)
#6 C:\xampp\htdocs\ProyectoFinal\app\Controllers\Platos.php(29): CodeIgniter\BaseModel->delete(Array)
#7 C:\xampp\htdocs\ProyectoFinal\system\CodeIgniter.php(898): App\Controllers\Platos->eliminarPlatos('4,0')
#8 C:\xampp\htdocs\ProyectoFinal\system\CodeIgniter.php(457): CodeIgniter\CodeIgniter->runController(Object(App\Controllers\Platos))
#9 C:\xampp\htdocs\ProyectoFinal\system\CodeIgniter.php(340): CodeIgniter\CodeIgniter->handleRequest(NULL, Object(Config\Cache), false)
#10 C:\xampp\htdocs\ProyectoFinal\public\index.php(67): CodeIgniter\CodeIgniter->run()
#11 {main}
ERROR - 2022-11-04 12:38:06 --> mysqli_sql_exception: Cannot delete or update a parent row: a foreign key constraint fails (`proyecto_final_pp_2022`.`detalles_pedidos`, CONSTRAINT `detalles_pedidos_ibfk_3` FOREIGN KEY (`id_platillo`) REFERENCES `platos` (`id_platillo`) ON UPDATE CASCADE) in C:\xampp\htdocs\ProyectoFinal\system\Database\MySQLi\Connection.php:292
Stack trace:
#0 C:\xampp\htdocs\ProyectoFinal\system\Database\MySQLi\Connection.php(292): mysqli->query('DELETE FROM `pl...', 0)
#1 C:\xampp\htdocs\ProyectoFinal\system\Database\BaseConnection.php(693): CodeIgniter\Database\MySQLi\Connection->execute('DELETE FROM `pl...')
#2 C:\xampp\htdocs\ProyectoFinal\system\Database\BaseConnection.php(620): CodeIgniter\Database\BaseConnection->simpleQuery('DELETE FROM `pl...')
#3 C:\xampp\htdocs\ProyectoFinal\system\Database\BaseBuilder.php(2390): CodeIgniter\Database\BaseConnection->query('DELETE FROM `pl...', Array, false)
#4 C:\xampp\htdocs\ProyectoFinal\system\Model.php(400): CodeIgniter\Database\BaseBuilder->delete()
#5 C:\xampp\htdocs\ProyectoFinal\system\BaseModel.php(963): CodeIgniter\Model->doDelete(Array, false)
#6 C:\xampp\htdocs\ProyectoFinal\app\Controllers\Platos.php(29): CodeIgniter\BaseModel->delete(Array)
#7 C:\xampp\htdocs\ProyectoFinal\system\CodeIgniter.php(898): App\Controllers\Platos->eliminarPlatos('4,0')
#8 C:\xampp\htdocs\ProyectoFinal\system\CodeIgniter.php(457): CodeIgniter\CodeIgniter->runController(Object(App\Controllers\Platos))
#9 C:\xampp\htdocs\ProyectoFinal\system\CodeIgniter.php(340): CodeIgniter\CodeIgniter->handleRequest(NULL, Object(Config\Cache), false)
#10 C:\xampp\htdocs\ProyectoFinal\public\index.php(67): CodeIgniter\CodeIgniter->run()
#11 {main}
ERROR - 2022-11-04 12:38:29 --> mysqli_sql_exception: Cannot delete or update a parent row: a foreign key constraint fails (`proyecto_final_pp_2022`.`detalles_pedidos`, CONSTRAINT `detalles_pedidos_ibfk_3` FOREIGN KEY (`id_platillo`) REFERENCES `platos` (`id_platillo`) ON UPDATE CASCADE) in C:\xampp\htdocs\ProyectoFinal\system\Database\MySQLi\Connection.php:292
Stack trace:
#0 C:\xampp\htdocs\ProyectoFinal\system\Database\MySQLi\Connection.php(292): mysqli->query('DELETE FROM `pl...', 0)
#1 C:\xampp\htdocs\ProyectoFinal\system\Database\BaseConnection.php(693): CodeIgniter\Database\MySQLi\Connection->execute('DELETE FROM `pl...')
#2 C:\xampp\htdocs\ProyectoFinal\system\Database\BaseConnection.php(620): CodeIgniter\Database\BaseConnection->simpleQuery('DELETE FROM `pl...')
#3 C:\xampp\htdocs\ProyectoFinal\system\Database\BaseBuilder.php(2390): CodeIgniter\Database\BaseConnection->query('DELETE FROM `pl...', Array, false)
#4 C:\xampp\htdocs\ProyectoFinal\system\Model.php(400): CodeIgniter\Database\BaseBuilder->delete()
#5 C:\xampp\htdocs\ProyectoFinal\system\BaseModel.php(963): CodeIgniter\Model->doDelete(Array, false)
#6 C:\xampp\htdocs\ProyectoFinal\app\Controllers\Platos.php(29): CodeIgniter\BaseModel->delete(Array)
#7 C:\xampp\htdocs\ProyectoFinal\system\CodeIgniter.php(898): App\Controllers\Platos->eliminarPlatos('4,0')
#8 C:\xampp\htdocs\ProyectoFinal\system\CodeIgniter.php(457): CodeIgniter\CodeIgniter->runController(Object(App\Controllers\Platos))
#9 C:\xampp\htdocs\ProyectoFinal\system\CodeIgniter.php(340): CodeIgniter\CodeIgniter->handleRequest(NULL, Object(Config\Cache), false)
#10 C:\xampp\htdocs\ProyectoFinal\public\index.php(67): CodeIgniter\CodeIgniter->run()
#11 {main}
ERROR - 2022-11-04 12:38:42 --> mysqli_sql_exception: Cannot delete or update a parent row: a foreign key constraint fails (`proyecto_final_pp_2022`.`detalles_pedidos`, CONSTRAINT `detalles_pedidos_ibfk_3` FOREIGN KEY (`id_platillo`) REFERENCES `platos` (`id_platillo`) ON UPDATE CASCADE) in C:\xampp\htdocs\ProyectoFinal\system\Database\MySQLi\Connection.php:292
Stack trace:
#0 C:\xampp\htdocs\ProyectoFinal\system\Database\MySQLi\Connection.php(292): mysqli->query('DELETE FROM `pl...', 0)
#1 C:\xampp\htdocs\ProyectoFinal\system\Database\BaseConnection.php(693): CodeIgniter\Database\MySQLi\Connection->execute('DELETE FROM `pl...')
#2 C:\xampp\htdocs\ProyectoFinal\system\Database\BaseConnection.php(620): CodeIgniter\Database\BaseConnection->simpleQuery('DELETE FROM `pl...')
#3 C:\xampp\htdocs\ProyectoFinal\system\Database\BaseBuilder.php(2390): CodeIgniter\Database\BaseConnection->query('DELETE FROM `pl...', Array, false)
#4 C:\xampp\htdocs\ProyectoFinal\system\Model.php(400): CodeIgniter\Database\BaseBuilder->delete()
#5 C:\xampp\htdocs\ProyectoFinal\system\BaseModel.php(963): CodeIgniter\Model->doDelete(Array, false)
#6 C:\xampp\htdocs\ProyectoFinal\app\Controllers\Platos.php(29): CodeIgniter\BaseModel->delete(Array)
#7 C:\xampp\htdocs\ProyectoFinal\system\CodeIgniter.php(898): App\Controllers\Platos->eliminarPlatos('4,0')
#8 C:\xampp\htdocs\ProyectoFinal\system\CodeIgniter.php(457): CodeIgniter\CodeIgniter->runController(Object(App\Controllers\Platos))
#9 C:\xampp\htdocs\ProyectoFinal\system\CodeIgniter.php(340): CodeIgniter\CodeIgniter->handleRequest(NULL, Object(Config\Cache), false)
#10 C:\xampp\htdocs\ProyectoFinal\public\index.php(67): CodeIgniter\CodeIgniter->run()
#11 {main}
